[0.023s] Invoking command in '/home/quandz/quantest_ws/build/my_robot_description': CMAKE_PREFIX_PATH=${CMAKE_PREFIX_PATH}:/home/quandz/ros2_ws/install/quandeptrai:/opt/ros/humble /usr/bin/cmake --build /home/quandz/quantest_ws/build/my_robot_description -- -j16 -l16
[0.148s] Invoked command in '/home/quandz/quantest_ws/build/my_robot_description' returned '0': CMAKE_PREFIX_PATH=${CMAKE_PREFIX_PATH}:/home/quandz/ros2_ws/install/quandeptrai:/opt/ros/humble /usr/bin/cmake --build /home/quandz/quantest_ws/build/my_robot_description -- -j16 -l16
[0.162s] Invoking command in '/home/quandz/quantest_ws/build/my_robot_description': CMAKE_PREFIX_PATH=${CMAKE_PREFIX_PATH}:/home/quandz/ros2_ws/install/quandeptrai:/opt/ros/humble /usr/bin/cmake --install /home/quandz/quantest_ws/build/my_robot_description
[0.170s] -- Install configuration: ""
[0.172s] -- Execute custom install script
[0.172s] -- Up-to-date symlink: /home/quandz/quantest_ws/install/my_robot_description/share/my_robot_description//urdf/common_properties.xacro
[0.173s] -- Up-to-date symlink: /home/quandz/quantest_ws/install/my_robot_description/share/my_robot_description//urdf/gazebo_control.xacro
[0.173s] -- Up-to-date symlink: /home/quandz/quantest_ws/install/my_robot_description/share/my_robot_description//urdf/lidar.xacro
[0.173s] -- Up-to-date symlink: /home/quandz/quantest_ws/install/my_robot_description/share/my_robot_description//urdf/mobile_base.xacro
[0.173s] -- Up-to-date symlink: /home/quandz/quantest_ws/install/my_robot_description/share/my_robot_description//urdf/mobile_base_gazebo.xacro
[0.174s] -- Up-to-date symlink: /home/quandz/quantest_ws/install/my_robot_description/share/my_robot_description//urdf/my_robot.urdf.xacro
[0.174s] -- Up-to-date symlink: /home/quandz/quantest_ws/install/my_robot_description/share/my_robot_description//urdf/ros2_control.xacro
[0.174s] -- Up-to-date symlink: /home/quandz/quantest_ws/install/my_robot_description/share/my_robot_description//launch/display.launch.py
[0.174s] -- Up-to-date symlink: /home/quandz/quantest_ws/install/my_robot_description/share/my_robot_description//launch/display.launch.xml
[0.174s] -- Up-to-date symlink: /home/quandz/quantest_ws/install/my_robot_description/share/my_robot_description//rviz/urdf_config.rviz
[0.174s] -- Up-to-date symlink: /home/quandz/quantest_ws/install/my_robot_description/share/ament_index/resource_index/package_run_dependencies/my_robot_description
[0.175s] -- Up-to-date symlink: /home/quandz/quantest_ws/install/my_robot_description/share/ament_index/resource_index/parent_prefix_path/my_robot_description
[0.175s] -- Up-to-date symlink: /home/quandz/quantest_ws/install/my_robot_description/share/my_robot_description/environment/ament_prefix_path.sh
[0.175s] -- Up-to-date symlink: /home/quandz/quantest_ws/install/my_robot_description/share/my_robot_description/environment/ament_prefix_path.dsv
[0.175s] -- Up-to-date symlink: /home/quandz/quantest_ws/install/my_robot_description/share/my_robot_description/environment/path.sh
[0.175s] -- Up-to-date symlink: /home/quandz/quantest_ws/install/my_robot_description/share/my_robot_description/environment/path.dsv
[0.176s] -- Up-to-date symlink: /home/quandz/quantest_ws/install/my_robot_description/share/my_robot_description/local_setup.bash
[0.176s] -- Up-to-date symlink: /home/quandz/quantest_ws/install/my_robot_description/share/my_robot_description/local_setup.sh
[0.176s] -- Up-to-date symlink: /home/quandz/quantest_ws/install/my_robot_description/share/my_robot_description/local_setup.zsh
[0.176s] -- Up-to-date symlink: /home/quandz/quantest_ws/install/my_robot_description/share/my_robot_description/local_setup.dsv
[0.177s] -- Symlinking: /home/quandz/quantest_ws/install/my_robot_description/share/my_robot_description/package.dsv
[0.190s] -- Up-to-date symlink: /home/quandz/quantest_ws/install/my_robot_description/share/ament_index/resource_index/packages/my_robot_description
[0.190s] -- Up-to-date symlink: /home/quandz/quantest_ws/install/my_robot_description/share/my_robot_description/cmake/my_robot_descriptionConfig.cmake
[0.191s] -- Up-to-date symlink: /home/quandz/quantest_ws/install/my_robot_description/share/my_robot_description/cmake/my_robot_descriptionConfig-version.cmake
[0.191s] -- Up-to-date symlink: /home/quandz/quantest_ws/install/my_robot_description/share/my_robot_description/package.xml
[0.194s] Invoked command in '/home/quandz/quantest_ws/build/my_robot_description' returned '0': CMAKE_PREFIX_PATH=${CMAKE_PREFIX_PATH}:/home/quandz/ros2_ws/install/quandeptrai:/opt/ros/humble /usr/bin/cmake --install /home/quandz/quantest_ws/build/my_robot_description
