[0.018s] Invoking command in '/home/quandz/quantest_ws/build/my_robot_description': CMAKE_PREFIX_PATH=${CMAKE_PREFIX_PATH}:/home/quandz/ros2_ws/install/quandeptrai:/opt/ros/humble /usr/bin/cmake /home/quandz/quantest_ws/src/old_gazebo_code/my_robot_description -DCMAKE_INSTALL_PREFIX=/home/quandz/quantest_ws/install/my_robot_description
[0.259s] -- The C compiler identification is GNU 11.4.0
[0.625s] -- The CXX compiler identification is GNU 11.4.0
[0.842s] -- Detecting C compiler ABI info
[0.980s] -- Detecting C compiler ABI info - done
[0.985s] -- Check for working C compiler: /usr/bin/cc - skipped
[0.986s] -- Detecting C compile features
[0.987s] -- Detecting C compile features - done
[0.990s] -- Detecting CXX compiler ABI info
[1.127s] -- Detecting CXX compiler ABI info - done
[1.133s] -- Check for working CXX compiler: /usr/bin/c++ - skipped
[1.133s] -- Detecting CXX compile features
[1.134s] -- Detecting CXX compile features - done
[1.144s] -- Found ament_cmake: 1.3.12 (/opt/ros/humble/share/ament_cmake/cmake)
[1.292s] -- Found Python3: /usr/bin/python3 (found version "3.10.12") found components: Interpreter 
[1.475s] -- Configuring done
[1.482s] -- Generating done
[1.484s] -- Build files have been written to: /home/quandz/quantest_ws/build/my_robot_description
[1.490s] Invoked command in '/home/quandz/quantest_ws/build/my_robot_description' returned '0': CMAKE_PREFIX_PATH=${CMAKE_PREFIX_PATH}:/home/quandz/ros2_ws/install/quandeptrai:/opt/ros/humble /usr/bin/cmake /home/quandz/quantest_ws/src/old_gazebo_code/my_robot_description -DCMAKE_INSTALL_PREFIX=/home/quandz/quantest_ws/install/my_robot_description
[1.492s] Invoking command in '/home/quandz/quantest_ws/build/my_robot_description': CMAKE_PREFIX_PATH=${CMAKE_PREFIX_PATH}:/home/quandz/ros2_ws/install/quandeptrai:/opt/ros/humble /usr/bin/cmake --build /home/quandz/quantest_ws/build/my_robot_description -- -j16 -l16
[1.536s] Invoked command in '/home/quandz/quantest_ws/build/my_robot_description' returned '0': CMAKE_PREFIX_PATH=${CMAKE_PREFIX_PATH}:/home/quandz/ros2_ws/install/quandeptrai:/opt/ros/humble /usr/bin/cmake --build /home/quandz/quantest_ws/build/my_robot_description -- -j16 -l16
[1.548s] Invoking command in '/home/quandz/quantest_ws/build/my_robot_description': CMAKE_PREFIX_PATH=${CMAKE_PREFIX_PATH}:/home/quandz/ros2_ws/install/quandeptrai:/opt/ros/humble /usr/bin/cmake --install /home/quandz/quantest_ws/build/my_robot_description
[1.556s] -- Install configuration: ""
[1.556s] -- Installing: /home/quandz/quantest_ws/install/my_robot_description/share/my_robot_description//urdf
[1.558s] -- Installing: /home/quandz/quantest_ws/install/my_robot_description/share/my_robot_description//urdf/my_robot.urdf.xacro
[1.558s] -- Installing: /home/quandz/quantest_ws/install/my_robot_description/share/my_robot_description//urdf/common_properties.xacro
[1.559s] -- Installing: /home/quandz/quantest_ws/install/my_robot_description/share/my_robot_description//urdf/lidar.xacro
[1.559s] -- Installing: /home/quandz/quantest_ws/install/my_robot_description/share/my_robot_description//urdf/mobile_base.xacro
[1.559s] -- Installing: /home/quandz/quantest_ws/install/my_robot_description/share/my_robot_description//urdf/mobile_base_gazebo.xacro
[1.560s] -- Installing: /home/quandz/quantest_ws/install/my_robot_description/share/my_robot_description//urdf/gazebo_control.xacro
[1.560s] -- Installing: /home/quandz/quantest_ws/install/my_robot_description/share/my_robot_description//launch
[1.561s] -- Installing: /home/quandz/quantest_ws/install/my_robot_description/share/my_robot_description//launch/display.launch.py
[1.561s] -- Installing: /home/quandz/quantest_ws/install/my_robot_description/share/my_robot_description//launch/display.launch.xml
[1.562s] -- Installing: /home/quandz/quantest_ws/install/my_robot_description/share/my_robot_description//rviz
[1.563s] -- Installing: /home/quandz/quantest_ws/install/my_robot_description/share/my_robot_description//rviz/urdf_config.rviz
[1.565s] -- Installing: /home/quandz/quantest_ws/install/my_robot_description/share/ament_index/resource_index/package_run_dependencies/my_robot_description
[1.565s] -- Installing: /home/quandz/quantest_ws/install/my_robot_description/share/ament_index/resource_index/parent_prefix_path/my_robot_description
[1.566s] -- Installing: /home/quandz/quantest_ws/install/my_robot_description/share/my_robot_description/environment/ament_prefix_path.sh
[1.566s] -- Installing: /home/quandz/quantest_ws/install/my_robot_description/share/my_robot_description/environment/ament_prefix_path.dsv
[1.566s] -- Installing: /home/quandz/quantest_ws/install/my_robot_description/share/my_robot_description/environment/path.sh
[1.567s] -- Installing: /home/quandz/quantest_ws/install/my_robot_description/share/my_robot_description/environment/path.dsv
[1.567s] -- Installing: /home/quandz/quantest_ws/install/my_robot_description/share/my_robot_description/local_setup.bash
[1.567s] -- Installing: /home/quandz/quantest_ws/install/my_robot_description/share/my_robot_description/local_setup.sh
[1.567s] -- Installing: /home/quandz/quantest_ws/install/my_robot_description/share/my_robot_description/local_setup.zsh
[1.568s] -- Installing: /home/quandz/quantest_ws/install/my_robot_description/share/my_robot_description/local_setup.dsv
[1.568s] -- Installing: /home/quandz/quantest_ws/install/my_robot_description/share/my_robot_description/package.dsv
[1.569s] -- Installing: /home/quandz/quantest_ws/install/my_robot_description/share/ament_index/resource_index/packages/my_robot_description
[1.570s] -- Installing: /home/quandz/quantest_ws/install/my_robot_description/share/my_robot_description/cmake/my_robot_descriptionConfig.cmake
[1.570s] -- Installing: /home/quandz/quantest_ws/install/my_robot_description/share/my_robot_description/cmake/my_robot_descriptionConfig-version.cmake
[1.570s] -- Installing: /home/quandz/quantest_ws/install/my_robot_description/share/my_robot_description/package.xml
[1.573s] Invoked command in '/home/quandz/quantest_ws/build/my_robot_description' returned '0': CMAKE_PREFIX_PATH=${CMAKE_PREFIX_PATH}:/home/quandz/ros2_ws/install/quandeptrai:/opt/ros/humble /usr/bin/cmake --install /home/quandz/quantest_ws/build/my_robot_description
