[0.249s] DEBUG:colcon:Command line arguments: ['/usr/bin/colcon', 'build', '--symlink-install']
[0.249s] DEBUG:colcon:Parsed command line arguments: Namespace(log_base=None, log_level=None, verb_name='build', build_base='build', install_base='install', merge_install=False, symlink_install=True, test_result_base=None, continue_on_error=False, executor='parallel', parallel_workers=16, event_handlers=None, ignore_user_meta=False, metas=['./colcon.meta'], base_paths=['.'], packages_ignore=None, packages_ignore_regex=None, paths=None, packages_up_to=None, packages_up_to_regex=None, packages_above=None, packages_above_and_dependencies=None, packages_above_depth=None, packages_select_by_dep=None, packages_skip_by_dep=None, packages_skip_up_to=None, packages_select_build_failed=False, packages_skip_build_finished=False, packages_select_test_failures=False, packages_skip_test_passed=False, packages_select=None, packages_skip=None, packages_select_regex=None, packages_skip_regex=None, packages_start=None, packages_end=None, allow_overriding=[], cmake_args=None, cmake_target=None, cmake_target_skip_unavailable=False, cmake_clean_cache=False, cmake_clean_first=False, cmake_force_configure=False, ament_cmake_args=None, catkin_cmake_args=None, catkin_skip_building_tests=False, mixin_files=None, mixin=None, verb_parser=<colcon_mixin.mixin.mixin_argument.MixinArgumentDecorator object at 0x7ad71bb0e6b0>, verb_extension=<colcon_core.verb.build.BuildVerb object at 0x7ad71bc275b0>, main=<bound method BuildVerb.main of <colcon_core.verb.build.BuildVerb object at 0x7ad71bc275b0>>, mixin_verb=('build',))
[18.532s] Level 1:colcon.colcon_core.package_discovery:discover_packages(colcon_meta) check parameters
[18.532s] Level 1:colcon.colcon_core.package_discovery:discover_packages(recursive) check parameters
[18.532s] Level 1:colcon.colcon_core.package_discovery:discover_packages(ignore) check parameters
[18.532s] Level 1:colcon.colcon_core.package_discovery:discover_packages(path) check parameters
[18.532s] Level 1:colcon.colcon_core.package_discovery:discover_packages(colcon_meta) discover
[18.532s] Level 1:colcon.colcon_core.package_discovery:discover_packages(recursive) discover
[18.532s] INFO:colcon.colcon_core.package_discovery:Crawling recursively for packages in '/home/quanzz/quandeptrai'
[18.532s] Level 1:colcon.colcon_core.package_identification:_identify(.) by extensions ['ignore', 'ignore_ament_install']
[18.532s] Level 1:colcon.colcon_core.package_identification:_identify(.) by extension 'ignore'
[18.533s] Level 1:colcon.colcon_core.package_identification:_identify(.) by extension 'ignore_ament_install'
[18.533s] Level 1:colcon.colcon_core.package_identification:_identify(.) by extensions ['colcon_pkg']
[18.533s] Level 1:colcon.colcon_core.package_identification:_identify(.) by extension 'colcon_pkg'
[18.533s] Level 1:colcon.colcon_core.package_identification:_identify(.) by extensions ['colcon_meta']
[18.533s] Level 1:colcon.colcon_core.package_identification:_identify(.) by extension 'colcon_meta'
[18.533s] Level 1:colcon.colcon_core.package_identification:_identify(.) by extensions ['ros']
[18.533s] Level 1:colcon.colcon_core.package_identification:_identify(.) by extension 'ros'
[18.544s] Level 1:colcon.colcon_core.package_identification:_identify(.) by extensions ['cmake', 'python']
[18.544s] Level 1:colcon.colcon_core.package_identification:_identify(.) by extension 'cmake'
[18.544s] Level 1:colcon.colcon_core.package_identification:_identify(.) by extension 'python'
[18.544s] Level 1:colcon.colcon_core.package_identification:_identify(.) by extensions ['python_setup_py']
[18.544s] Level 1:colcon.colcon_core.package_identification:_identify(.) by extension 'python_setup_py'
[18.545s] Level 1:colcon.colcon_core.package_identification:_identify(build) by extensions ['ignore', 'ignore_ament_install']
[18.545s] Level 1:colcon.colcon_core.package_identification:_identify(build) by extension 'ignore'
[18.545s] Level 1:colcon.colcon_core.package_identification:_identify(build) ignored
[18.545s] Level 1:colcon.colcon_core.package_identification:_identify(install) by extensions ['ignore', 'ignore_ament_install']
[18.545s] Level 1:colcon.colcon_core.package_identification:_identify(install) by extension 'ignore'
[18.545s] Level 1:colcon.colcon_core.package_identification:_identify(install) ignored
[18.545s] Level 1:colcon.colcon_core.package_identification:_identify(log) by extensions ['ignore', 'ignore_ament_install']
[18.545s] Level 1:colcon.colcon_core.package_identification:_identify(log) by extension 'ignore'
[18.545s] Level 1:colcon.colcon_core.package_identification:_identify(log) ignored
[18.545s] Level 1:colcon.colcon_core.package_identification:_identify(src) by extensions ['ignore', 'ignore_ament_install']
[18.545s] Level 1:colcon.colcon_core.package_identification:_identify(src) by extension 'ignore'
[18.546s] Level 1:colcon.colcon_core.package_identification:_identify(src) by extension 'ignore_ament_install'
[18.546s] Level 1:colcon.colcon_core.package_identification:_identify(src) by extensions ['colcon_pkg']
[18.546s] Level 1:colcon.colcon_core.package_identification:_identify(src) by extension 'colcon_pkg'
[18.546s] Level 1:colcon.colcon_core.package_identification:_identify(src) by extensions ['colcon_meta']
[18.546s] Level 1:colcon.colcon_core.package_identification:_identify(src) by extension 'colcon_meta'
[18.546s] Level 1:colcon.colcon_core.package_identification:_identify(src) by extensions ['ros']
[18.546s] Level 1:colcon.colcon_core.package_identification:_identify(src) by extension 'ros'
[18.546s] Level 1:colcon.colcon_core.package_identification:_identify(src) by extensions ['cmake', 'python']
[18.546s] Level 1:colcon.colcon_core.package_identification:_identify(src) by extension 'cmake'
[18.546s] Level 1:colcon.colcon_core.package_identification:_identify(src) by extension 'python'
[18.546s] Level 1:colcon.colcon_core.package_identification:_identify(src) by extensions ['python_setup_py']
[18.546s] Level 1:colcon.colcon_core.package_identification:_identify(src) by extension 'python_setup_py'
[18.546s] Level 1:colcon.colcon_core.package_identification:_identify(src/old_gazebo_code) by extensions ['ignore', 'ignore_ament_install']
[18.546s] Level 1:colcon.colcon_core.package_identification:_identify(src/old_gazebo_code) by extension 'ignore'
[18.546s] Level 1:colcon.colcon_core.package_identification:_identify(src/old_gazebo_code) by extension 'ignore_ament_install'
[18.546s] Level 1:colcon.colcon_core.package_identification:_identify(src/old_gazebo_code) by extensions ['colcon_pkg']
[18.546s] Level 1:colcon.colcon_core.package_identification:_identify(src/old_gazebo_code) by extension 'colcon_pkg'
[18.546s] Level 1:colcon.colcon_core.package_identification:_identify(src/old_gazebo_code) by extensions ['colcon_meta']
[18.546s] Level 1:colcon.colcon_core.package_identification:_identify(src/old_gazebo_code) by extension 'colcon_meta'
[18.546s] Level 1:colcon.colcon_core.package_identification:_identify(src/old_gazebo_code) by extensions ['ros']
[18.547s] Level 1:colcon.colcon_core.package_identification:_identify(src/old_gazebo_code) by extension 'ros'
[18.547s] Level 1:colcon.colcon_core.package_identification:_identify(src/old_gazebo_code) by extensions ['cmake', 'python']
[18.547s] Level 1:colcon.colcon_core.package_identification:_identify(src/old_gazebo_code) by extension 'cmake'
[18.547s] Level 1:colcon.colcon_core.package_identification:_identify(src/old_gazebo_code) by extension 'python'
[18.547s] Level 1:colcon.colcon_core.package_identification:_identify(src/old_gazebo_code) by extensions ['python_setup_py']
[18.547s] Level 1:colcon.colcon_core.package_identification:_identify(src/old_gazebo_code) by extension 'python_setup_py'
[18.547s] Level 1:colcon.colcon_core.package_identification:_identify(src/old_gazebo_code/my_robot_bringup) by extensions ['ignore', 'ignore_ament_install']
[18.547s] Level 1:colcon.colcon_core.package_identification:_identify(src/old_gazebo_code/my_robot_bringup) by extension 'ignore'
[18.547s] Level 1:colcon.colcon_core.package_identification:_identify(src/old_gazebo_code/my_robot_bringup) by extension 'ignore_ament_install'
[18.547s] Level 1:colcon.colcon_core.package_identification:_identify(src/old_gazebo_code/my_robot_bringup) by extensions ['colcon_pkg']
[18.547s] Level 1:colcon.colcon_core.package_identification:_identify(src/old_gazebo_code/my_robot_bringup) by extension 'colcon_pkg'
[18.547s] Level 1:colcon.colcon_core.package_identification:_identify(src/old_gazebo_code/my_robot_bringup) by extensions ['colcon_meta']
[18.547s] Level 1:colcon.colcon_core.package_identification:_identify(src/old_gazebo_code/my_robot_bringup) by extension 'colcon_meta'
[18.547s] Level 1:colcon.colcon_core.package_identification:_identify(src/old_gazebo_code/my_robot_bringup) by extensions ['ros']
[18.547s] Level 1:colcon.colcon_core.package_identification:_identify(src/old_gazebo_code/my_robot_bringup) by extension 'ros'
[18.550s] DEBUG:colcon.colcon_core.package_identification:Package 'src/old_gazebo_code/my_robot_bringup' with type 'ros.ament_cmake' and name 'my_robot_bringup'
[18.550s] Level 1:colcon.colcon_core.package_identification:_identify(src/old_gazebo_code/my_robot_description) by extensions ['ignore', 'ignore_ament_install']
[18.550s] Level 1:colcon.colcon_core.package_identification:_identify(src/old_gazebo_code/my_robot_description) by extension 'ignore'
[18.550s] Level 1:colcon.colcon_core.package_identification:_identify(src/old_gazebo_code/my_robot_description) by extension 'ignore_ament_install'
[18.550s] Level 1:colcon.colcon_core.package_identification:_identify(src/old_gazebo_code/my_robot_description) by extensions ['colcon_pkg']
[18.550s] Level 1:colcon.colcon_core.package_identification:_identify(src/old_gazebo_code/my_robot_description) by extension 'colcon_pkg'
[18.550s] Level 1:colcon.colcon_core.package_identification:_identify(src/old_gazebo_code/my_robot_description) by extensions ['colcon_meta']
[18.550s] Level 1:colcon.colcon_core.package_identification:_identify(src/old_gazebo_code/my_robot_description) by extension 'colcon_meta'
[18.550s] Level 1:colcon.colcon_core.package_identification:_identify(src/old_gazebo_code/my_robot_description) by extensions ['ros']
[18.551s] Level 1:colcon.colcon_core.package_identification:_identify(src/old_gazebo_code/my_robot_description) by extension 'ros'
[18.551s] DEBUG:colcon.colcon_core.package_identification:Package 'src/old_gazebo_code/my_robot_description' with type 'ros.ament_cmake' and name 'my_robot_description'
[18.551s] Level 1:colcon.colcon_core.package_identification:_identify(src/thuattoan) by extensions ['ignore', 'ignore_ament_install']
[18.551s] Level 1:colcon.colcon_core.package_identification:_identify(src/thuattoan) by extension 'ignore'
[18.551s] Level 1:colcon.colcon_core.package_identification:_identify(src/thuattoan) by extension 'ignore_ament_install'
[18.552s] Level 1:colcon.colcon_core.package_identification:_identify(src/thuattoan) by extensions ['colcon_pkg']
[18.552s] Level 1:colcon.colcon_core.package_identification:_identify(src/thuattoan) by extension 'colcon_pkg'
[18.552s] Level 1:colcon.colcon_core.package_identification:_identify(src/thuattoan) by extensions ['colcon_meta']
[18.552s] Level 1:colcon.colcon_core.package_identification:_identify(src/thuattoan) by extension 'colcon_meta'
[18.552s] Level 1:colcon.colcon_core.package_identification:_identify(src/thuattoan) by extensions ['ros']
[18.552s] Level 1:colcon.colcon_core.package_identification:_identify(src/thuattoan) by extension 'ros'
[18.552s] DEBUG:colcon.colcon_core.package_identification:Package 'src/thuattoan' with type 'ros.ament_python' and name 'thuattoan'
[18.552s] Level 1:colcon.colcon_core.package_discovery:discover_packages(recursive) using defaults
[18.552s] Level 1:colcon.colcon_core.package_discovery:discover_packages(ignore) discover
[18.552s] Level 1:colcon.colcon_core.package_discovery:discover_packages(ignore) using defaults
[18.553s] Level 1:colcon.colcon_core.package_discovery:discover_packages(path) discover
[18.553s] Level 1:colcon.colcon_core.package_discovery:discover_packages(path) using defaults
[0.631s] Level 1:colcon.colcon_core.package_discovery:discover_packages(prefix_path) check parameters
[0.631s] Level 1:colcon.colcon_core.package_discovery:discover_packages(prefix_path) discover
[0.635s] DEBUG:colcon.colcon_installed_package_information.package_discovery:Found 3 installed packages in /home/quanzz/quandeptrai/install
[0.637s] DEBUG:colcon.colcon_installed_package_information.package_discovery:Found 324 installed packages in /opt/ros/humble
[0.638s] Level 1:colcon.colcon_core.package_discovery:discover_packages(prefix_path) using defaults
[0.680s] Level 5:colcon.colcon_core.verb:set package 'my_robot_description' build argument 'cmake_args' from command line to 'None'
[0.680s] Level 5:colcon.colcon_core.verb:set package 'my_robot_description' build argument 'cmake_target' from command line to 'None'
[0.680s] Level 5:colcon.colcon_core.verb:set package 'my_robot_description' build argument 'cmake_target_skip_unavailable' from command line to 'False'
[0.680s] Level 5:colcon.colcon_core.verb:set package 'my_robot_description' build argument 'cmake_clean_cache' from command line to 'False'
[0.680s] Level 5:colcon.colcon_core.verb:set package 'my_robot_description' build argument 'cmake_clean_first' from command line to 'False'
[0.680s] Level 5:colcon.colcon_core.verb:set package 'my_robot_description' build argument 'cmake_force_configure' from command line to 'False'
[0.680s] Level 5:colcon.colcon_core.verb:set package 'my_robot_description' build argument 'ament_cmake_args' from command line to 'None'
[0.680s] Level 5:colcon.colcon_core.verb:set package 'my_robot_description' build argument 'catkin_cmake_args' from command line to 'None'
[0.680s] Level 5:colcon.colcon_core.verb:set package 'my_robot_description' build argument 'catkin_skip_building_tests' from command line to 'False'
[0.680s] DEBUG:colcon.colcon_core.verb:Building package 'my_robot_description' with the following arguments: {'ament_cmake_args': None, 'build_base': '/home/quanzz/quandeptrai/build/my_robot_description', 'catkin_cmake_args': None, 'catkin_skip_building_tests': False, 'cmake_args': None, 'cmake_clean_cache': False, 'cmake_clean_first': False, 'cmake_force_configure': False, 'cmake_target': None, 'cmake_target_skip_unavailable': False, 'install_base': '/home/quanzz/quandeptrai/install/my_robot_description', 'merge_install': False, 'path': '/home/quanzz/quandeptrai/src/old_gazebo_code/my_robot_description', 'symlink_install': True, 'test_result_base': None}
[0.680s] Level 5:colcon.colcon_core.verb:set package 'thuattoan' build argument 'cmake_args' from command line to 'None'
[0.681s] Level 5:colcon.colcon_core.verb:set package 'thuattoan' build argument 'cmake_target' from command line to 'None'
[0.681s] Level 5:colcon.colcon_core.verb:set package 'thuattoan' build argument 'cmake_target_skip_unavailable' from command line to 'False'
[0.681s] Level 5:colcon.colcon_core.verb:set package 'thuattoan' build argument 'cmake_clean_cache' from command line to 'False'
[0.681s] Level 5:colcon.colcon_core.verb:set package 'thuattoan' build argument 'cmake_clean_first' from command line to 'False'
[0.681s] Level 5:colcon.colcon_core.verb:set package 'thuattoan' build argument 'cmake_force_configure' from command line to 'False'
[0.681s] Level 5:colcon.colcon_core.verb:set package 'thuattoan' build argument 'ament_cmake_args' from command line to 'None'
[0.681s] Level 5:colcon.colcon_core.verb:set package 'thuattoan' build argument 'catkin_cmake_args' from command line to 'None'
[0.681s] Level 5:colcon.colcon_core.verb:set package 'thuattoan' build argument 'catkin_skip_building_tests' from command line to 'False'
[0.681s] DEBUG:colcon.colcon_core.verb:Building package 'thuattoan' with the following arguments: {'ament_cmake_args': None, 'build_base': '/home/quanzz/quandeptrai/build/thuattoan', 'catkin_cmake_args': None, 'catkin_skip_building_tests': False, 'cmake_args': None, 'cmake_clean_cache': False, 'cmake_clean_first': False, 'cmake_force_configure': False, 'cmake_target': None, 'cmake_target_skip_unavailable': False, 'install_base': '/home/quanzz/quandeptrai/install/thuattoan', 'merge_install': False, 'path': '/home/quanzz/quandeptrai/src/thuattoan', 'symlink_install': True, 'test_result_base': None}
[0.681s] Level 5:colcon.colcon_core.verb:set package 'my_robot_bringup' build argument 'cmake_args' from command line to 'None'
[0.681s] Level 5:colcon.colcon_core.verb:set package 'my_robot_bringup' build argument 'cmake_target' from command line to 'None'
[0.681s] Level 5:colcon.colcon_core.verb:set package 'my_robot_bringup' build argument 'cmake_target_skip_unavailable' from command line to 'False'
[0.681s] Level 5:colcon.colcon_core.verb:set package 'my_robot_bringup' build argument 'cmake_clean_cache' from command line to 'False'
[0.681s] Level 5:colcon.colcon_core.verb:set package 'my_robot_bringup' build argument 'cmake_clean_first' from command line to 'False'
[0.681s] Level 5:colcon.colcon_core.verb:set package 'my_robot_bringup' build argument 'cmake_force_configure' from command line to 'False'
[0.681s] Level 5:colcon.colcon_core.verb:set package 'my_robot_bringup' build argument 'ament_cmake_args' from command line to 'None'
[0.681s] Level 5:colcon.colcon_core.verb:set package 'my_robot_bringup' build argument 'catkin_cmake_args' from command line to 'None'
[0.681s] Level 5:colcon.colcon_core.verb:set package 'my_robot_bringup' build argument 'catkin_skip_building_tests' from command line to 'False'
[0.681s] DEBUG:colcon.colcon_core.verb:Building package 'my_robot_bringup' with the following arguments: {'ament_cmake_args': None, 'build_base': '/home/quanzz/quandeptrai/build/my_robot_bringup', 'catkin_cmake_args': None, 'catkin_skip_building_tests': False, 'cmake_args': None, 'cmake_clean_cache': False, 'cmake_clean_first': False, 'cmake_force_configure': False, 'cmake_target': None, 'cmake_target_skip_unavailable': False, 'install_base': '/home/quanzz/quandeptrai/install/my_robot_bringup', 'merge_install': False, 'path': '/home/quanzz/quandeptrai/src/old_gazebo_code/my_robot_bringup', 'symlink_install': True, 'test_result_base': None}
[0.681s] INFO:colcon.colcon_core.executor:Executing jobs using 'parallel' executor
[0.683s] DEBUG:colcon.colcon_parallel_executor.executor.parallel:run_until_complete
[0.683s] INFO:colcon.colcon_ros.task.ament_cmake.build:Building ROS package in '/home/quanzz/quandeptrai/src/old_gazebo_code/my_robot_description' with build type 'ament_cmake'
[0.683s] INFO:colcon.colcon_cmake.task.cmake.build:Building CMake package in '/home/quanzz/quandeptrai/src/old_gazebo_code/my_robot_description'
[0.690s] INFO:colcon.colcon_core.plugin_system:Skipping extension 'colcon_core.shell.bat': Not used on non-Windows systems
[0.690s] INFO:colcon.colcon_core.shell:Skip shell extension 'powershell' for command environment: Not usable outside of PowerShell
[0.690s] DEBUG:colcon.colcon_core.shell:Skip shell extension 'dsv' for command environment
[0.696s] INFO:colcon.colcon_ros.task.ament_python.build:Building ROS package in '/home/quanzz/quandeptrai/src/thuattoan' with build type 'ament_python'
[0.696s] Level 1:colcon.colcon_core.shell:create_environment_hook('thuattoan', 'ament_prefix_path')
[0.697s] INFO:colcon.colcon_core.shell:Creating environment hook '/home/quanzz/quandeptrai/install/thuattoan/share/thuattoan/hook/ament_prefix_path.ps1'
[0.699s] INFO:colcon.colcon_core.shell:Creating environment descriptor '/home/quanzz/quandeptrai/install/thuattoan/share/thuattoan/hook/ament_prefix_path.dsv'
[0.700s] INFO:colcon.colcon_core.shell:Creating environment hook '/home/quanzz/quandeptrai/install/thuattoan/share/thuattoan/hook/ament_prefix_path.sh'
[0.701s] INFO:colcon.colcon_core.shell:Skip shell extension 'powershell' for command environment: Not usable outside of PowerShell
[0.701s] DEBUG:colcon.colcon_core.shell:Skip shell extension 'dsv' for command environment
[0.714s] DEBUG:colcon.colcon_core.event_handler.log_command:Invoking command in '/home/quanzz/quandeptrai/build/my_robot_description': CMAKE_PREFIX_PATH=${CMAKE_PREFIX_PATH}:/home/quanzz/quandeptrai/install/thuattoan:/opt/ros/humble /usr/bin/cmake --build /home/quanzz/quandeptrai/build/my_robot_description -- -j16 -l16
[0.983s] INFO:colcon.colcon_core.task.python.build:Building Python package in '/home/quanzz/quandeptrai/src/thuattoan'
[0.984s] INFO:colcon.colcon_core.shell:Skip shell extension 'powershell' for command environment: Not usable outside of PowerShell
[0.984s] DEBUG:colcon.colcon_core.shell:Skip shell extension 'dsv' for command environment
[0.990s] DEBUG:colcon.colcon_core.event_handler.log_command:Invoked command in '/home/quanzz/quandeptrai/build/my_robot_description' returned '0': CMAKE_PREFIX_PATH=${CMAKE_PREFIX_PATH}:/home/quanzz/quandeptrai/install/thuattoan:/opt/ros/humble /usr/bin/cmake --build /home/quanzz/quandeptrai/build/my_robot_description -- -j16 -l16
[1.006s] DEBUG:colcon.colcon_core.event_handler.log_command:Invoking command in '/home/quanzz/quandeptrai/build/my_robot_description': CMAKE_PREFIX_PATH=${CMAKE_PREFIX_PATH}:/home/quanzz/quandeptrai/install/thuattoan:/opt/ros/humble /usr/bin/cmake --install /home/quanzz/quandeptrai/build/my_robot_description
[1.034s] Level 1:colcon.colcon_core.environment:create_environment_scripts_only(my_robot_description)
[1.035s] DEBUG:colcon.colcon_core.event_handler.log_command:Invoked command in '/home/quanzz/quandeptrai/build/my_robot_description' returned '0': CMAKE_PREFIX_PATH=${CMAKE_PREFIX_PATH}:/home/quanzz/quandeptrai/install/thuattoan:/opt/ros/humble /usr/bin/cmake --install /home/quanzz/quandeptrai/build/my_robot_description
[1.042s] Level 1:colcon.colcon_core.environment:checking '/home/quanzz/quandeptrai/install/my_robot_description' for CMake module files
[1.043s] Level 1:colcon.colcon_core.environment:checking '/home/quanzz/quandeptrai/install/my_robot_description' for CMake config files
[1.043s] Level 1:colcon.colcon_core.shell:create_environment_hook('my_robot_description', 'cmake_prefix_path')
[1.044s] INFO:colcon.colcon_core.shell:Creating environment hook '/home/quanzz/quandeptrai/install/my_robot_description/share/my_robot_description/hook/cmake_prefix_path.ps1'
[1.044s] INFO:colcon.colcon_core.shell:Creating environment descriptor '/home/quanzz/quandeptrai/install/my_robot_description/share/my_robot_description/hook/cmake_prefix_path.dsv'
[1.045s] INFO:colcon.colcon_core.shell:Creating environment hook '/home/quanzz/quandeptrai/install/my_robot_description/share/my_robot_description/hook/cmake_prefix_path.sh'
[1.049s] Level 1:colcon.colcon_core.environment:checking '/home/quanzz/quandeptrai/install/my_robot_description/bin'
[1.049s] Level 1:colcon.colcon_core.environment:checking '/home/quanzz/quandeptrai/install/my_robot_description/lib/pkgconfig/my_robot_description.pc'
[1.049s] Level 1:colcon.colcon_core.environment:checking '/home/quanzz/quandeptrai/install/my_robot_description/lib/python3.10/site-packages'
[1.049s] Level 1:colcon.colcon_core.environment:checking '/home/quanzz/quandeptrai/install/my_robot_description/bin'
[1.050s] INFO:colcon.colcon_core.shell:Creating package script '/home/quanzz/quandeptrai/install/my_robot_description/share/my_robot_description/package.ps1'
[1.051s] INFO:colcon.colcon_core.shell:Creating package descriptor '/home/quanzz/quandeptrai/install/my_robot_description/share/my_robot_description/package.dsv'
[1.052s] INFO:colcon.colcon_core.shell:Creating package script '/home/quanzz/quandeptrai/install/my_robot_description/share/my_robot_description/package.sh'
[1.053s] INFO:colcon.colcon_core.shell:Creating package script '/home/quanzz/quandeptrai/install/my_robot_description/share/my_robot_description/package.bash'
[1.054s] INFO:colcon.colcon_core.shell:Creating package script '/home/quanzz/quandeptrai/install/my_robot_description/share/my_robot_description/package.zsh'
[1.056s] Level 1:colcon.colcon_core.environment:create_file_with_runtime_dependencies(/home/quanzz/quandeptrai/install/my_robot_description/share/colcon-core/packages/my_robot_description)
[1.056s] Level 1:colcon.colcon_core.environment:create_environment_scripts_only(my_robot_description)
[1.057s] Level 1:colcon.colcon_core.environment:checking '/home/quanzz/quandeptrai/install/my_robot_description' for CMake module files
[1.057s] Level 1:colcon.colcon_core.environment:checking '/home/quanzz/quandeptrai/install/my_robot_description' for CMake config files
[1.057s] Level 1:colcon.colcon_core.shell:create_environment_hook('my_robot_description', 'cmake_prefix_path')
[1.058s] INFO:colcon.colcon_core.shell:Creating environment hook '/home/quanzz/quandeptrai/install/my_robot_description/share/my_robot_description/hook/cmake_prefix_path.ps1'
[1.058s] INFO:colcon.colcon_core.shell:Creating environment descriptor '/home/quanzz/quandeptrai/install/my_robot_description/share/my_robot_description/hook/cmake_prefix_path.dsv'
[1.059s] INFO:colcon.colcon_core.shell:Creating environment hook '/home/quanzz/quandeptrai/install/my_robot_description/share/my_robot_description/hook/cmake_prefix_path.sh'
[1.059s] Level 1:colcon.colcon_core.environment:checking '/home/quanzz/quandeptrai/install/my_robot_description/bin'
[1.059s] Level 1:colcon.colcon_core.environment:checking '/home/quanzz/quandeptrai/install/my_robot_description/lib/pkgconfig/my_robot_description.pc'
[1.059s] Level 1:colcon.colcon_core.environment:checking '/home/quanzz/quandeptrai/install/my_robot_description/lib/python3.10/site-packages'
[1.060s] Level 1:colcon.colcon_core.environment:checking '/home/quanzz/quandeptrai/install/my_robot_description/bin'
[1.060s] INFO:colcon.colcon_core.shell:Creating package script '/home/quanzz/quandeptrai/install/my_robot_description/share/my_robot_description/package.ps1'
[1.060s] INFO:colcon.colcon_core.shell:Creating package descriptor '/home/quanzz/quandeptrai/install/my_robot_description/share/my_robot_description/package.dsv'
[1.061s] INFO:colcon.colcon_core.shell:Creating package script '/home/quanzz/quandeptrai/install/my_robot_description/share/my_robot_description/package.sh'
[1.061s] INFO:colcon.colcon_core.shell:Creating package script '/home/quanzz/quandeptrai/install/my_robot_description/share/my_robot_description/package.bash'
[1.061s] INFO:colcon.colcon_core.shell:Creating package script '/home/quanzz/quandeptrai/install/my_robot_description/share/my_robot_description/package.zsh'
[1.062s] Level 1:colcon.colcon_core.environment:create_file_with_runtime_dependencies(/home/quanzz/quandeptrai/install/my_robot_description/share/colcon-core/packages/my_robot_description)
[1.062s] INFO:colcon.colcon_ros.task.ament_cmake.build:Building ROS package in '/home/quanzz/quandeptrai/src/old_gazebo_code/my_robot_bringup' with build type 'ament_cmake'
[1.063s] INFO:colcon.colcon_cmake.task.cmake.build:Building CMake package in '/home/quanzz/quandeptrai/src/old_gazebo_code/my_robot_bringup'
[1.063s] INFO:colcon.colcon_core.shell:Skip shell extension 'powershell' for command environment: Not usable outside of PowerShell
[1.063s] DEBUG:colcon.colcon_core.shell:Skip shell extension 'dsv' for command environment
[1.100s] DEBUG:colcon.colcon_core.event_handler.log_command:Invoking command in '/home/quanzz/quandeptrai/build/my_robot_bringup': CMAKE_PREFIX_PATH=/home/quanzz/quandeptrai/install/my_robot_description:/home/quanzz/quandeptrai/install/my_robot_bringup:/home/quanzz/quandeptrai/install/thuattoan:/opt/ros/humble /usr/bin/cmake --build /home/quanzz/quandeptrai/build/my_robot_bringup -- -j16 -l16
[1.149s] DEBUG:colcon.colcon_core.event_handler.log_command:Invoked command in '/home/quanzz/quandeptrai/build/my_robot_bringup' returned '0': CMAKE_PREFIX_PATH=/home/quanzz/quandeptrai/install/my_robot_description:/home/quanzz/quandeptrai/install/my_robot_bringup:/home/quanzz/quandeptrai/install/thuattoan:/opt/ros/humble /usr/bin/cmake --build /home/quanzz/quandeptrai/build/my_robot_bringup -- -j16 -l16
[1.152s] DEBUG:colcon.colcon_core.event_handler.log_command:Invoking command in '/home/quanzz/quandeptrai/build/my_robot_bringup': CMAKE_PREFIX_PATH=/home/quanzz/quandeptrai/install/my_robot_description:/home/quanzz/quandeptrai/install/my_robot_bringup:/home/quanzz/quandeptrai/install/thuattoan:/opt/ros/humble /usr/bin/cmake --install /home/quanzz/quandeptrai/build/my_robot_bringup
[1.180s] Level 1:colcon.colcon_core.environment:create_environment_scripts_only(my_robot_bringup)
[1.181s] Level 1:colcon.colcon_core.environment:checking '/home/quanzz/quandeptrai/install/my_robot_bringup' for CMake module files
[1.181s] DEBUG:colcon.colcon_core.event_handler.log_command:Invoked command in '/home/quanzz/quandeptrai/build/my_robot_bringup' returned '0': CMAKE_PREFIX_PATH=/home/quanzz/quandeptrai/install/my_robot_description:/home/quanzz/quandeptrai/install/my_robot_bringup:/home/quanzz/quandeptrai/install/thuattoan:/opt/ros/humble /usr/bin/cmake --install /home/quanzz/quandeptrai/build/my_robot_bringup
[1.182s] Level 1:colcon.colcon_core.environment:checking '/home/quanzz/quandeptrai/install/my_robot_bringup' for CMake config files
[1.182s] Level 1:colcon.colcon_core.shell:create_environment_hook('my_robot_bringup', 'cmake_prefix_path')
[1.183s] INFO:colcon.colcon_core.shell:Creating environment hook '/home/quanzz/quandeptrai/install/my_robot_bringup/share/my_robot_bringup/hook/cmake_prefix_path.ps1'
[1.183s] INFO:colcon.colcon_core.shell:Creating environment descriptor '/home/quanzz/quandeptrai/install/my_robot_bringup/share/my_robot_bringup/hook/cmake_prefix_path.dsv'
[1.183s] INFO:colcon.colcon_core.shell:Creating environment hook '/home/quanzz/quandeptrai/install/my_robot_bringup/share/my_robot_bringup/hook/cmake_prefix_path.sh'
[1.184s] Level 1:colcon.colcon_core.environment:checking '/home/quanzz/quandeptrai/install/my_robot_bringup/bin'
[1.184s] Level 1:colcon.colcon_core.environment:checking '/home/quanzz/quandeptrai/install/my_robot_bringup/lib/pkgconfig/my_robot_bringup.pc'
[1.185s] Level 1:colcon.colcon_core.environment:checking '/home/quanzz/quandeptrai/install/my_robot_bringup/lib/python3.10/site-packages'
[1.185s] Level 1:colcon.colcon_core.environment:checking '/home/quanzz/quandeptrai/install/my_robot_bringup/bin'
[1.185s] INFO:colcon.colcon_core.shell:Creating package script '/home/quanzz/quandeptrai/install/my_robot_bringup/share/my_robot_bringup/package.ps1'
[1.186s] INFO:colcon.colcon_core.shell:Creating package descriptor '/home/quanzz/quandeptrai/install/my_robot_bringup/share/my_robot_bringup/package.dsv'
[1.186s] INFO:colcon.colcon_core.shell:Creating package script '/home/quanzz/quandeptrai/install/my_robot_bringup/share/my_robot_bringup/package.sh'
[1.186s] INFO:colcon.colcon_core.shell:Creating package script '/home/quanzz/quandeptrai/install/my_robot_bringup/share/my_robot_bringup/package.bash'
[1.187s] INFO:colcon.colcon_core.shell:Creating package script '/home/quanzz/quandeptrai/install/my_robot_bringup/share/my_robot_bringup/package.zsh'
[1.187s] Level 1:colcon.colcon_core.environment:create_file_with_runtime_dependencies(/home/quanzz/quandeptrai/install/my_robot_bringup/share/colcon-core/packages/my_robot_bringup)
[1.188s] Level 1:colcon.colcon_core.environment:create_environment_scripts_only(my_robot_bringup)
[1.188s] Level 1:colcon.colcon_core.environment:checking '/home/quanzz/quandeptrai/install/my_robot_bringup' for CMake module files
[1.188s] Level 1:colcon.colcon_core.environment:checking '/home/quanzz/quandeptrai/install/my_robot_bringup' for CMake config files
[1.189s] Level 1:colcon.colcon_core.shell:create_environment_hook('my_robot_bringup', 'cmake_prefix_path')
[1.189s] INFO:colcon.colcon_core.shell:Creating environment hook '/home/quanzz/quandeptrai/install/my_robot_bringup/share/my_robot_bringup/hook/cmake_prefix_path.ps1'
[1.189s] INFO:colcon.colcon_core.shell:Creating environment descriptor '/home/quanzz/quandeptrai/install/my_robot_bringup/share/my_robot_bringup/hook/cmake_prefix_path.dsv'
[1.190s] INFO:colcon.colcon_core.shell:Creating environment hook '/home/quanzz/quandeptrai/install/my_robot_bringup/share/my_robot_bringup/hook/cmake_prefix_path.sh'
[1.191s] Level 1:colcon.colcon_core.environment:checking '/home/quanzz/quandeptrai/install/my_robot_bringup/bin'
[1.191s] Level 1:colcon.colcon_core.environment:checking '/home/quanzz/quandeptrai/install/my_robot_bringup/lib/pkgconfig/my_robot_bringup.pc'
[1.191s] Level 1:colcon.colcon_core.environment:checking '/home/quanzz/quandeptrai/install/my_robot_bringup/lib/python3.10/site-packages'
[1.191s] Level 1:colcon.colcon_core.environment:checking '/home/quanzz/quandeptrai/install/my_robot_bringup/bin'
[1.192s] INFO:colcon.colcon_core.shell:Creating package script '/home/quanzz/quandeptrai/install/my_robot_bringup/share/my_robot_bringup/package.ps1'
[1.193s] INFO:colcon.colcon_core.shell:Creating package descriptor '/home/quanzz/quandeptrai/install/my_robot_bringup/share/my_robot_bringup/package.dsv'
[1.193s] INFO:colcon.colcon_core.shell:Creating package script '/home/quanzz/quandeptrai/install/my_robot_bringup/share/my_robot_bringup/package.sh'
[1.194s] INFO:colcon.colcon_core.shell:Creating package script '/home/quanzz/quandeptrai/install/my_robot_bringup/share/my_robot_bringup/package.bash'
[1.195s] INFO:colcon.colcon_core.shell:Creating package script '/home/quanzz/quandeptrai/install/my_robot_bringup/share/my_robot_bringup/package.zsh'
[1.195s] Level 1:colcon.colcon_core.environment:create_file_with_runtime_dependencies(/home/quanzz/quandeptrai/install/my_robot_bringup/share/colcon-core/packages/my_robot_bringup)
[1.580s] DEBUG:colcon.colcon_core.event_handler.log_command:Invoking command in '/home/quanzz/quandeptrai/build/thuattoan': PYTHONPATH=/home/quanzz/quandeptrai/build/thuattoan/prefix_override:/usr/lib/python3/dist-packages/colcon_core/task/python/colcon_distutils_commands:/home/quanzz/quandeptrai/install/thuattoan/lib/python3.10/site-packages:${PYTHONPATH} /usr/bin/python3 -W ignore:setup.py install is deprecated -W ignore:easy_install command is deprecated setup.py develop --editable --build-directory /home/quanzz/quandeptrai/build/thuattoan/build --no-deps symlink_data
[2.039s] Level 1:colcon.colcon_core.shell:create_environment_hook('thuattoan', 'pythonpath_develop')
[2.039s] INFO:colcon.colcon_core.shell:Creating environment hook '/home/quanzz/quandeptrai/build/thuattoan/share/thuattoan/hook/pythonpath_develop.ps1'
[2.040s] DEBUG:colcon.colcon_core.event_handler.log_command:Invoked command in '/home/quanzz/quandeptrai/build/thuattoan' returned '0': PYTHONPATH=/home/quanzz/quandeptrai/build/thuattoan/prefix_override:/usr/lib/python3/dist-packages/colcon_core/task/python/colcon_distutils_commands:/home/quanzz/quandeptrai/install/thuattoan/lib/python3.10/site-packages:${PYTHONPATH} /usr/bin/python3 -W ignore:setup.py install is deprecated -W ignore:easy_install command is deprecated setup.py develop --editable --build-directory /home/quanzz/quandeptrai/build/thuattoan/build --no-deps symlink_data
[2.040s] INFO:colcon.colcon_core.shell:Creating environment descriptor '/home/quanzz/quandeptrai/build/thuattoan/share/thuattoan/hook/pythonpath_develop.dsv'
[2.041s] INFO:colcon.colcon_core.shell:Creating environment hook '/home/quanzz/quandeptrai/build/thuattoan/share/thuattoan/hook/pythonpath_develop.sh'
[2.041s] Level 1:colcon.colcon_core.environment:checking '/home/quanzz/quandeptrai/install/thuattoan' for CMake module files
[2.042s] Level 1:colcon.colcon_core.environment:checking '/home/quanzz/quandeptrai/install/thuattoan' for CMake config files
[2.043s] Level 1:colcon.colcon_core.environment:checking '/home/quanzz/quandeptrai/install/thuattoan/lib'
[2.043s] Level 1:colcon.colcon_core.environment:checking '/home/quanzz/quandeptrai/install/thuattoan/bin'
[2.043s] Level 1:colcon.colcon_core.environment:checking '/home/quanzz/quandeptrai/install/thuattoan/lib/pkgconfig/thuattoan.pc'
[2.043s] Level 1:colcon.colcon_core.environment:checking '/home/quanzz/quandeptrai/install/thuattoan/lib/python3.10/site-packages'
[2.043s] Level 1:colcon.colcon_core.shell:create_environment_hook('thuattoan', 'pythonpath')
[2.044s] INFO:colcon.colcon_core.shell:Creating environment hook '/home/quanzz/quandeptrai/install/thuattoan/share/thuattoan/hook/pythonpath.ps1'
[2.044s] INFO:colcon.colcon_core.shell:Creating environment descriptor '/home/quanzz/quandeptrai/install/thuattoan/share/thuattoan/hook/pythonpath.dsv'
[2.045s] INFO:colcon.colcon_core.shell:Creating environment hook '/home/quanzz/quandeptrai/install/thuattoan/share/thuattoan/hook/pythonpath.sh'
[2.045s] Level 1:colcon.colcon_core.environment:checking '/home/quanzz/quandeptrai/install/thuattoan/bin'
[2.045s] Level 1:colcon.colcon_core.environment:create_environment_scripts_only(thuattoan)
[2.046s] INFO:colcon.colcon_core.shell:Creating package script '/home/quanzz/quandeptrai/install/thuattoan/share/thuattoan/package.ps1'
[2.046s] INFO:colcon.colcon_core.shell:Creating package descriptor '/home/quanzz/quandeptrai/install/thuattoan/share/thuattoan/package.dsv'
[2.047s] INFO:colcon.colcon_core.shell:Creating package script '/home/quanzz/quandeptrai/install/thuattoan/share/thuattoan/package.sh'
[2.047s] INFO:colcon.colcon_core.shell:Creating package script '/home/quanzz/quandeptrai/install/thuattoan/share/thuattoan/package.bash'
[2.048s] INFO:colcon.colcon_core.shell:Creating package script '/home/quanzz/quandeptrai/install/thuattoan/share/thuattoan/package.zsh'
[2.048s] Level 1:colcon.colcon_core.environment:create_file_with_runtime_dependencies(/home/quanzz/quandeptrai/install/thuattoan/share/colcon-core/packages/thuattoan)
[2.048s] DEBUG:colcon.colcon_parallel_executor.executor.parallel:closing loop
[2.049s] DEBUG:colcon.colcon_parallel_executor.executor.parallel:loop closed
[2.049s] DEBUG:colcon.colcon_parallel_executor.executor.parallel:run_until_complete finished with '0'
[2.049s] DEBUG:colcon.colcon_core.event_reactor:joining thread
[2.085s] INFO:colcon.colcon_core.plugin_system:Skipping extension 'colcon_notification.desktop_notification.notify_send': Could not find 'notify-send'
[2.086s] INFO:colcon.colcon_core.plugin_system:Skipping extension 'colcon_notification.desktop_notification.terminal_notifier': Not used on non-Darwin systems
[2.086s] INFO:colcon.colcon_core.plugin_system:Skipping extension 'colcon_notification.desktop_notification.win32': Not used on non-Windows systems
[2.086s] INFO:colcon.colcon_notification.desktop_notification:Sending desktop notification using 'notify2'
[2.086s] DEBUG:colcon.colcon_notification.desktop_notification.notify2:Failed to initialize notify2: org.freedesktop.DBus.Error.FileNotFound: Failed to connect to socket /run/user/1000/bus: No such file or directory
[2.086s] DEBUG:colcon.colcon_core.event_reactor:joined thread
[2.086s] INFO:colcon.colcon_core.shell:Creating prefix script '/home/quanzz/quandeptrai/install/local_setup.ps1'
[2.088s] INFO:colcon.colcon_core.shell:Creating prefix util module '/home/quanzz/quandeptrai/install/_local_setup_util_ps1.py'
[2.089s] INFO:colcon.colcon_core.shell:Creating prefix chain script '/home/quanzz/quandeptrai/install/setup.ps1'
[2.091s] INFO:colcon.colcon_core.shell:Creating prefix script '/home/quanzz/quandeptrai/install/local_setup.sh'
[2.092s] INFO:colcon.colcon_core.shell:Creating prefix util module '/home/quanzz/quandeptrai/install/_local_setup_util_sh.py'
[2.093s] INFO:colcon.colcon_core.shell:Creating prefix chain script '/home/quanzz/quandeptrai/install/setup.sh'
[2.095s] INFO:colcon.colcon_core.shell:Creating prefix script '/home/quanzz/quandeptrai/install/local_setup.bash'
[2.096s] INFO:colcon.colcon_core.shell:Creating prefix chain script '/home/quanzz/quandeptrai/install/setup.bash'
[2.097s] INFO:colcon.colcon_core.shell:Creating prefix script '/home/quanzz/quandeptrai/install/local_setup.zsh'
[2.098s] INFO:colcon.colcon_core.shell:Creating prefix chain script '/home/quanzz/quandeptrai/install/setup.zsh'
