[0.180s] DEBUG:colcon:Command line arguments: ['/usr/bin/colcon', 'build', '--symlink-install']
[0.180s] DEBUG:colcon:Parsed command line arguments: Namespace(log_base=None, log_level=None, verb_name='build', build_base='build', install_base='install', merge_install=False, symlink_install=True, test_result_base=None, continue_on_error=False, executor='parallel', parallel_workers=16, event_handlers=None, ignore_user_meta=False, metas=['./colcon.meta'], base_paths=['.'], packages_ignore=None, packages_ignore_regex=None, paths=None, packages_up_to=None, packages_up_to_regex=None, packages_above=None, packages_above_and_dependencies=None, packages_above_depth=None, packages_select_by_dep=None, packages_skip_by_dep=None, packages_skip_up_to=None, packages_select_build_failed=False, packages_skip_build_finished=False, packages_select_test_failures=False, packages_skip_test_passed=False, packages_select=None, packages_skip=None, packages_select_regex=None, packages_skip_regex=None, packages_start=None, packages_end=None, allow_overriding=[], cmake_args=None, cmake_target=None, cmake_target_skip_unavailable=False, cmake_clean_cache=False, cmake_clean_first=False, cmake_force_configure=False, ament_cmake_args=None, catkin_cmake_args=None, catkin_skip_building_tests=False, verb_parser=<colcon_defaults.argument_parser.defaults.DefaultArgumentsDecorator object at 0x72a31c051960>, verb_extension=<colcon_core.verb.build.BuildVerb object at 0x72a31c051510>, main=<bound method BuildVerb.main of <colcon_core.verb.build.BuildVerb object at 0x72a31c051510>>)
[0.371s] Level 1:colcon.colcon_core.package_discovery:discover_packages(colcon_meta) check parameters
[0.371s] Level 1:colcon.colcon_core.package_discovery:discover_packages(recursive) check parameters
[0.371s] Level 1:colcon.colcon_core.package_discovery:discover_packages(ignore) check parameters
[0.371s] Level 1:colcon.colcon_core.package_discovery:discover_packages(path) check parameters
[0.371s] Level 1:colcon.colcon_core.package_discovery:discover_packages(colcon_meta) discover
[0.371s] Level 1:colcon.colcon_core.package_discovery:discover_packages(recursive) discover
[0.371s] INFO:colcon.colcon_core.package_discovery:Crawling recursively for packages in '/home/quandz/quantest_ws'
[0.371s] Level 1:colcon.colcon_core.package_identification:_identify(.) by extensions ['ignore', 'ignore_ament_install']
[0.372s] Level 1:colcon.colcon_core.package_identification:_identify(.) by extension 'ignore'
[0.372s] Level 1:colcon.colcon_core.package_identification:_identify(.) by extension 'ignore_ament_install'
[0.372s] Level 1:colcon.colcon_core.package_identification:_identify(.) by extensions ['colcon_pkg']
[0.372s] Level 1:colcon.colcon_core.package_identification:_identify(.) by extension 'colcon_pkg'
[0.372s] Level 1:colcon.colcon_core.package_identification:_identify(.) by extensions ['colcon_meta']
[0.372s] Level 1:colcon.colcon_core.package_identification:_identify(.) by extension 'colcon_meta'
[0.372s] Level 1:colcon.colcon_core.package_identification:_identify(.) by extensions ['ros']
[0.372s] Level 1:colcon.colcon_core.package_identification:_identify(.) by extension 'ros'
[0.383s] Level 1:colcon.colcon_core.package_identification:_identify(.) by extensions ['cmake', 'python']
[0.384s] Level 1:colcon.colcon_core.package_identification:_identify(.) by extension 'cmake'
[0.384s] Level 1:colcon.colcon_core.package_identification:_identify(.) by extension 'python'
[0.384s] Level 1:colcon.colcon_core.package_identification:_identify(.) by extensions ['python_setup_py']
[0.384s] Level 1:colcon.colcon_core.package_identification:_identify(.) by extension 'python_setup_py'
[0.384s] Level 1:colcon.colcon_core.package_identification:_identify(build) by extensions ['ignore', 'ignore_ament_install']
[0.384s] Level 1:colcon.colcon_core.package_identification:_identify(build) by extension 'ignore'
[0.384s] Level 1:colcon.colcon_core.package_identification:_identify(build) ignored
[0.384s] Level 1:colcon.colcon_core.package_identification:_identify(install) by extensions ['ignore', 'ignore_ament_install']
[0.384s] Level 1:colcon.colcon_core.package_identification:_identify(install) by extension 'ignore'
[0.384s] Level 1:colcon.colcon_core.package_identification:_identify(install) ignored
[0.385s] Level 1:colcon.colcon_core.package_identification:_identify(log) by extensions ['ignore', 'ignore_ament_install']
[0.385s] Level 1:colcon.colcon_core.package_identification:_identify(log) by extension 'ignore'
[0.385s] Level 1:colcon.colcon_core.package_identification:_identify(log) ignored
[0.385s] Level 1:colcon.colcon_core.package_identification:_identify(src) by extensions ['ignore', 'ignore_ament_install']
[0.385s] Level 1:colcon.colcon_core.package_identification:_identify(src) by extension 'ignore'
[0.385s] Level 1:colcon.colcon_core.package_identification:_identify(src) by extension 'ignore_ament_install'
[0.385s] Level 1:colcon.colcon_core.package_identification:_identify(src) by extensions ['colcon_pkg']
[0.385s] Level 1:colcon.colcon_core.package_identification:_identify(src) by extension 'colcon_pkg'
[0.385s] Level 1:colcon.colcon_core.package_identification:_identify(src) by extensions ['colcon_meta']
[0.385s] Level 1:colcon.colcon_core.package_identification:_identify(src) by extension 'colcon_meta'
[0.385s] Level 1:colcon.colcon_core.package_identification:_identify(src) by extensions ['ros']
[0.385s] Level 1:colcon.colcon_core.package_identification:_identify(src) by extension 'ros'
[0.386s] Level 1:colcon.colcon_core.package_identification:_identify(src) by extensions ['cmake', 'python']
[0.386s] Level 1:colcon.colcon_core.package_identification:_identify(src) by extension 'cmake'
[0.386s] Level 1:colcon.colcon_core.package_identification:_identify(src) by extension 'python'
[0.386s] Level 1:colcon.colcon_core.package_identification:_identify(src) by extensions ['python_setup_py']
[0.386s] Level 1:colcon.colcon_core.package_identification:_identify(src) by extension 'python_setup_py'
[0.386s] Level 1:colcon.colcon_core.package_identification:_identify(src/old_gazebo_code) by extensions ['ignore', 'ignore_ament_install']
[0.386s] Level 1:colcon.colcon_core.package_identification:_identify(src/old_gazebo_code) by extension 'ignore'
[0.386s] Level 1:colcon.colcon_core.package_identification:_identify(src/old_gazebo_code) by extension 'ignore_ament_install'
[0.386s] Level 1:colcon.colcon_core.package_identification:_identify(src/old_gazebo_code) by extensions ['colcon_pkg']
[0.386s] Level 1:colcon.colcon_core.package_identification:_identify(src/old_gazebo_code) by extension 'colcon_pkg'
[0.386s] Level 1:colcon.colcon_core.package_identification:_identify(src/old_gazebo_code) by extensions ['colcon_meta']
[0.386s] Level 1:colcon.colcon_core.package_identification:_identify(src/old_gazebo_code) by extension 'colcon_meta'
[0.386s] Level 1:colcon.colcon_core.package_identification:_identify(src/old_gazebo_code) by extensions ['ros']
[0.386s] Level 1:colcon.colcon_core.package_identification:_identify(src/old_gazebo_code) by extension 'ros'
[0.386s] Level 1:colcon.colcon_core.package_identification:_identify(src/old_gazebo_code) by extensions ['cmake', 'python']
[0.386s] Level 1:colcon.colcon_core.package_identification:_identify(src/old_gazebo_code) by extension 'cmake'
[0.386s] Level 1:colcon.colcon_core.package_identification:_identify(src/old_gazebo_code) by extension 'python'
[0.386s] Level 1:colcon.colcon_core.package_identification:_identify(src/old_gazebo_code) by extensions ['python_setup_py']
[0.386s] Level 1:colcon.colcon_core.package_identification:_identify(src/old_gazebo_code) by extension 'python_setup_py'
[0.387s] Level 1:colcon.colcon_core.package_identification:_identify(src/old_gazebo_code/my_robot_bringup) by extensions ['ignore', 'ignore_ament_install']
[0.387s] Level 1:colcon.colcon_core.package_identification:_identify(src/old_gazebo_code/my_robot_bringup) by extension 'ignore'
[0.387s] Level 1:colcon.colcon_core.package_identification:_identify(src/old_gazebo_code/my_robot_bringup) by extension 'ignore_ament_install'
[0.387s] Level 1:colcon.colcon_core.package_identification:_identify(src/old_gazebo_code/my_robot_bringup) by extensions ['colcon_pkg']
[0.387s] Level 1:colcon.colcon_core.package_identification:_identify(src/old_gazebo_code/my_robot_bringup) by extension 'colcon_pkg'
[0.387s] Level 1:colcon.colcon_core.package_identification:_identify(src/old_gazebo_code/my_robot_bringup) by extensions ['colcon_meta']
[0.387s] Level 1:colcon.colcon_core.package_identification:_identify(src/old_gazebo_code/my_robot_bringup) by extension 'colcon_meta'
[0.387s] Level 1:colcon.colcon_core.package_identification:_identify(src/old_gazebo_code/my_robot_bringup) by extensions ['ros']
[0.387s] Level 1:colcon.colcon_core.package_identification:_identify(src/old_gazebo_code/my_robot_bringup) by extension 'ros'
[0.390s] DEBUG:colcon.colcon_core.package_identification:Package 'src/old_gazebo_code/my_robot_bringup' with type 'ros.ament_cmake' and name 'my_robot_bringup'
[0.390s] Level 1:colcon.colcon_core.package_identification:_identify(src/old_gazebo_code/my_robot_description) by extensions ['ignore', 'ignore_ament_install']
[0.390s] Level 1:colcon.colcon_core.package_identification:_identify(src/old_gazebo_code/my_robot_description) by extension 'ignore'
[0.390s] Level 1:colcon.colcon_core.package_identification:_identify(src/old_gazebo_code/my_robot_description) by extension 'ignore_ament_install'
[0.390s] Level 1:colcon.colcon_core.package_identification:_identify(src/old_gazebo_code/my_robot_description) by extensions ['colcon_pkg']
[0.391s] Level 1:colcon.colcon_core.package_identification:_identify(src/old_gazebo_code/my_robot_description) by extension 'colcon_pkg'
[0.391s] Level 1:colcon.colcon_core.package_identification:_identify(src/old_gazebo_code/my_robot_description) by extensions ['colcon_meta']
[0.391s] Level 1:colcon.colcon_core.package_identification:_identify(src/old_gazebo_code/my_robot_description) by extension 'colcon_meta'
[0.391s] Level 1:colcon.colcon_core.package_identification:_identify(src/old_gazebo_code/my_robot_description) by extensions ['ros']
[0.391s] Level 1:colcon.colcon_core.package_identification:_identify(src/old_gazebo_code/my_robot_description) by extension 'ros'
[0.391s] DEBUG:colcon.colcon_core.package_identification:Package 'src/old_gazebo_code/my_robot_description' with type 'ros.ament_cmake' and name 'my_robot_description'
[0.391s] Level 1:colcon.colcon_core.package_discovery:discover_packages(recursive) using defaults
[0.391s] Level 1:colcon.colcon_core.package_discovery:discover_packages(ignore) discover
[0.391s] Level 1:colcon.colcon_core.package_discovery:discover_packages(ignore) using defaults
[0.391s] Level 1:colcon.colcon_core.package_discovery:discover_packages(path) discover
[0.391s] Level 1:colcon.colcon_core.package_discovery:discover_packages(path) using defaults
[0.420s] Level 1:colcon.colcon_core.package_discovery:discover_packages(prefix_path) check parameters
[0.420s] Level 1:colcon.colcon_core.package_discovery:discover_packages(prefix_path) discover
[0.422s] DEBUG:colcon.colcon_installed_package_information.package_discovery:Found 2 installed packages in /home/quandz/quantest_ws/install
[0.422s] DEBUG:colcon.colcon_installed_package_information.package_discovery:Found 1 installed packages in /home/quandz/quandeptrai/install
[0.423s] DEBUG:colcon.colcon_installed_package_information.package_discovery:Found 3 installed packages in /home/quandz/ros2_ws/install
[0.425s] DEBUG:colcon.colcon_installed_package_information.package_discovery:Found 445 installed packages in /opt/ros/humble
[0.427s] Level 1:colcon.colcon_core.package_discovery:discover_packages(prefix_path) using defaults
[0.482s] Level 5:colcon.colcon_core.verb:set package 'my_robot_description' build argument 'cmake_args' from command line to 'None'
[0.482s] Level 5:colcon.colcon_core.verb:set package 'my_robot_description' build argument 'cmake_target' from command line to 'None'
[0.482s] Level 5:colcon.colcon_core.verb:set package 'my_robot_description' build argument 'cmake_target_skip_unavailable' from command line to 'False'
[0.482s] Level 5:colcon.colcon_core.verb:set package 'my_robot_description' build argument 'cmake_clean_cache' from command line to 'False'
[0.482s] Level 5:colcon.colcon_core.verb:set package 'my_robot_description' build argument 'cmake_clean_first' from command line to 'False'
[0.482s] Level 5:colcon.colcon_core.verb:set package 'my_robot_description' build argument 'cmake_force_configure' from command line to 'False'
[0.482s] Level 5:colcon.colcon_core.verb:set package 'my_robot_description' build argument 'ament_cmake_args' from command line to 'None'
[0.482s] Level 5:colcon.colcon_core.verb:set package 'my_robot_description' build argument 'catkin_cmake_args' from command line to 'None'
[0.482s] Level 5:colcon.colcon_core.verb:set package 'my_robot_description' build argument 'catkin_skip_building_tests' from command line to 'False'
[0.482s] DEBUG:colcon.colcon_core.verb:Building package 'my_robot_description' with the following arguments: {'ament_cmake_args': None, 'build_base': '/home/quandz/quantest_ws/build/my_robot_description', 'catkin_cmake_args': None, 'catkin_skip_building_tests': False, 'cmake_args': None, 'cmake_clean_cache': False, 'cmake_clean_first': False, 'cmake_force_configure': False, 'cmake_target': None, 'cmake_target_skip_unavailable': False, 'install_base': '/home/quandz/quantest_ws/install/my_robot_description', 'merge_install': False, 'path': '/home/quandz/quantest_ws/src/old_gazebo_code/my_robot_description', 'symlink_install': True, 'test_result_base': None}
[0.482s] Level 5:colcon.colcon_core.verb:set package 'my_robot_bringup' build argument 'cmake_args' from command line to 'None'
[0.482s] Level 5:colcon.colcon_core.verb:set package 'my_robot_bringup' build argument 'cmake_target' from command line to 'None'
[0.483s] Level 5:colcon.colcon_core.verb:set package 'my_robot_bringup' build argument 'cmake_target_skip_unavailable' from command line to 'False'
[0.483s] Level 5:colcon.colcon_core.verb:set package 'my_robot_bringup' build argument 'cmake_clean_cache' from command line to 'False'
[0.483s] Level 5:colcon.colcon_core.verb:set package 'my_robot_bringup' build argument 'cmake_clean_first' from command line to 'False'
[0.483s] Level 5:colcon.colcon_core.verb:set package 'my_robot_bringup' build argument 'cmake_force_configure' from command line to 'False'
[0.483s] Level 5:colcon.colcon_core.verb:set package 'my_robot_bringup' build argument 'ament_cmake_args' from command line to 'None'
[0.483s] Level 5:colcon.colcon_core.verb:set package 'my_robot_bringup' build argument 'catkin_cmake_args' from command line to 'None'
[0.483s] Level 5:colcon.colcon_core.verb:set package 'my_robot_bringup' build argument 'catkin_skip_building_tests' from command line to 'False'
[0.483s] DEBUG:colcon.colcon_core.verb:Building package 'my_robot_bringup' with the following arguments: {'ament_cmake_args': None, 'build_base': '/home/quandz/quantest_ws/build/my_robot_bringup', 'catkin_cmake_args': None, 'catkin_skip_building_tests': False, 'cmake_args': None, 'cmake_clean_cache': False, 'cmake_clean_first': False, 'cmake_force_configure': False, 'cmake_target': None, 'cmake_target_skip_unavailable': False, 'install_base': '/home/quandz/quantest_ws/install/my_robot_bringup', 'merge_install': False, 'path': '/home/quandz/quantest_ws/src/old_gazebo_code/my_robot_bringup', 'symlink_install': True, 'test_result_base': None}
[0.483s] INFO:colcon.colcon_core.executor:Executing jobs using 'parallel' executor
[0.484s] DEBUG:colcon.colcon_parallel_executor.executor.parallel:run_until_complete
[0.484s] INFO:colcon.colcon_ros.task.ament_cmake.build:Building ROS package in '/home/quandz/quantest_ws/src/old_gazebo_code/my_robot_description' with build type 'ament_cmake'
[0.485s] INFO:colcon.colcon_cmake.task.cmake.build:Building CMake package in '/home/quandz/quantest_ws/src/old_gazebo_code/my_robot_description'
[0.487s] INFO:colcon.colcon_core.plugin_system:Skipping extension 'colcon_core.shell.bat': Not used on non-Windows systems
[0.488s] INFO:colcon.colcon_core.shell:Skip shell extension 'powershell' for command environment: Not usable outside of PowerShell
[0.488s] DEBUG:colcon.colcon_core.shell:Skip shell extension 'dsv' for command environment
[0.502s] DEBUG:colcon.colcon_core.event_handler.log_command:Invoking command in '/home/quandz/quantest_ws/build/my_robot_description': CMAKE_PREFIX_PATH=${CMAKE_PREFIX_PATH}:/home/quandz/ros2_ws/install/quandeptrai:/opt/ros/humble /usr/bin/cmake --build /home/quandz/quantest_ws/build/my_robot_description -- -j16 -l16
[0.551s] DEBUG:colcon.colcon_core.event_handler.log_command:Invoked command in '/home/quandz/quantest_ws/build/my_robot_description' returned '0': CMAKE_PREFIX_PATH=${CMAKE_PREFIX_PATH}:/home/quandz/ros2_ws/install/quandeptrai:/opt/ros/humble /usr/bin/cmake --build /home/quandz/quantest_ws/build/my_robot_description -- -j16 -l16
[0.564s] DEBUG:colcon.colcon_core.event_handler.log_command:Invoking command in '/home/quandz/quantest_ws/build/my_robot_description': CMAKE_PREFIX_PATH=${CMAKE_PREFIX_PATH}:/home/quandz/ros2_ws/install/quandeptrai:/opt/ros/humble /usr/bin/cmake --install /home/quandz/quantest_ws/build/my_robot_description
[0.593s] Level 1:colcon.colcon_core.environment:create_environment_scripts_only(my_robot_description)
[0.594s] DEBUG:colcon.colcon_core.event_handler.log_command:Invoked command in '/home/quandz/quantest_ws/build/my_robot_description' returned '0': CMAKE_PREFIX_PATH=${CMAKE_PREFIX_PATH}:/home/quandz/ros2_ws/install/quandeptrai:/opt/ros/humble /usr/bin/cmake --install /home/quandz/quantest_ws/build/my_robot_description
[0.596s] Level 1:colcon.colcon_core.environment:checking '/home/quandz/quantest_ws/install/my_robot_description' for CMake module files
[0.597s] Level 1:colcon.colcon_core.environment:checking '/home/quandz/quantest_ws/install/my_robot_description' for CMake config files
[0.597s] Level 1:colcon.colcon_core.shell:create_environment_hook('my_robot_description', 'cmake_prefix_path')
[0.597s] INFO:colcon.colcon_core.shell:Creating environment hook '/home/quandz/quantest_ws/install/my_robot_description/share/my_robot_description/hook/cmake_prefix_path.ps1'
[0.598s] INFO:colcon.colcon_core.shell:Creating environment descriptor '/home/quandz/quantest_ws/install/my_robot_description/share/my_robot_description/hook/cmake_prefix_path.dsv'
[0.598s] INFO:colcon.colcon_core.shell:Creating environment hook '/home/quandz/quantest_ws/install/my_robot_description/share/my_robot_description/hook/cmake_prefix_path.sh'
[0.599s] Level 1:colcon.colcon_core.environment:checking '/home/quandz/quantest_ws/install/my_robot_description/bin'
[0.599s] Level 1:colcon.colcon_core.environment:checking '/home/quandz/quantest_ws/install/my_robot_description/lib/pkgconfig/my_robot_description.pc'
[0.600s] Level 1:colcon.colcon_core.environment:checking '/home/quandz/quantest_ws/install/my_robot_description/lib/python3.10/site-packages'
[0.600s] Level 1:colcon.colcon_core.environment:checking '/home/quandz/quantest_ws/install/my_robot_description/bin'
[0.600s] INFO:colcon.colcon_core.shell:Creating package script '/home/quandz/quantest_ws/install/my_robot_description/share/my_robot_description/package.ps1'
[0.601s] INFO:colcon.colcon_core.shell:Creating package descriptor '/home/quandz/quantest_ws/install/my_robot_description/share/my_robot_description/package.dsv'
[0.602s] INFO:colcon.colcon_core.shell:Creating package script '/home/quandz/quantest_ws/install/my_robot_description/share/my_robot_description/package.sh'
[0.602s] INFO:colcon.colcon_core.shell:Creating package script '/home/quandz/quantest_ws/install/my_robot_description/share/my_robot_description/package.bash'
[0.603s] INFO:colcon.colcon_core.shell:Creating package script '/home/quandz/quantest_ws/install/my_robot_description/share/my_robot_description/package.zsh'
[0.604s] Level 1:colcon.colcon_core.environment:create_file_with_runtime_dependencies(/home/quandz/quantest_ws/install/my_robot_description/share/colcon-core/packages/my_robot_description)
[0.604s] Level 1:colcon.colcon_core.environment:create_environment_scripts_only(my_robot_description)
[0.605s] Level 1:colcon.colcon_core.environment:checking '/home/quandz/quantest_ws/install/my_robot_description' for CMake module files
[0.605s] Level 1:colcon.colcon_core.environment:checking '/home/quandz/quantest_ws/install/my_robot_description' for CMake config files
[0.605s] Level 1:colcon.colcon_core.shell:create_environment_hook('my_robot_description', 'cmake_prefix_path')
[0.606s] INFO:colcon.colcon_core.shell:Creating environment hook '/home/quandz/quantest_ws/install/my_robot_description/share/my_robot_description/hook/cmake_prefix_path.ps1'
[0.606s] INFO:colcon.colcon_core.shell:Creating environment descriptor '/home/quandz/quantest_ws/install/my_robot_description/share/my_robot_description/hook/cmake_prefix_path.dsv'
[0.606s] INFO:colcon.colcon_core.shell:Creating environment hook '/home/quandz/quantest_ws/install/my_robot_description/share/my_robot_description/hook/cmake_prefix_path.sh'
[0.607s] Level 1:colcon.colcon_core.environment:checking '/home/quandz/quantest_ws/install/my_robot_description/bin'
[0.607s] Level 1:colcon.colcon_core.environment:checking '/home/quandz/quantest_ws/install/my_robot_description/lib/pkgconfig/my_robot_description.pc'
[0.607s] Level 1:colcon.colcon_core.environment:checking '/home/quandz/quantest_ws/install/my_robot_description/lib/python3.10/site-packages'
[0.608s] Level 1:colcon.colcon_core.environment:checking '/home/quandz/quantest_ws/install/my_robot_description/bin'
[0.608s] INFO:colcon.colcon_core.shell:Creating package script '/home/quandz/quantest_ws/install/my_robot_description/share/my_robot_description/package.ps1'
[0.608s] INFO:colcon.colcon_core.shell:Creating package descriptor '/home/quandz/quantest_ws/install/my_robot_description/share/my_robot_description/package.dsv'
[0.609s] INFO:colcon.colcon_core.shell:Creating package script '/home/quandz/quantest_ws/install/my_robot_description/share/my_robot_description/package.sh'
[0.609s] INFO:colcon.colcon_core.shell:Creating package script '/home/quandz/quantest_ws/install/my_robot_description/share/my_robot_description/package.bash'
[0.610s] INFO:colcon.colcon_core.shell:Creating package script '/home/quandz/quantest_ws/install/my_robot_description/share/my_robot_description/package.zsh'
[0.610s] Level 1:colcon.colcon_core.environment:create_file_with_runtime_dependencies(/home/quandz/quantest_ws/install/my_robot_description/share/colcon-core/packages/my_robot_description)
[0.611s] INFO:colcon.colcon_ros.task.ament_cmake.build:Building ROS package in '/home/quandz/quantest_ws/src/old_gazebo_code/my_robot_bringup' with build type 'ament_cmake'
[0.611s] INFO:colcon.colcon_cmake.task.cmake.build:Building CMake package in '/home/quandz/quantest_ws/src/old_gazebo_code/my_robot_bringup'
[0.611s] INFO:colcon.colcon_core.shell:Skip shell extension 'powershell' for command environment: Not usable outside of PowerShell
[0.612s] DEBUG:colcon.colcon_core.shell:Skip shell extension 'dsv' for command environment
[0.651s] DEBUG:colcon.colcon_core.event_handler.log_command:Invoking command in '/home/quandz/quantest_ws/build/my_robot_bringup': CMAKE_PREFIX_PATH=/home/quandz/quantest_ws/install/my_robot_description:/home/quandz/quantest_ws/install/my_robot_bringup:/home/quandz/quandeptrai/install/articubot_one:/home/quandz/ros2_ws/install/my_robot_description:/home/quandz/ros2_ws/install/articubot_one:/home/quandz/ros2_ws/install/quandeptrai:/opt/ros/humble /usr/bin/cmake --build /home/quandz/quantest_ws/build/my_robot_bringup -- -j16 -l16
[0.697s] DEBUG:colcon.colcon_core.event_handler.log_command:Invoked command in '/home/quandz/quantest_ws/build/my_robot_bringup' returned '0': CMAKE_PREFIX_PATH=/home/quandz/quantest_ws/install/my_robot_description:/home/quandz/quantest_ws/install/my_robot_bringup:/home/quandz/quandeptrai/install/articubot_one:/home/quandz/ros2_ws/install/my_robot_description:/home/quandz/ros2_ws/install/articubot_one:/home/quandz/ros2_ws/install/quandeptrai:/opt/ros/humble /usr/bin/cmake --build /home/quandz/quantest_ws/build/my_robot_bringup -- -j16 -l16
[0.699s] DEBUG:colcon.colcon_core.event_handler.log_command:Invoking command in '/home/quandz/quantest_ws/build/my_robot_bringup': CMAKE_PREFIX_PATH=/home/quandz/quantest_ws/install/my_robot_description:/home/quandz/quantest_ws/install/my_robot_bringup:/home/quandz/quandeptrai/install/articubot_one:/home/quandz/ros2_ws/install/my_robot_description:/home/quandz/ros2_ws/install/articubot_one:/home/quandz/ros2_ws/install/quandeptrai:/opt/ros/humble /usr/bin/cmake --install /home/quandz/quantest_ws/build/my_robot_bringup
[0.726s] Level 1:colcon.colcon_core.environment:create_environment_scripts_only(my_robot_bringup)
[0.726s] Level 1:colcon.colcon_core.environment:checking '/home/quandz/quantest_ws/install/my_robot_bringup' for CMake module files
[0.728s] DEBUG:colcon.colcon_core.event_handler.log_command:Invoked command in '/home/quandz/quantest_ws/build/my_robot_bringup' returned '0': CMAKE_PREFIX_PATH=/home/quandz/quantest_ws/install/my_robot_description:/home/quandz/quantest_ws/install/my_robot_bringup:/home/quandz/quandeptrai/install/articubot_one:/home/quandz/ros2_ws/install/my_robot_description:/home/quandz/ros2_ws/install/articubot_one:/home/quandz/ros2_ws/install/quandeptrai:/opt/ros/humble /usr/bin/cmake --install /home/quandz/quantest_ws/build/my_robot_bringup
[0.728s] Level 1:colcon.colcon_core.environment:checking '/home/quandz/quantest_ws/install/my_robot_bringup' for CMake config files
[0.728s] Level 1:colcon.colcon_core.shell:create_environment_hook('my_robot_bringup', 'cmake_prefix_path')
[0.728s] INFO:colcon.colcon_core.shell:Creating environment hook '/home/quandz/quantest_ws/install/my_robot_bringup/share/my_robot_bringup/hook/cmake_prefix_path.ps1'
[0.729s] INFO:colcon.colcon_core.shell:Creating environment descriptor '/home/quandz/quantest_ws/install/my_robot_bringup/share/my_robot_bringup/hook/cmake_prefix_path.dsv'
[0.729s] INFO:colcon.colcon_core.shell:Creating environment hook '/home/quandz/quantest_ws/install/my_robot_bringup/share/my_robot_bringup/hook/cmake_prefix_path.sh'
[0.730s] Level 1:colcon.colcon_core.environment:checking '/home/quandz/quantest_ws/install/my_robot_bringup/bin'
[0.730s] Level 1:colcon.colcon_core.environment:checking '/home/quandz/quantest_ws/install/my_robot_bringup/lib/pkgconfig/my_robot_bringup.pc'
[0.730s] Level 1:colcon.colcon_core.environment:checking '/home/quandz/quantest_ws/install/my_robot_bringup/lib/python3.10/site-packages'
[0.731s] Level 1:colcon.colcon_core.environment:checking '/home/quandz/quantest_ws/install/my_robot_bringup/bin'
[0.731s] INFO:colcon.colcon_core.shell:Creating package script '/home/quandz/quantest_ws/install/my_robot_bringup/share/my_robot_bringup/package.ps1'
[0.731s] INFO:colcon.colcon_core.shell:Creating package descriptor '/home/quandz/quantest_ws/install/my_robot_bringup/share/my_robot_bringup/package.dsv'
[0.732s] INFO:colcon.colcon_core.shell:Creating package script '/home/quandz/quantest_ws/install/my_robot_bringup/share/my_robot_bringup/package.sh'
[0.732s] INFO:colcon.colcon_core.shell:Creating package script '/home/quandz/quantest_ws/install/my_robot_bringup/share/my_robot_bringup/package.bash'
[0.733s] INFO:colcon.colcon_core.shell:Creating package script '/home/quandz/quantest_ws/install/my_robot_bringup/share/my_robot_bringup/package.zsh'
[0.733s] Level 1:colcon.colcon_core.environment:create_file_with_runtime_dependencies(/home/quandz/quantest_ws/install/my_robot_bringup/share/colcon-core/packages/my_robot_bringup)
[0.734s] Level 1:colcon.colcon_core.environment:create_environment_scripts_only(my_robot_bringup)
[0.734s] Level 1:colcon.colcon_core.environment:checking '/home/quandz/quantest_ws/install/my_robot_bringup' for CMake module files
[0.734s] Level 1:colcon.colcon_core.environment:checking '/home/quandz/quantest_ws/install/my_robot_bringup' for CMake config files
[0.734s] Level 1:colcon.colcon_core.shell:create_environment_hook('my_robot_bringup', 'cmake_prefix_path')
[0.735s] INFO:colcon.colcon_core.shell:Creating environment hook '/home/quandz/quantest_ws/install/my_robot_bringup/share/my_robot_bringup/hook/cmake_prefix_path.ps1'
[0.735s] INFO:colcon.colcon_core.shell:Creating environment descriptor '/home/quandz/quantest_ws/install/my_robot_bringup/share/my_robot_bringup/hook/cmake_prefix_path.dsv'
[0.735s] INFO:colcon.colcon_core.shell:Creating environment hook '/home/quandz/quantest_ws/install/my_robot_bringup/share/my_robot_bringup/hook/cmake_prefix_path.sh'
[0.736s] Level 1:colcon.colcon_core.environment:checking '/home/quandz/quantest_ws/install/my_robot_bringup/bin'
[0.736s] Level 1:colcon.colcon_core.environment:checking '/home/quandz/quantest_ws/install/my_robot_bringup/lib/pkgconfig/my_robot_bringup.pc'
[0.736s] Level 1:colcon.colcon_core.environment:checking '/home/quandz/quantest_ws/install/my_robot_bringup/lib/python3.10/site-packages'
[0.737s] Level 1:colcon.colcon_core.environment:checking '/home/quandz/quantest_ws/install/my_robot_bringup/bin'
[0.737s] INFO:colcon.colcon_core.shell:Creating package script '/home/quandz/quantest_ws/install/my_robot_bringup/share/my_robot_bringup/package.ps1'
[0.737s] INFO:colcon.colcon_core.shell:Creating package descriptor '/home/quandz/quantest_ws/install/my_robot_bringup/share/my_robot_bringup/package.dsv'
[0.738s] INFO:colcon.colcon_core.shell:Creating package script '/home/quandz/quantest_ws/install/my_robot_bringup/share/my_robot_bringup/package.sh'
[0.738s] INFO:colcon.colcon_core.shell:Creating package script '/home/quandz/quantest_ws/install/my_robot_bringup/share/my_robot_bringup/package.bash'
[0.739s] INFO:colcon.colcon_core.shell:Creating package script '/home/quandz/quantest_ws/install/my_robot_bringup/share/my_robot_bringup/package.zsh'
[0.739s] Level 1:colcon.colcon_core.environment:create_file_with_runtime_dependencies(/home/quandz/quantest_ws/install/my_robot_bringup/share/colcon-core/packages/my_robot_bringup)
[0.739s] DEBUG:colcon.colcon_parallel_executor.executor.parallel:closing loop
[0.740s] DEBUG:colcon.colcon_parallel_executor.executor.parallel:loop closed
[0.740s] DEBUG:colcon.colcon_parallel_executor.executor.parallel:run_until_complete finished with '0'
[0.741s] DEBUG:colcon.colcon_core.event_reactor:joining thread
[0.773s] INFO:colcon.colcon_core.plugin_system:Skipping extension 'colcon_notification.desktop_notification.notify_send': Could not find 'notify-send'
[0.773s] INFO:colcon.colcon_core.plugin_system:Skipping extension 'colcon_notification.desktop_notification.terminal_notifier': Not used on non-Darwin systems
[0.773s] INFO:colcon.colcon_core.plugin_system:Skipping extension 'colcon_notification.desktop_notification.win32': Not used on non-Windows systems
[0.773s] INFO:colcon.colcon_notification.desktop_notification:Sending desktop notification using 'notify2'
[0.774s] DEBUG:colcon.colcon_notification.desktop_notification.notify2:Failed to initialize notify2: org.freedesktop.DBus.Error.FileNotFound: Failed to connect to socket /run/user/1000/bus: No such file or directory
[0.774s] DEBUG:colcon.colcon_core.event_reactor:joined thread
[0.774s] INFO:colcon.colcon_core.shell:Creating prefix script '/home/quandz/quantest_ws/install/local_setup.ps1'
[0.775s] INFO:colcon.colcon_core.shell:Creating prefix util module '/home/quandz/quantest_ws/install/_local_setup_util_ps1.py'
[0.777s] INFO:colcon.colcon_core.shell:Creating prefix chain script '/home/quandz/quantest_ws/install/setup.ps1'
[0.778s] INFO:colcon.colcon_core.shell:Creating prefix script '/home/quandz/quantest_ws/install/local_setup.sh'
[0.779s] INFO:colcon.colcon_core.shell:Creating prefix util module '/home/quandz/quantest_ws/install/_local_setup_util_sh.py'
[0.779s] INFO:colcon.colcon_core.shell:Creating prefix chain script '/home/quandz/quantest_ws/install/setup.sh'
[0.781s] INFO:colcon.colcon_core.shell:Creating prefix script '/home/quandz/quantest_ws/install/local_setup.bash'
[0.781s] INFO:colcon.colcon_core.shell:Creating prefix chain script '/home/quandz/quantest_ws/install/setup.bash'
[0.783s] INFO:colcon.colcon_core.shell:Creating prefix script '/home/quandz/quantest_ws/install/local_setup.zsh'
[0.783s] INFO:colcon.colcon_core.shell:Creating prefix chain script '/home/quandz/quantest_ws/install/setup.zsh'
