[0.025s] Invoking command in '/home/quanzz/quandeptrai/build/my_robot_description': CMAKE_PREFIX_PATH=${CMAKE_PREFIX_PATH}:/home/quanzz/quandeptrai/install/thuattoan:/opt/ros/humble /usr/bin/cmake /home/quanzz/quandeptrai/src/old_gazebo_code/my_robot_description -DAMENT_CMAKE_SYMLINK_INSTALL=1 -DCMAKE_INSTALL_PREFIX=/home/quanzz/quandeptrai/install/my_robot_description
[0.068s] -- Found ament_cmake: 1.3.12 (/opt/ros/humble/share/ament_cmake/cmake)
[0.206s] -- Override CMake install command with custom implementation using symlinks instead of copying resources
[0.301s] -- Configuring done
[0.306s] -- Generating done
[0.308s] -- Build files have been written to: /home/quanzz/quandeptrai/build/my_robot_description
[0.313s] Invoked command in '/home/quanzz/quandeptrai/build/my_robot_description' returned '0': CMAKE_PREFIX_PATH=${CMAKE_PREFIX_PATH}:/home/quanzz/quandeptrai/install/thuattoan:/opt/ros/humble /usr/bin/cmake /home/quanzz/quandeptrai/src/old_gazebo_code/my_robot_description -DAMENT_CMAKE_SYMLINK_INSTALL=1 -DCMAKE_INSTALL_PREFIX=/home/quanzz/quandeptrai/install/my_robot_description
[0.315s] Invoking command in '/home/quanzz/quandeptrai/build/my_robot_description': CMAKE_PREFIX_PATH=${CMAKE_PREFIX_PATH}:/home/quanzz/quandeptrai/install/thuattoan:/opt/ros/humble /usr/bin/cmake --build /home/quanzz/quandeptrai/build/my_robot_description -- -j16 -l16
[0.359s] Invoked command in '/home/quanzz/quandeptrai/build/my_robot_description' returned '0': CMAKE_PREFIX_PATH=${CMAKE_PREFIX_PATH}:/home/quanzz/quandeptrai/install/thuattoan:/opt/ros/humble /usr/bin/cmake --build /home/quanzz/quandeptrai/build/my_robot_description -- -j16 -l16
[0.371s] Invoking command in '/home/quanzz/quandeptrai/build/my_robot_description': CMAKE_PREFIX_PATH=${CMAKE_PREFIX_PATH}:/home/quanzz/quandeptrai/install/thuattoan:/opt/ros/humble /usr/bin/cmake --install /home/quanzz/quandeptrai/build/my_robot_description
[0.378s] -- Install configuration: ""
[0.378s] -- Execute custom install script
[0.379s] -- Symlinking: /home/quanzz/quandeptrai/install/my_robot_description/share/my_robot_description//urdf/camera.xacro
[0.390s] -- Symlinking: /home/quanzz/quandeptrai/install/my_robot_description/share/my_robot_description//urdf/common_properties.xacro
[0.400s] -- Symlinking: /home/quanzz/quandeptrai/install/my_robot_description/share/my_robot_description//urdf/deepcamera.xacro
[0.411s] -- Symlinking: /home/quanzz/quandeptrai/install/my_robot_description/share/my_robot_description//urdf/gazebo_control.xacro
[0.421s] -- Symlinking: /home/quanzz/quandeptrai/install/my_robot_description/share/my_robot_description//urdf/lidar.xacro
[0.432s] -- Symlinking: /home/quanzz/quandeptrai/install/my_robot_description/share/my_robot_description//urdf/mobile_base.xacro
[0.442s] -- Symlinking: /home/quanzz/quandeptrai/install/my_robot_description/share/my_robot_description//urdf/mobile_base_gazebo.xacro
[0.452s] -- Symlinking: /home/quanzz/quandeptrai/install/my_robot_description/share/my_robot_description//urdf/my_robot.urdf.xacro
[0.462s] -- Symlinking: /home/quanzz/quandeptrai/install/my_robot_description/share/my_robot_description//urdf/ros2_control.xacro
[0.473s] -- Symlinking: /home/quanzz/quandeptrai/install/my_robot_description/share/my_robot_description//launch/gazebo.py
[0.484s] -- Symlinking: /home/quanzz/quandeptrai/install/my_robot_description/share/my_robot_description//launch/rviz2.py
[0.494s] -- Symlinking: /home/quanzz/quandeptrai/install/my_robot_description/share/my_robot_description//rviz/quanrviz2.rviz
[0.505s] -- Symlinking: /home/quanzz/quandeptrai/install/my_robot_description/share/my_robot_description//rviz/urdf_config.rviz
[0.517s] -- Symlinking: /home/quanzz/quandeptrai/install/my_robot_description/share/ament_index/resource_index/package_run_dependencies/my_robot_description
[0.528s] -- Symlinking: /home/quanzz/quandeptrai/install/my_robot_description/share/ament_index/resource_index/parent_prefix_path/my_robot_description
[0.538s] -- Symlinking: /home/quanzz/quandeptrai/install/my_robot_description/share/my_robot_description/environment/ament_prefix_path.sh
[0.549s] -- Symlinking: /home/quanzz/quandeptrai/install/my_robot_description/share/my_robot_description/environment/ament_prefix_path.dsv
[0.560s] -- Symlinking: /home/quanzz/quandeptrai/install/my_robot_description/share/my_robot_description/environment/path.sh
[0.571s] -- Symlinking: /home/quanzz/quandeptrai/install/my_robot_description/share/my_robot_description/environment/path.dsv
[0.582s] -- Symlinking: /home/quanzz/quandeptrai/install/my_robot_description/share/my_robot_description/local_setup.bash
[0.593s] -- Symlinking: /home/quanzz/quandeptrai/install/my_robot_description/share/my_robot_description/local_setup.sh
[0.604s] -- Symlinking: /home/quanzz/quandeptrai/install/my_robot_description/share/my_robot_description/local_setup.zsh
[0.615s] -- Symlinking: /home/quanzz/quandeptrai/install/my_robot_description/share/my_robot_description/local_setup.dsv
[0.626s] -- Symlinking: /home/quanzz/quandeptrai/install/my_robot_description/share/my_robot_description/package.dsv
[0.636s] -- Symlinking: /home/quanzz/quandeptrai/install/my_robot_description/share/ament_index/resource_index/packages/my_robot_description
[0.646s] -- Symlinking: /home/quanzz/quandeptrai/install/my_robot_description/share/my_robot_description/cmake/my_robot_descriptionConfig.cmake
[0.656s] -- Symlinking: /home/quanzz/quandeptrai/install/my_robot_description/share/my_robot_description/cmake/my_robot_descriptionConfig-version.cmake
[0.667s] -- Symlinking: /home/quanzz/quandeptrai/install/my_robot_description/share/my_robot_description/package.xml
[0.680s] Invoked command in '/home/quanzz/quandeptrai/build/my_robot_description' returned '0': CMAKE_PREFIX_PATH=${CMAKE_PREFIX_PATH}:/home/quanzz/quandeptrai/install/thuattoan:/opt/ros/humble /usr/bin/cmake --install /home/quanzz/quandeptrai/build/my_robot_description
