[0.035s] Invoking command in '/home/quandz/quantest_ws/build/my_robot_bringup': AMENT_PREFIX_PATH=/home/quandz/quantest_ws/install/my_robot_description:${AMENT_PREFIX_PATH} CMAKE_PREFIX_PATH=/home/quandz/quantest_ws/install/my_robot_description:/home/quandz/ros2_ws/install/my_robot_description:/home/quandz/ros2_ws/install/articubot_one:/home/quandz/ros2_ws/install/quandeptrai:/opt/ros/humble /usr/bin/cmake /home/quandz/quantest_ws/src/old_gazebo_code/my_robot_bringup -DCMAKE_INSTALL_PREFIX=/home/quandz/quantest_ws/install/my_robot_bringup
[0.137s] -- The C compiler identification is GNU 11.4.0
[0.441s] -- The CXX compiler identification is GNU 11.4.0
[0.646s] -- Detecting C compiler ABI info
[0.766s] -- Detecting C compiler ABI info - done
[0.772s] -- Check for working C compiler: /usr/bin/cc - skipped
[0.772s] -- Detecting C compile features
[0.772s] -- Detecting C compile features - done
[0.775s] -- Detecting CXX compiler ABI info
[0.905s] -- Detecting CXX compiler ABI info - done
[0.910s] -- Check for working CXX compiler: /usr/bin/c++ - skipped
[0.910s] -- Detecting CXX compile features
[0.911s] -- Detecting CXX compile features - done
[0.914s] -- Found ament_cmake: 1.3.12 (/opt/ros/humble/share/ament_cmake/cmake)
[1.051s] -- Found Python3: /usr/bin/python3 (found version "3.10.12") found components: Interpreter 
[1.200s] -- Configuring done
[1.206s] -- Generating done
[1.208s] -- Build files have been written to: /home/quandz/quantest_ws/build/my_robot_bringup
[1.214s] Invoked command in '/home/quandz/quantest_ws/build/my_robot_bringup' returned '0': AMENT_PREFIX_PATH=/home/quandz/quantest_ws/install/my_robot_description:${AMENT_PREFIX_PATH} CMAKE_PREFIX_PATH=/home/quandz/quantest_ws/install/my_robot_description:/home/quandz/ros2_ws/install/my_robot_description:/home/quandz/ros2_ws/install/articubot_one:/home/quandz/ros2_ws/install/quandeptrai:/opt/ros/humble /usr/bin/cmake /home/quandz/quantest_ws/src/old_gazebo_code/my_robot_bringup -DCMAKE_INSTALL_PREFIX=/home/quandz/quantest_ws/install/my_robot_bringup
[1.216s] Invoking command in '/home/quandz/quantest_ws/build/my_robot_bringup': AMENT_PREFIX_PATH=/home/quandz/quantest_ws/install/my_robot_description:${AMENT_PREFIX_PATH} CMAKE_PREFIX_PATH=/home/quandz/quantest_ws/install/my_robot_description:/home/quandz/ros2_ws/install/my_robot_description:/home/quandz/ros2_ws/install/articubot_one:/home/quandz/ros2_ws/install/quandeptrai:/opt/ros/humble /usr/bin/cmake --build /home/quandz/quantest_ws/build/my_robot_bringup -- -j16 -l16
[1.256s] Invoked command in '/home/quandz/quantest_ws/build/my_robot_bringup' returned '0': AMENT_PREFIX_PATH=/home/quandz/quantest_ws/install/my_robot_description:${AMENT_PREFIX_PATH} CMAKE_PREFIX_PATH=/home/quandz/quantest_ws/install/my_robot_description:/home/quandz/ros2_ws/install/my_robot_description:/home/quandz/ros2_ws/install/articubot_one:/home/quandz/ros2_ws/install/quandeptrai:/opt/ros/humble /usr/bin/cmake --build /home/quandz/quantest_ws/build/my_robot_bringup -- -j16 -l16
[1.259s] Invoking command in '/home/quandz/quantest_ws/build/my_robot_bringup': AMENT_PREFIX_PATH=/home/quandz/quantest_ws/install/my_robot_description:${AMENT_PREFIX_PATH} CMAKE_PREFIX_PATH=/home/quandz/quantest_ws/install/my_robot_description:/home/quandz/ros2_ws/install/my_robot_description:/home/quandz/ros2_ws/install/articubot_one:/home/quandz/ros2_ws/install/quandeptrai:/opt/ros/humble /usr/bin/cmake --install /home/quandz/quantest_ws/build/my_robot_bringup
[1.265s] -- Install configuration: ""
[1.266s] -- Installing: /home/quandz/quantest_ws/install/my_robot_bringup/share/my_robot_bringup//launch
[1.268s] -- Installing: /home/quandz/quantest_ws/install/my_robot_bringup/share/my_robot_bringup//launch/my_robot_gazebo.launch.xml
[1.268s] -- Installing: /home/quandz/quantest_ws/install/my_robot_bringup/share/my_robot_bringup//rviz
[1.269s] -- Installing: /home/quandz/quantest_ws/install/my_robot_bringup/share/my_robot_bringup//rviz/urdf_config.rviz
[1.271s] -- Installing: /home/quandz/quantest_ws/install/my_robot_bringup/share/ament_index/resource_index/package_run_dependencies/my_robot_bringup
[1.271s] -- Installing: /home/quandz/quantest_ws/install/my_robot_bringup/share/ament_index/resource_index/parent_prefix_path/my_robot_bringup
[1.272s] -- Installing: /home/quandz/quantest_ws/install/my_robot_bringup/share/my_robot_bringup/environment/ament_prefix_path.sh
[1.272s] -- Installing: /home/quandz/quantest_ws/install/my_robot_bringup/share/my_robot_bringup/environment/ament_prefix_path.dsv
[1.272s] -- Installing: /home/quandz/quantest_ws/install/my_robot_bringup/share/my_robot_bringup/environment/path.sh
[1.272s] -- Installing: /home/quandz/quantest_ws/install/my_robot_bringup/share/my_robot_bringup/environment/path.dsv
[1.273s] -- Installing: /home/quandz/quantest_ws/install/my_robot_bringup/share/my_robot_bringup/local_setup.bash
[1.273s] -- Installing: /home/quandz/quantest_ws/install/my_robot_bringup/share/my_robot_bringup/local_setup.sh
[1.273s] -- Installing: /home/quandz/quantest_ws/install/my_robot_bringup/share/my_robot_bringup/local_setup.zsh
[1.273s] -- Installing: /home/quandz/quantest_ws/install/my_robot_bringup/share/my_robot_bringup/local_setup.dsv
[1.273s] -- Installing: /home/quandz/quantest_ws/install/my_robot_bringup/share/my_robot_bringup/package.dsv
[1.274s] -- Installing: /home/quandz/quantest_ws/install/my_robot_bringup/share/ament_index/resource_index/packages/my_robot_bringup
[1.275s] -- Installing: /home/quandz/quantest_ws/install/my_robot_bringup/share/my_robot_bringup/cmake/my_robot_bringupConfig.cmake
[1.275s] -- Installing: /home/quandz/quantest_ws/install/my_robot_bringup/share/my_robot_bringup/cmake/my_robot_bringupConfig-version.cmake
[1.275s] -- Installing: /home/quandz/quantest_ws/install/my_robot_bringup/share/my_robot_bringup/package.xml
[1.279s] Invoked command in '/home/quandz/quantest_ws/build/my_robot_bringup' returned '0': AMENT_PREFIX_PATH=/home/quandz/quantest_ws/install/my_robot_description:${AMENT_PREFIX_PATH} CMAKE_PREFIX_PATH=/home/quandz/quantest_ws/install/my_robot_description:/home/quandz/ros2_ws/install/my_robot_description:/home/quandz/ros2_ws/install/articubot_one:/home/quandz/ros2_ws/install/quandeptrai:/opt/ros/humble /usr/bin/cmake --install /home/quandz/quantest_ws/build/my_robot_bringup
