[0.033s] Invoking command in '/home/quanzz/quandeptrai/build/my_robot_bringup': CMAKE_PREFIX_PATH=/home/quanzz/quandeptrai/install/my_robot_description:/home/quanzz/quandeptrai/install/my_robot_bringup:/home/quanzz/quandeptrai/install/thuattoan:/opt/ros/humble /usr/bin/cmake /home/quanzz/quandeptrai/src/old_gazebo_code/my_robot_bringup -DAMENT_CMAKE_SYMLINK_INSTALL=1 -DCMAKE_INSTALL_PREFIX=/home/quanzz/quandeptrai/install/my_robot_bringup
[0.046s] -- Found ament_cmake: 1.3.12 (/opt/ros/humble/share/ament_cmake/cmake)
[0.156s] -- Override CMake install command with custom implementation using symlinks instead of copying resources
[0.223s] -- Configuring done
[0.226s] -- Generating done
[0.229s] -- Build files have been written to: /home/quanzz/quandeptrai/build/my_robot_bringup
[0.232s] Invoked command in '/home/quanzz/quandeptrai/build/my_robot_bringup' returned '0': CMAKE_PREFIX_PATH=/home/quanzz/quandeptrai/install/my_robot_description:/home/quanzz/quandeptrai/install/my_robot_bringup:/home/quanzz/quandeptrai/install/thuattoan:/opt/ros/humble /usr/bin/cmake /home/quanzz/quandeptrai/src/old_gazebo_code/my_robot_bringup -DAMENT_CMAKE_SYMLINK_INSTALL=1 -DCMAKE_INSTALL_PREFIX=/home/quanzz/quandeptrai/install/my_robot_bringup
[0.234s] Invoking command in '/home/quanzz/quandeptrai/build/my_robot_bringup': CMAKE_PREFIX_PATH=/home/quanzz/quandeptrai/install/my_robot_description:/home/quanzz/quandeptrai/install/my_robot_bringup:/home/quanzz/quandeptrai/install/thuattoan:/opt/ros/humble /usr/bin/cmake --build /home/quanzz/quandeptrai/build/my_robot_bringup -- -j16 -l16
[0.275s] Invoked command in '/home/quanzz/quandeptrai/build/my_robot_bringup' returned '0': CMAKE_PREFIX_PATH=/home/quanzz/quandeptrai/install/my_robot_description:/home/quanzz/quandeptrai/install/my_robot_bringup:/home/quanzz/quandeptrai/install/thuattoan:/opt/ros/humble /usr/bin/cmake --build /home/quanzz/quandeptrai/build/my_robot_bringup -- -j16 -l16
[0.278s] Invoking command in '/home/quanzz/quandeptrai/build/my_robot_bringup': CMAKE_PREFIX_PATH=/home/quanzz/quandeptrai/install/my_robot_description:/home/quanzz/quandeptrai/install/my_robot_bringup:/home/quanzz/quandeptrai/install/thuattoan:/opt/ros/humble /usr/bin/cmake --install /home/quanzz/quandeptrai/build/my_robot_bringup
[0.285s] -- Install configuration: ""
[0.285s] -- Execute custom install script
[0.286s] -- Symlinking: /home/quanzz/quandeptrai/install/my_robot_bringup/share/my_robot_bringup//launch/my_robot_gazebo.launch.py
[0.297s] -- Symlinking: /home/quanzz/quandeptrai/install/my_robot_bringup/share/my_robot_bringup//launch/quan.py
[0.310s] -- Symlinking: /home/quanzz/quandeptrai/install/my_robot_bringup/share/my_robot_bringup//rviz/urdf_config.rviz
[0.320s] -- Symlinking: /home/quanzz/quandeptrai/install/my_robot_bringup/share/my_robot_bringup//config/mapper.yaml
[0.331s] -- Symlinking: /home/quanzz/quandeptrai/install/my_robot_bringup/share/my_robot_bringup//config/quan_controller.yaml
[0.342s] -- Symlinking: /home/quanzz/quandeptrai/install/my_robot_bringup/share/ament_index/resource_index/package_run_dependencies/my_robot_bringup
[0.352s] -- Symlinking: /home/quanzz/quandeptrai/install/my_robot_bringup/share/ament_index/resource_index/parent_prefix_path/my_robot_bringup
[0.363s] -- Symlinking: /home/quanzz/quandeptrai/install/my_robot_bringup/share/my_robot_bringup/environment/ament_prefix_path.sh
[0.373s] -- Symlinking: /home/quanzz/quandeptrai/install/my_robot_bringup/share/my_robot_bringup/environment/ament_prefix_path.dsv
[0.383s] -- Symlinking: /home/quanzz/quandeptrai/install/my_robot_bringup/share/my_robot_bringup/environment/path.sh
[0.393s] -- Symlinking: /home/quanzz/quandeptrai/install/my_robot_bringup/share/my_robot_bringup/environment/path.dsv
[0.404s] -- Symlinking: /home/quanzz/quandeptrai/install/my_robot_bringup/share/my_robot_bringup/local_setup.bash
[0.415s] -- Symlinking: /home/quanzz/quandeptrai/install/my_robot_bringup/share/my_robot_bringup/local_setup.sh
[0.426s] -- Symlinking: /home/quanzz/quandeptrai/install/my_robot_bringup/share/my_robot_bringup/local_setup.zsh
[0.437s] -- Symlinking: /home/quanzz/quandeptrai/install/my_robot_bringup/share/my_robot_bringup/local_setup.dsv
[0.447s] -- Symlinking: /home/quanzz/quandeptrai/install/my_robot_bringup/share/my_robot_bringup/package.dsv
[0.458s] -- Symlinking: /home/quanzz/quandeptrai/install/my_robot_bringup/share/ament_index/resource_index/packages/my_robot_bringup
[0.469s] -- Symlinking: /home/quanzz/quandeptrai/install/my_robot_bringup/share/my_robot_bringup/cmake/my_robot_bringupConfig.cmake
[0.480s] -- Symlinking: /home/quanzz/quandeptrai/install/my_robot_bringup/share/my_robot_bringup/cmake/my_robot_bringupConfig-version.cmake
[0.490s] -- Symlinking: /home/quanzz/quandeptrai/install/my_robot_bringup/share/my_robot_bringup/package.xml
[0.504s] Invoked command in '/home/quanzz/quandeptrai/build/my_robot_bringup' returned '0': CMAKE_PREFIX_PATH=/home/quanzz/quandeptrai/install/my_robot_description:/home/quanzz/quandeptrai/install/my_robot_bringup:/home/quanzz/quandeptrai/install/thuattoan:/opt/ros/humble /usr/bin/cmake --install /home/quanzz/quandeptrai/build/my_robot_bringup
