running develop
running egg_info
creating thuattoan.egg-info
writing thuattoan.egg-info/PKG-INFO
writing dependency_links to thuattoan.egg-info/dependency_links.txt
writing entry points to thuattoan.egg-info/entry_points.txt
writing requirements to thuattoan.egg-info/requires.txt
writing top-level names to thuattoan.egg-info/top_level.txt
writing manifest file 'thuattoan.egg-info/SOURCES.txt'
reading manifest file 'thuattoan.egg-info/SOURCES.txt'
writing manifest file 'thuattoan.egg-info/SOURCES.txt'
running build_ext
Creating /home/quandz/quantest_ws/install/thuattoan/lib/python3.10/site-packages/thuattoan.egg-link (link to .)
Installing hinhtron script to /home/quandz/quantest_ws/install/thuattoan/lib/thuattoan

Installed /home/quandz/quantest_ws/build/thuattoan
running symlink_data
creating /home/quandz/quantest_ws/install/thuattoan/share/ament_index
creating /home/quandz/quantest_ws/install/thuattoan/share/ament_index/resource_index
creating /home/quandz/quantest_ws/install/thuattoan/share/ament_index/resource_index/packages
symbolically linking /home/quandz/quantest_ws/build/thuattoan/resource/thuattoan -> /home/quandz/quantest_ws/install/thuattoan/share/ament_index/resource_index/packages
symbolically linking /home/quandz/quantest_ws/build/thuattoan/package.xml -> /home/quandz/quantest_ws/install/thuattoan/share/thuattoan
