[0.038s] Invoking command in '/home/quanzz/quandeptrai/build/my_robot_bringup': AMENT_PREFIX_PATH=/home/quanzz/quandeptrai/install/my_robot_description:${AMENT_PREFIX_PATH} CMAKE_PREFIX_PATH=/home/quanzz/quandeptrai/install/my_robot_description:/opt/ros/humble /usr/bin/cmake /home/quanzz/quandeptrai/src/old_gazebo_code/my_robot_bringup -DCMAKE_INSTALL_PREFIX=/home/quanzz/quandeptrai/install/my_robot_bringup
[0.146s] -- The C compiler identification is GNU 11.4.0
[0.457s] -- The CXX compiler identification is GNU 11.4.0
[0.667s] -- Detecting C compiler ABI info
[0.788s] -- Detecting C compiler ABI info - done
[0.794s] -- Check for working C compiler: /usr/bin/cc - skipped
[0.794s] -- Detecting C compile features
[0.794s] -- Detecting C compile features - done
[0.797s] -- Detecting CXX compiler ABI info
[0.932s] -- Detecting CXX compiler ABI info - done
[0.939s] -- Check for working CXX compiler: /usr/bin/c++ - skipped
[0.939s] -- Detecting CXX compile features
[0.939s] -- Detecting CXX compile features - done
[0.941s] -- Found ament_cmake: 1.3.12 (/opt/ros/humble/share/ament_cmake/cmake)
[1.082s] -- Found Python3: /usr/bin/python3 (found version "3.10.12") found components: Interpreter 
[1.222s] -- Configuring done
[1.229s] -- Generating done
[1.232s] -- Build files have been written to: /home/quanzz/quandeptrai/build/my_robot_bringup
[1.238s] Invoked command in '/home/quanzz/quandeptrai/build/my_robot_bringup' returned '0': AMENT_PREFIX_PATH=/home/quanzz/quandeptrai/install/my_robot_description:${AMENT_PREFIX_PATH} CMAKE_PREFIX_PATH=/home/quanzz/quandeptrai/install/my_robot_description:/opt/ros/humble /usr/bin/cmake /home/quanzz/quandeptrai/src/old_gazebo_code/my_robot_bringup -DCMAKE_INSTALL_PREFIX=/home/quanzz/quandeptrai/install/my_robot_bringup
[1.239s] Invoking command in '/home/quanzz/quandeptrai/build/my_robot_bringup': AMENT_PREFIX_PATH=/home/quanzz/quandeptrai/install/my_robot_description:${AMENT_PREFIX_PATH} CMAKE_PREFIX_PATH=/home/quanzz/quandeptrai/install/my_robot_description:/opt/ros/humble /usr/bin/cmake --build /home/quanzz/quandeptrai/build/my_robot_bringup -- -j16 -l16
[1.263s] -- Found ament_cmake: 1.3.12 (/opt/ros/humble/share/ament_cmake/cmake)
[1.447s] -- Configuring done
[1.450s] -- Generating done
[1.452s] -- Build files have been written to: /home/quanzz/quandeptrai/build/my_robot_bringup
[1.477s] Invoked command in '/home/quanzz/quandeptrai/build/my_robot_bringup' returned '0': AMENT_PREFIX_PATH=/home/quanzz/quandeptrai/install/my_robot_description:${AMENT_PREFIX_PATH} CMAKE_PREFIX_PATH=/home/quanzz/quandeptrai/install/my_robot_description:/opt/ros/humble /usr/bin/cmake --build /home/quanzz/quandeptrai/build/my_robot_bringup -- -j16 -l16
[1.479s] Invoking command in '/home/quanzz/quandeptrai/build/my_robot_bringup': AMENT_PREFIX_PATH=/home/quanzz/quandeptrai/install/my_robot_description:${AMENT_PREFIX_PATH} CMAKE_PREFIX_PATH=/home/quanzz/quandeptrai/install/my_robot_description:/opt/ros/humble /usr/bin/cmake --install /home/quanzz/quandeptrai/build/my_robot_bringup
[1.487s] -- Install configuration: ""
[1.487s] -- Installing: /home/quanzz/quandeptrai/install/my_robot_bringup/share/my_robot_bringup//launch
[1.489s] -- Installing: /home/quanzz/quandeptrai/install/my_robot_bringup/share/my_robot_bringup//launch/my_robot_gazebo.launch.py
[1.489s] -- Installing: /home/quanzz/quandeptrai/install/my_robot_bringup/share/my_robot_bringup//launch/quan.py
[1.489s] -- Installing: /home/quanzz/quandeptrai/install/my_robot_bringup/share/my_robot_bringup//rviz
[1.490s] -- Installing: /home/quanzz/quandeptrai/install/my_robot_bringup/share/my_robot_bringup//rviz/urdf_config.rviz
[1.490s] -- Installing: /home/quanzz/quandeptrai/install/my_robot_bringup/share/my_robot_bringup//config
[1.490s] -- Installing: /home/quanzz/quandeptrai/install/my_robot_bringup/share/my_robot_bringup//config/mapper.yaml
[1.491s] -- Installing: /home/quanzz/quandeptrai/install/my_robot_bringup/share/my_robot_bringup//config/quan_controller.yaml
[1.492s] -- Installing: /home/quanzz/quandeptrai/install/my_robot_bringup/share/ament_index/resource_index/package_run_dependencies/my_robot_bringup
[1.493s] -- Installing: /home/quanzz/quandeptrai/install/my_robot_bringup/share/ament_index/resource_index/parent_prefix_path/my_robot_bringup
[1.493s] -- Installing: /home/quanzz/quandeptrai/install/my_robot_bringup/share/my_robot_bringup/environment/ament_prefix_path.sh
[1.494s] -- Installing: /home/quanzz/quandeptrai/install/my_robot_bringup/share/my_robot_bringup/environment/ament_prefix_path.dsv
[1.494s] -- Installing: /home/quanzz/quandeptrai/install/my_robot_bringup/share/my_robot_bringup/environment/path.sh
[1.494s] -- Installing: /home/quanzz/quandeptrai/install/my_robot_bringup/share/my_robot_bringup/environment/path.dsv
[1.494s] -- Installing: /home/quanzz/quandeptrai/install/my_robot_bringup/share/my_robot_bringup/local_setup.bash
[1.494s] -- Installing: /home/quanzz/quandeptrai/install/my_robot_bringup/share/my_robot_bringup/local_setup.sh
[1.495s] -- Installing: /home/quanzz/quandeptrai/install/my_robot_bringup/share/my_robot_bringup/local_setup.zsh
[1.495s] -- Installing: /home/quanzz/quandeptrai/install/my_robot_bringup/share/my_robot_bringup/local_setup.dsv
[1.495s] -- Installing: /home/quanzz/quandeptrai/install/my_robot_bringup/share/my_robot_bringup/package.dsv
[1.496s] -- Installing: /home/quanzz/quandeptrai/install/my_robot_bringup/share/ament_index/resource_index/packages/my_robot_bringup
[1.496s] -- Installing: /home/quanzz/quandeptrai/install/my_robot_bringup/share/my_robot_bringup/cmake/my_robot_bringupConfig.cmake
[1.497s] -- Installing: /home/quanzz/quandeptrai/install/my_robot_bringup/share/my_robot_bringup/cmake/my_robot_bringupConfig-version.cmake
[1.497s] -- Installing: /home/quanzz/quandeptrai/install/my_robot_bringup/share/my_robot_bringup/package.xml
[1.500s] Invoked command in '/home/quanzz/quandeptrai/build/my_robot_bringup' returned '0': AMENT_PREFIX_PATH=/home/quanzz/quandeptrai/install/my_robot_description:${AMENT_PREFIX_PATH} CMAKE_PREFIX_PATH=/home/quanzz/quandeptrai/install/my_robot_description:/opt/ros/humble /usr/bin/cmake --install /home/quanzz/quandeptrai/build/my_robot_bringup
