[0.146s] DEBUG:colcon:Command line arguments: ['/usr/bin/colcon', 'build', '--symlink-install']
[0.146s] DEBUG:colcon:Parsed command line arguments: Namespace(log_base=None, log_level=None, verb_name='build', build_base='build', install_base='install', merge_install=False, symlink_install=True, test_result_base=None, continue_on_error=False, executor='parallel', parallel_workers=16, event_handlers=None, ignore_user_meta=False, metas=['./colcon.meta'], base_paths=['.'], packages_ignore=None, packages_ignore_regex=None, paths=None, packages_up_to=None, packages_up_to_regex=None, packages_above=None, packages_above_and_dependencies=None, packages_above_depth=None, packages_select_by_dep=None, packages_skip_by_dep=None, packages_skip_up_to=None, packages_select_build_failed=False, packages_skip_build_finished=False, packages_select_test_failures=False, packages_skip_test_passed=False, packages_select=None, packages_skip=None, packages_select_regex=None, packages_skip_regex=None, packages_start=None, packages_end=None, allow_overriding=[], cmake_args=None, cmake_target=None, cmake_target_skip_unavailable=False, cmake_clean_cache=False, cmake_clean_first=False, cmake_force_configure=False, ament_cmake_args=None, catkin_cmake_args=None, catkin_skip_building_tests=False, verb_parser=<colcon_defaults.argument_parser.defaults.DefaultArgumentsDecorator object at 0x750502a1d960>, verb_extension=<colcon_core.verb.build.BuildVerb object at 0x750502a1d510>, main=<bound method BuildVerb.main of <colcon_core.verb.build.BuildVerb object at 0x750502a1d510>>)
[0.307s] Level 1:colcon.colcon_core.package_discovery:discover_packages(colcon_meta) check parameters
[0.308s] Level 1:colcon.colcon_core.package_discovery:discover_packages(recursive) check parameters
[0.308s] Level 1:colcon.colcon_core.package_discovery:discover_packages(ignore) check parameters
[0.308s] Level 1:colcon.colcon_core.package_discovery:discover_packages(path) check parameters
[0.308s] Level 1:colcon.colcon_core.package_discovery:discover_packages(colcon_meta) discover
[0.308s] Level 1:colcon.colcon_core.package_discovery:discover_packages(recursive) discover
[0.308s] INFO:colcon.colcon_core.package_discovery:Crawling recursively for packages in '/home/quandz/quantest_ws'
[0.308s] Level 1:colcon.colcon_core.package_identification:_identify(.) by extensions ['ignore', 'ignore_ament_install']
[0.308s] Level 1:colcon.colcon_core.package_identification:_identify(.) by extension 'ignore'
[0.308s] Level 1:colcon.colcon_core.package_identification:_identify(.) by extension 'ignore_ament_install'
[0.308s] Level 1:colcon.colcon_core.package_identification:_identify(.) by extensions ['colcon_pkg']
[0.308s] Level 1:colcon.colcon_core.package_identification:_identify(.) by extension 'colcon_pkg'
[0.308s] Level 1:colcon.colcon_core.package_identification:_identify(.) by extensions ['colcon_meta']
[0.308s] Level 1:colcon.colcon_core.package_identification:_identify(.) by extension 'colcon_meta'
[0.308s] Level 1:colcon.colcon_core.package_identification:_identify(.) by extensions ['ros']
[0.308s] Level 1:colcon.colcon_core.package_identification:_identify(.) by extension 'ros'
[0.318s] Level 1:colcon.colcon_core.package_identification:_identify(.) by extensions ['cmake', 'python']
[0.318s] Level 1:colcon.colcon_core.package_identification:_identify(.) by extension 'cmake'
[0.318s] Level 1:colcon.colcon_core.package_identification:_identify(.) by extension 'python'
[0.318s] Level 1:colcon.colcon_core.package_identification:_identify(.) by extensions ['python_setup_py']
[0.318s] Level 1:colcon.colcon_core.package_identification:_identify(.) by extension 'python_setup_py'
[0.318s] Level 1:colcon.colcon_core.package_identification:_identify(build) by extensions ['ignore', 'ignore_ament_install']
[0.319s] Level 1:colcon.colcon_core.package_identification:_identify(build) by extension 'ignore'
[0.319s] Level 1:colcon.colcon_core.package_identification:_identify(build) ignored
[0.319s] Level 1:colcon.colcon_core.package_identification:_identify(install) by extensions ['ignore', 'ignore_ament_install']
[0.319s] Level 1:colcon.colcon_core.package_identification:_identify(install) by extension 'ignore'
[0.319s] Level 1:colcon.colcon_core.package_identification:_identify(install) ignored
[0.319s] Level 1:colcon.colcon_core.package_identification:_identify(log) by extensions ['ignore', 'ignore_ament_install']
[0.319s] Level 1:colcon.colcon_core.package_identification:_identify(log) by extension 'ignore'
[0.319s] Level 1:colcon.colcon_core.package_identification:_identify(log) ignored
[0.319s] Level 1:colcon.colcon_core.package_identification:_identify(src) by extensions ['ignore', 'ignore_ament_install']
[0.320s] Level 1:colcon.colcon_core.package_identification:_identify(src) by extension 'ignore'
[0.320s] Level 1:colcon.colcon_core.package_identification:_identify(src) by extension 'ignore_ament_install'
[0.320s] Level 1:colcon.colcon_core.package_identification:_identify(src) by extensions ['colcon_pkg']
[0.320s] Level 1:colcon.colcon_core.package_identification:_identify(src) by extension 'colcon_pkg'
[0.320s] Level 1:colcon.colcon_core.package_identification:_identify(src) by extensions ['colcon_meta']
[0.320s] Level 1:colcon.colcon_core.package_identification:_identify(src) by extension 'colcon_meta'
[0.320s] Level 1:colcon.colcon_core.package_identification:_identify(src) by extensions ['ros']
[0.320s] Level 1:colcon.colcon_core.package_identification:_identify(src) by extension 'ros'
[0.320s] Level 1:colcon.colcon_core.package_identification:_identify(src) by extensions ['cmake', 'python']
[0.320s] Level 1:colcon.colcon_core.package_identification:_identify(src) by extension 'cmake'
[0.320s] Level 1:colcon.colcon_core.package_identification:_identify(src) by extension 'python'
[0.320s] Level 1:colcon.colcon_core.package_identification:_identify(src) by extensions ['python_setup_py']
[0.320s] Level 1:colcon.colcon_core.package_identification:_identify(src) by extension 'python_setup_py'
[0.320s] Level 1:colcon.colcon_core.package_identification:_identify(src/old_gazebo_code) by extensions ['ignore', 'ignore_ament_install']
[0.320s] Level 1:colcon.colcon_core.package_identification:_identify(src/old_gazebo_code) by extension 'ignore'
[0.320s] Level 1:colcon.colcon_core.package_identification:_identify(src/old_gazebo_code) by extension 'ignore_ament_install'
[0.320s] Level 1:colcon.colcon_core.package_identification:_identify(src/old_gazebo_code) by extensions ['colcon_pkg']
[0.321s] Level 1:colcon.colcon_core.package_identification:_identify(src/old_gazebo_code) by extension 'colcon_pkg'
[0.321s] Level 1:colcon.colcon_core.package_identification:_identify(src/old_gazebo_code) by extensions ['colcon_meta']
[0.321s] Level 1:colcon.colcon_core.package_identification:_identify(src/old_gazebo_code) by extension 'colcon_meta'
[0.321s] Level 1:colcon.colcon_core.package_identification:_identify(src/old_gazebo_code) by extensions ['ros']
[0.321s] Level 1:colcon.colcon_core.package_identification:_identify(src/old_gazebo_code) by extension 'ros'
[0.321s] Level 1:colcon.colcon_core.package_identification:_identify(src/old_gazebo_code) by extensions ['cmake', 'python']
[0.321s] Level 1:colcon.colcon_core.package_identification:_identify(src/old_gazebo_code) by extension 'cmake'
[0.321s] Level 1:colcon.colcon_core.package_identification:_identify(src/old_gazebo_code) by extension 'python'
[0.321s] Level 1:colcon.colcon_core.package_identification:_identify(src/old_gazebo_code) by extensions ['python_setup_py']
[0.321s] Level 1:colcon.colcon_core.package_identification:_identify(src/old_gazebo_code) by extension 'python_setup_py'
[0.321s] Level 1:colcon.colcon_core.package_identification:_identify(src/old_gazebo_code/my_robot_bringup) by extensions ['ignore', 'ignore_ament_install']
[0.321s] Level 1:colcon.colcon_core.package_identification:_identify(src/old_gazebo_code/my_robot_bringup) by extension 'ignore'
[0.321s] Level 1:colcon.colcon_core.package_identification:_identify(src/old_gazebo_code/my_robot_bringup) by extension 'ignore_ament_install'
[0.321s] Level 1:colcon.colcon_core.package_identification:_identify(src/old_gazebo_code/my_robot_bringup) by extensions ['colcon_pkg']
[0.321s] Level 1:colcon.colcon_core.package_identification:_identify(src/old_gazebo_code/my_robot_bringup) by extension 'colcon_pkg'
[0.321s] Level 1:colcon.colcon_core.package_identification:_identify(src/old_gazebo_code/my_robot_bringup) by extensions ['colcon_meta']
[0.321s] Level 1:colcon.colcon_core.package_identification:_identify(src/old_gazebo_code/my_robot_bringup) by extension 'colcon_meta'
[0.321s] Level 1:colcon.colcon_core.package_identification:_identify(src/old_gazebo_code/my_robot_bringup) by extensions ['ros']
[0.321s] Level 1:colcon.colcon_core.package_identification:_identify(src/old_gazebo_code/my_robot_bringup) by extension 'ros'
[0.324s] DEBUG:colcon.colcon_core.package_identification:Package 'src/old_gazebo_code/my_robot_bringup' with type 'ros.ament_cmake' and name 'my_robot_bringup'
[0.324s] Level 1:colcon.colcon_core.package_identification:_identify(src/old_gazebo_code/my_robot_description) by extensions ['ignore', 'ignore_ament_install']
[0.324s] Level 1:colcon.colcon_core.package_identification:_identify(src/old_gazebo_code/my_robot_description) by extension 'ignore'
[0.324s] Level 1:colcon.colcon_core.package_identification:_identify(src/old_gazebo_code/my_robot_description) by extension 'ignore_ament_install'
[0.324s] Level 1:colcon.colcon_core.package_identification:_identify(src/old_gazebo_code/my_robot_description) by extensions ['colcon_pkg']
[0.324s] Level 1:colcon.colcon_core.package_identification:_identify(src/old_gazebo_code/my_robot_description) by extension 'colcon_pkg'
[0.324s] Level 1:colcon.colcon_core.package_identification:_identify(src/old_gazebo_code/my_robot_description) by extensions ['colcon_meta']
[0.324s] Level 1:colcon.colcon_core.package_identification:_identify(src/old_gazebo_code/my_robot_description) by extension 'colcon_meta'
[0.324s] Level 1:colcon.colcon_core.package_identification:_identify(src/old_gazebo_code/my_robot_description) by extensions ['ros']
[0.325s] Level 1:colcon.colcon_core.package_identification:_identify(src/old_gazebo_code/my_robot_description) by extension 'ros'
[0.325s] DEBUG:colcon.colcon_core.package_identification:Package 'src/old_gazebo_code/my_robot_description' with type 'ros.ament_cmake' and name 'my_robot_description'
[0.325s] Level 1:colcon.colcon_core.package_discovery:discover_packages(recursive) using defaults
[0.325s] Level 1:colcon.colcon_core.package_discovery:discover_packages(ignore) discover
[0.325s] Level 1:colcon.colcon_core.package_discovery:discover_packages(ignore) using defaults
[0.325s] Level 1:colcon.colcon_core.package_discovery:discover_packages(path) discover
[0.325s] Level 1:colcon.colcon_core.package_discovery:discover_packages(path) using defaults
[0.352s] Level 1:colcon.colcon_core.package_discovery:discover_packages(prefix_path) check parameters
[0.352s] Level 1:colcon.colcon_core.package_discovery:discover_packages(prefix_path) discover
[0.354s] DEBUG:colcon.colcon_installed_package_information.package_discovery:Found 2 installed packages in /home/quandz/quantest_ws/install
[0.354s] DEBUG:colcon.colcon_installed_package_information.package_discovery:Found 3 installed packages in /home/quandz/ros2_ws/install
[0.357s] DEBUG:colcon.colcon_installed_package_information.package_discovery:Found 445 installed packages in /opt/ros/humble
[0.359s] Level 1:colcon.colcon_core.package_discovery:discover_packages(prefix_path) using defaults
[0.410s] Level 5:colcon.colcon_core.verb:set package 'my_robot_description' build argument 'cmake_args' from command line to 'None'
[0.410s] Level 5:colcon.colcon_core.verb:set package 'my_robot_description' build argument 'cmake_target' from command line to 'None'
[0.410s] Level 5:colcon.colcon_core.verb:set package 'my_robot_description' build argument 'cmake_target_skip_unavailable' from command line to 'False'
[0.410s] Level 5:colcon.colcon_core.verb:set package 'my_robot_description' build argument 'cmake_clean_cache' from command line to 'False'
[0.410s] Level 5:colcon.colcon_core.verb:set package 'my_robot_description' build argument 'cmake_clean_first' from command line to 'False'
[0.411s] Level 5:colcon.colcon_core.verb:set package 'my_robot_description' build argument 'cmake_force_configure' from command line to 'False'
[0.411s] Level 5:colcon.colcon_core.verb:set package 'my_robot_description' build argument 'ament_cmake_args' from command line to 'None'
[0.411s] Level 5:colcon.colcon_core.verb:set package 'my_robot_description' build argument 'catkin_cmake_args' from command line to 'None'
[0.411s] Level 5:colcon.colcon_core.verb:set package 'my_robot_description' build argument 'catkin_skip_building_tests' from command line to 'False'
[0.411s] DEBUG:colcon.colcon_core.verb:Building package 'my_robot_description' with the following arguments: {'ament_cmake_args': None, 'build_base': '/home/quandz/quantest_ws/build/my_robot_description', 'catkin_cmake_args': None, 'catkin_skip_building_tests': False, 'cmake_args': None, 'cmake_clean_cache': False, 'cmake_clean_first': False, 'cmake_force_configure': False, 'cmake_target': None, 'cmake_target_skip_unavailable': False, 'install_base': '/home/quandz/quantest_ws/install/my_robot_description', 'merge_install': False, 'path': '/home/quandz/quantest_ws/src/old_gazebo_code/my_robot_description', 'symlink_install': True, 'test_result_base': None}
[0.411s] Level 5:colcon.colcon_core.verb:set package 'my_robot_bringup' build argument 'cmake_args' from command line to 'None'
[0.411s] Level 5:colcon.colcon_core.verb:set package 'my_robot_bringup' build argument 'cmake_target' from command line to 'None'
[0.411s] Level 5:colcon.colcon_core.verb:set package 'my_robot_bringup' build argument 'cmake_target_skip_unavailable' from command line to 'False'
[0.411s] Level 5:colcon.colcon_core.verb:set package 'my_robot_bringup' build argument 'cmake_clean_cache' from command line to 'False'
[0.411s] Level 5:colcon.colcon_core.verb:set package 'my_robot_bringup' build argument 'cmake_clean_first' from command line to 'False'
[0.411s] Level 5:colcon.colcon_core.verb:set package 'my_robot_bringup' build argument 'cmake_force_configure' from command line to 'False'
[0.411s] Level 5:colcon.colcon_core.verb:set package 'my_robot_bringup' build argument 'ament_cmake_args' from command line to 'None'
[0.411s] Level 5:colcon.colcon_core.verb:set package 'my_robot_bringup' build argument 'catkin_cmake_args' from command line to 'None'
[0.411s] Level 5:colcon.colcon_core.verb:set package 'my_robot_bringup' build argument 'catkin_skip_building_tests' from command line to 'False'
[0.411s] DEBUG:colcon.colcon_core.verb:Building package 'my_robot_bringup' with the following arguments: {'ament_cmake_args': None, 'build_base': '/home/quandz/quantest_ws/build/my_robot_bringup', 'catkin_cmake_args': None, 'catkin_skip_building_tests': False, 'cmake_args': None, 'cmake_clean_cache': False, 'cmake_clean_first': False, 'cmake_force_configure': False, 'cmake_target': None, 'cmake_target_skip_unavailable': False, 'install_base': '/home/quandz/quantest_ws/install/my_robot_bringup', 'merge_install': False, 'path': '/home/quandz/quantest_ws/src/old_gazebo_code/my_robot_bringup', 'symlink_install': True, 'test_result_base': None}
[0.411s] INFO:colcon.colcon_core.executor:Executing jobs using 'parallel' executor
[0.413s] DEBUG:colcon.colcon_parallel_executor.executor.parallel:run_until_complete
[0.414s] INFO:colcon.colcon_ros.task.ament_cmake.build:Building ROS package in '/home/quandz/quantest_ws/src/old_gazebo_code/my_robot_description' with build type 'ament_cmake'
[0.414s] INFO:colcon.colcon_cmake.task.cmake.build:Building CMake package in '/home/quandz/quantest_ws/src/old_gazebo_code/my_robot_description'
[0.416s] INFO:colcon.colcon_core.plugin_system:Skipping extension 'colcon_core.shell.bat': Not used on non-Windows systems
[0.416s] INFO:colcon.colcon_core.shell:Skip shell extension 'powershell' for command environment: Not usable outside of PowerShell
[0.416s] DEBUG:colcon.colcon_core.shell:Skip shell extension 'dsv' for command environment
[0.430s] DEBUG:colcon.colcon_core.event_handler.log_command:Invoking command in '/home/quandz/quantest_ws/build/my_robot_description': CMAKE_PREFIX_PATH=${CMAKE_PREFIX_PATH}:/home/quandz/ros2_ws/install/quandeptrai:/opt/ros/humble /usr/bin/cmake --build /home/quandz/quantest_ws/build/my_robot_description -- -j16 -l16
[0.475s] DEBUG:colcon.colcon_core.event_handler.log_command:Invoked command in '/home/quandz/quantest_ws/build/my_robot_description' returned '0': CMAKE_PREFIX_PATH=${CMAKE_PREFIX_PATH}:/home/quandz/ros2_ws/install/quandeptrai:/opt/ros/humble /usr/bin/cmake --build /home/quandz/quantest_ws/build/my_robot_description -- -j16 -l16
[0.488s] DEBUG:colcon.colcon_core.event_handler.log_command:Invoking command in '/home/quandz/quantest_ws/build/my_robot_description': CMAKE_PREFIX_PATH=${CMAKE_PREFIX_PATH}:/home/quandz/ros2_ws/install/quandeptrai:/opt/ros/humble /usr/bin/cmake --install /home/quandz/quantest_ws/build/my_robot_description
[0.515s] Level 1:colcon.colcon_core.environment:create_environment_scripts_only(my_robot_description)
[0.516s] DEBUG:colcon.colcon_core.event_handler.log_command:Invoked command in '/home/quandz/quantest_ws/build/my_robot_description' returned '0': CMAKE_PREFIX_PATH=${CMAKE_PREFIX_PATH}:/home/quandz/ros2_ws/install/quandeptrai:/opt/ros/humble /usr/bin/cmake --install /home/quandz/quantest_ws/build/my_robot_description
[0.518s] Level 1:colcon.colcon_core.environment:checking '/home/quandz/quantest_ws/install/my_robot_description' for CMake module files
[0.518s] Level 1:colcon.colcon_core.environment:checking '/home/quandz/quantest_ws/install/my_robot_description' for CMake config files
[0.518s] Level 1:colcon.colcon_core.shell:create_environment_hook('my_robot_description', 'cmake_prefix_path')
[0.519s] INFO:colcon.colcon_core.shell:Creating environment hook '/home/quandz/quantest_ws/install/my_robot_description/share/my_robot_description/hook/cmake_prefix_path.ps1'
[0.519s] INFO:colcon.colcon_core.shell:Creating environment descriptor '/home/quandz/quantest_ws/install/my_robot_description/share/my_robot_description/hook/cmake_prefix_path.dsv'
[0.520s] INFO:colcon.colcon_core.shell:Creating environment hook '/home/quandz/quantest_ws/install/my_robot_description/share/my_robot_description/hook/cmake_prefix_path.sh'
[0.521s] Level 1:colcon.colcon_core.environment:checking '/home/quandz/quantest_ws/install/my_robot_description/bin'
[0.521s] Level 1:colcon.colcon_core.environment:checking '/home/quandz/quantest_ws/install/my_robot_description/lib/pkgconfig/my_robot_description.pc'
[0.521s] Level 1:colcon.colcon_core.environment:checking '/home/quandz/quantest_ws/install/my_robot_description/lib/python3.10/site-packages'
[0.521s] Level 1:colcon.colcon_core.environment:checking '/home/quandz/quantest_ws/install/my_robot_description/bin'
[0.522s] INFO:colcon.colcon_core.shell:Creating package script '/home/quandz/quantest_ws/install/my_robot_description/share/my_robot_description/package.ps1'
[0.522s] INFO:colcon.colcon_core.shell:Creating package descriptor '/home/quandz/quantest_ws/install/my_robot_description/share/my_robot_description/package.dsv'
[0.523s] INFO:colcon.colcon_core.shell:Creating package script '/home/quandz/quantest_ws/install/my_robot_description/share/my_robot_description/package.sh'
[0.524s] INFO:colcon.colcon_core.shell:Creating package script '/home/quandz/quantest_ws/install/my_robot_description/share/my_robot_description/package.bash'
[0.524s] INFO:colcon.colcon_core.shell:Creating package script '/home/quandz/quantest_ws/install/my_robot_description/share/my_robot_description/package.zsh'
[0.525s] Level 1:colcon.colcon_core.environment:create_file_with_runtime_dependencies(/home/quandz/quantest_ws/install/my_robot_description/share/colcon-core/packages/my_robot_description)
[0.526s] Level 1:colcon.colcon_core.environment:create_environment_scripts_only(my_robot_description)
[0.526s] Level 1:colcon.colcon_core.environment:checking '/home/quandz/quantest_ws/install/my_robot_description' for CMake module files
[0.527s] Level 1:colcon.colcon_core.environment:checking '/home/quandz/quantest_ws/install/my_robot_description' for CMake config files
[0.527s] Level 1:colcon.colcon_core.shell:create_environment_hook('my_robot_description', 'cmake_prefix_path')
[0.528s] INFO:colcon.colcon_core.shell:Creating environment hook '/home/quandz/quantest_ws/install/my_robot_description/share/my_robot_description/hook/cmake_prefix_path.ps1'
[0.528s] INFO:colcon.colcon_core.shell:Creating environment descriptor '/home/quandz/quantest_ws/install/my_robot_description/share/my_robot_description/hook/cmake_prefix_path.dsv'
[0.529s] INFO:colcon.colcon_core.shell:Creating environment hook '/home/quandz/quantest_ws/install/my_robot_description/share/my_robot_description/hook/cmake_prefix_path.sh'
[0.529s] Level 1:colcon.colcon_core.environment:checking '/home/quandz/quantest_ws/install/my_robot_description/bin'
[0.529s] Level 1:colcon.colcon_core.environment:checking '/home/quandz/quantest_ws/install/my_robot_description/lib/pkgconfig/my_robot_description.pc'
[0.530s] Level 1:colcon.colcon_core.environment:checking '/home/quandz/quantest_ws/install/my_robot_description/lib/python3.10/site-packages'
[0.530s] Level 1:colcon.colcon_core.environment:checking '/home/quandz/quantest_ws/install/my_robot_description/bin'
[0.530s] INFO:colcon.colcon_core.shell:Creating package script '/home/quandz/quantest_ws/install/my_robot_description/share/my_robot_description/package.ps1'
[0.531s] INFO:colcon.colcon_core.shell:Creating package descriptor '/home/quandz/quantest_ws/install/my_robot_description/share/my_robot_description/package.dsv'
[0.531s] INFO:colcon.colcon_core.shell:Creating package script '/home/quandz/quantest_ws/install/my_robot_description/share/my_robot_description/package.sh'
[0.532s] INFO:colcon.colcon_core.shell:Creating package script '/home/quandz/quantest_ws/install/my_robot_description/share/my_robot_description/package.bash'
[0.532s] INFO:colcon.colcon_core.shell:Creating package script '/home/quandz/quantest_ws/install/my_robot_description/share/my_robot_description/package.zsh'
[0.533s] Level 1:colcon.colcon_core.environment:create_file_with_runtime_dependencies(/home/quandz/quantest_ws/install/my_robot_description/share/colcon-core/packages/my_robot_description)
[0.533s] INFO:colcon.colcon_ros.task.ament_cmake.build:Building ROS package in '/home/quandz/quantest_ws/src/old_gazebo_code/my_robot_bringup' with build type 'ament_cmake'
[0.534s] INFO:colcon.colcon_cmake.task.cmake.build:Building CMake package in '/home/quandz/quantest_ws/src/old_gazebo_code/my_robot_bringup'
[0.534s] INFO:colcon.colcon_core.shell:Skip shell extension 'powershell' for command environment: Not usable outside of PowerShell
[0.534s] DEBUG:colcon.colcon_core.shell:Skip shell extension 'dsv' for command environment
[0.572s] DEBUG:colcon.colcon_core.event_handler.log_command:Invoking command in '/home/quandz/quantest_ws/build/my_robot_bringup': CMAKE_PREFIX_PATH=/home/quandz/quantest_ws/install/my_robot_description:/home/quandz/quantest_ws/install/my_robot_bringup:/home/quandz/ros2_ws/install/my_robot_description:/home/quandz/ros2_ws/install/articubot_one:/home/quandz/ros2_ws/install/quandeptrai:/opt/ros/humble /usr/bin/cmake --build /home/quandz/quantest_ws/build/my_robot_bringup -- -j16 -l16
[0.621s] DEBUG:colcon.colcon_core.event_handler.log_command:Invoked command in '/home/quandz/quantest_ws/build/my_robot_bringup' returned '0': CMAKE_PREFIX_PATH=/home/quandz/quantest_ws/install/my_robot_description:/home/quandz/quantest_ws/install/my_robot_bringup:/home/quandz/ros2_ws/install/my_robot_description:/home/quandz/ros2_ws/install/articubot_one:/home/quandz/ros2_ws/install/quandeptrai:/opt/ros/humble /usr/bin/cmake --build /home/quandz/quantest_ws/build/my_robot_bringup -- -j16 -l16
[0.623s] DEBUG:colcon.colcon_core.event_handler.log_command:Invoking command in '/home/quandz/quantest_ws/build/my_robot_bringup': CMAKE_PREFIX_PATH=/home/quandz/quantest_ws/install/my_robot_description:/home/quandz/quantest_ws/install/my_robot_bringup:/home/quandz/ros2_ws/install/my_robot_description:/home/quandz/ros2_ws/install/articubot_one:/home/quandz/ros2_ws/install/quandeptrai:/opt/ros/humble /usr/bin/cmake --install /home/quandz/quantest_ws/build/my_robot_bringup
[0.650s] Level 1:colcon.colcon_core.environment:create_environment_scripts_only(my_robot_bringup)
[0.651s] Level 1:colcon.colcon_core.environment:checking '/home/quandz/quantest_ws/install/my_robot_bringup' for CMake module files
[0.651s] DEBUG:colcon.colcon_core.event_handler.log_command:Invoked command in '/home/quandz/quantest_ws/build/my_robot_bringup' returned '0': CMAKE_PREFIX_PATH=/home/quandz/quantest_ws/install/my_robot_description:/home/quandz/quantest_ws/install/my_robot_bringup:/home/quandz/ros2_ws/install/my_robot_description:/home/quandz/ros2_ws/install/articubot_one:/home/quandz/ros2_ws/install/quandeptrai:/opt/ros/humble /usr/bin/cmake --install /home/quandz/quantest_ws/build/my_robot_bringup
[0.652s] Level 1:colcon.colcon_core.environment:checking '/home/quandz/quantest_ws/install/my_robot_bringup' for CMake config files
[0.652s] Level 1:colcon.colcon_core.shell:create_environment_hook('my_robot_bringup', 'cmake_prefix_path')
[0.652s] INFO:colcon.colcon_core.shell:Creating environment hook '/home/quandz/quantest_ws/install/my_robot_bringup/share/my_robot_bringup/hook/cmake_prefix_path.ps1'
[0.653s] INFO:colcon.colcon_core.shell:Creating environment descriptor '/home/quandz/quantest_ws/install/my_robot_bringup/share/my_robot_bringup/hook/cmake_prefix_path.dsv'
[0.653s] INFO:colcon.colcon_core.shell:Creating environment hook '/home/quandz/quantest_ws/install/my_robot_bringup/share/my_robot_bringup/hook/cmake_prefix_path.sh'
[0.654s] Level 1:colcon.colcon_core.environment:checking '/home/quandz/quantest_ws/install/my_robot_bringup/bin'
[0.654s] Level 1:colcon.colcon_core.environment:checking '/home/quandz/quantest_ws/install/my_robot_bringup/lib/pkgconfig/my_robot_bringup.pc'
[0.654s] Level 1:colcon.colcon_core.environment:checking '/home/quandz/quantest_ws/install/my_robot_bringup/lib/python3.10/site-packages'
[0.654s] Level 1:colcon.colcon_core.environment:checking '/home/quandz/quantest_ws/install/my_robot_bringup/bin'
[0.655s] INFO:colcon.colcon_core.shell:Creating package script '/home/quandz/quantest_ws/install/my_robot_bringup/share/my_robot_bringup/package.ps1'
[0.655s] INFO:colcon.colcon_core.shell:Creating package descriptor '/home/quandz/quantest_ws/install/my_robot_bringup/share/my_robot_bringup/package.dsv'
[0.656s] INFO:colcon.colcon_core.shell:Creating package script '/home/quandz/quantest_ws/install/my_robot_bringup/share/my_robot_bringup/package.sh'
[0.656s] INFO:colcon.colcon_core.shell:Creating package script '/home/quandz/quantest_ws/install/my_robot_bringup/share/my_robot_bringup/package.bash'
[0.656s] INFO:colcon.colcon_core.shell:Creating package script '/home/quandz/quantest_ws/install/my_robot_bringup/share/my_robot_bringup/package.zsh'
[0.657s] Level 1:colcon.colcon_core.environment:create_file_with_runtime_dependencies(/home/quandz/quantest_ws/install/my_robot_bringup/share/colcon-core/packages/my_robot_bringup)
[0.657s] Level 1:colcon.colcon_core.environment:create_environment_scripts_only(my_robot_bringup)
[0.658s] Level 1:colcon.colcon_core.environment:checking '/home/quandz/quantest_ws/install/my_robot_bringup' for CMake module files
[0.658s] Level 1:colcon.colcon_core.environment:checking '/home/quandz/quantest_ws/install/my_robot_bringup' for CMake config files
[0.658s] Level 1:colcon.colcon_core.shell:create_environment_hook('my_robot_bringup', 'cmake_prefix_path')
[0.658s] INFO:colcon.colcon_core.shell:Creating environment hook '/home/quandz/quantest_ws/install/my_robot_bringup/share/my_robot_bringup/hook/cmake_prefix_path.ps1'
[0.659s] INFO:colcon.colcon_core.shell:Creating environment descriptor '/home/quandz/quantest_ws/install/my_robot_bringup/share/my_robot_bringup/hook/cmake_prefix_path.dsv'
[0.659s] INFO:colcon.colcon_core.shell:Creating environment hook '/home/quandz/quantest_ws/install/my_robot_bringup/share/my_robot_bringup/hook/cmake_prefix_path.sh'
[0.660s] Level 1:colcon.colcon_core.environment:checking '/home/quandz/quantest_ws/install/my_robot_bringup/bin'
[0.660s] Level 1:colcon.colcon_core.environment:checking '/home/quandz/quantest_ws/install/my_robot_bringup/lib/pkgconfig/my_robot_bringup.pc'
[0.660s] Level 1:colcon.colcon_core.environment:checking '/home/quandz/quantest_ws/install/my_robot_bringup/lib/python3.10/site-packages'
[0.660s] Level 1:colcon.colcon_core.environment:checking '/home/quandz/quantest_ws/install/my_robot_bringup/bin'
[0.661s] INFO:colcon.colcon_core.shell:Creating package script '/home/quandz/quantest_ws/install/my_robot_bringup/share/my_robot_bringup/package.ps1'
[0.661s] INFO:colcon.colcon_core.shell:Creating package descriptor '/home/quandz/quantest_ws/install/my_robot_bringup/share/my_robot_bringup/package.dsv'
[0.662s] INFO:colcon.colcon_core.shell:Creating package script '/home/quandz/quantest_ws/install/my_robot_bringup/share/my_robot_bringup/package.sh'
[0.662s] INFO:colcon.colcon_core.shell:Creating package script '/home/quandz/quantest_ws/install/my_robot_bringup/share/my_robot_bringup/package.bash'
[0.663s] INFO:colcon.colcon_core.shell:Creating package script '/home/quandz/quantest_ws/install/my_robot_bringup/share/my_robot_bringup/package.zsh'
[0.663s] Level 1:colcon.colcon_core.environment:create_file_with_runtime_dependencies(/home/quandz/quantest_ws/install/my_robot_bringup/share/colcon-core/packages/my_robot_bringup)
[0.663s] DEBUG:colcon.colcon_parallel_executor.executor.parallel:closing loop
[0.664s] DEBUG:colcon.colcon_parallel_executor.executor.parallel:loop closed
[0.664s] DEBUG:colcon.colcon_parallel_executor.executor.parallel:run_until_complete finished with '0'
[0.665s] DEBUG:colcon.colcon_core.event_reactor:joining thread
[0.695s] INFO:colcon.colcon_core.plugin_system:Skipping extension 'colcon_notification.desktop_notification.notify_send': Could not find 'notify-send'
[0.695s] INFO:colcon.colcon_core.plugin_system:Skipping extension 'colcon_notification.desktop_notification.terminal_notifier': Not used on non-Darwin systems
[0.695s] INFO:colcon.colcon_core.plugin_system:Skipping extension 'colcon_notification.desktop_notification.win32': Not used on non-Windows systems
[0.695s] INFO:colcon.colcon_notification.desktop_notification:Sending desktop notification using 'notify2'
[0.695s] DEBUG:colcon.colcon_notification.desktop_notification.notify2:Failed to initialize notify2: org.freedesktop.DBus.Error.FileNotFound: Failed to connect to socket /run/user/1000/bus: No such file or directory
[0.696s] DEBUG:colcon.colcon_core.event_reactor:joined thread
[0.696s] INFO:colcon.colcon_core.shell:Creating prefix script '/home/quandz/quantest_ws/install/local_setup.ps1'
[0.697s] INFO:colcon.colcon_core.shell:Creating prefix util module '/home/quandz/quantest_ws/install/_local_setup_util_ps1.py'
[0.698s] INFO:colcon.colcon_core.shell:Creating prefix chain script '/home/quandz/quantest_ws/install/setup.ps1'
[0.700s] INFO:colcon.colcon_core.shell:Creating prefix script '/home/quandz/quantest_ws/install/local_setup.sh'
[0.700s] INFO:colcon.colcon_core.shell:Creating prefix util module '/home/quandz/quantest_ws/install/_local_setup_util_sh.py'
[0.701s] INFO:colcon.colcon_core.shell:Creating prefix chain script '/home/quandz/quantest_ws/install/setup.sh'
[0.702s] INFO:colcon.colcon_core.shell:Creating prefix script '/home/quandz/quantest_ws/install/local_setup.bash'
[0.702s] INFO:colcon.colcon_core.shell:Creating prefix chain script '/home/quandz/quantest_ws/install/setup.bash'
[0.703s] INFO:colcon.colcon_core.shell:Creating prefix script '/home/quandz/quantest_ws/install/local_setup.zsh'
[0.704s] INFO:colcon.colcon_core.shell:Creating prefix chain script '/home/quandz/quantest_ws/install/setup.zsh'
