[0.031s] Invoking command in '/home/quandz/quantest_ws/build/my_robot_bringup': CMAKE_PREFIX_PATH=/home/quandz/quantest_ws/install/my_robot_description:/home/quandz/quantest_ws/install/my_robot_bringup:/home/quandz/ros2_ws/install/my_robot_description:/home/quandz/ros2_ws/install/articubot_one:/home/quandz/ros2_ws/install/quandeptrai:/opt/ros/humble /usr/bin/cmake /home/quandz/quantest_ws/src/old_gazebo_code/my_robot_bringup -DAMENT_CMAKE_SYMLINK_INSTALL=1 -DCMAKE_INSTALL_PREFIX=/home/quandz/quantest_ws/install/my_robot_bringup
[0.045s] -- Found ament_cmake: 1.3.12 (/opt/ros/humble/share/ament_cmake/cmake)
[0.161s] -- Override CMake install command with custom implementation using symlinks instead of copying resources
[0.234s] -- Configuring done
[0.239s] -- Generating done
[0.241s] -- Build files have been written to: /home/quandz/quantest_ws/build/my_robot_bringup
[0.245s] Invoked command in '/home/quandz/quantest_ws/build/my_robot_bringup' returned '0': CMAKE_PREFIX_PATH=/home/quandz/quantest_ws/install/my_robot_description:/home/quandz/quantest_ws/install/my_robot_bringup:/home/quandz/ros2_ws/install/my_robot_description:/home/quandz/ros2_ws/install/articubot_one:/home/quandz/ros2_ws/install/quandeptrai:/opt/ros/humble /usr/bin/cmake /home/quandz/quantest_ws/src/old_gazebo_code/my_robot_bringup -DAMENT_CMAKE_SYMLINK_INSTALL=1 -DCMAKE_INSTALL_PREFIX=/home/quandz/quantest_ws/install/my_robot_bringup
[0.247s] Invoking command in '/home/quandz/quantest_ws/build/my_robot_bringup': CMAKE_PREFIX_PATH=/home/quandz/quantest_ws/install/my_robot_description:/home/quandz/quantest_ws/install/my_robot_bringup:/home/quandz/ros2_ws/install/my_robot_description:/home/quandz/ros2_ws/install/articubot_one:/home/quandz/ros2_ws/install/quandeptrai:/opt/ros/humble /usr/bin/cmake --build /home/quandz/quantest_ws/build/my_robot_bringup -- -j16 -l16
[0.291s] Invoked command in '/home/quandz/quantest_ws/build/my_robot_bringup' returned '0': CMAKE_PREFIX_PATH=/home/quandz/quantest_ws/install/my_robot_description:/home/quandz/quantest_ws/install/my_robot_bringup:/home/quandz/ros2_ws/install/my_robot_description:/home/quandz/ros2_ws/install/articubot_one:/home/quandz/ros2_ws/install/quandeptrai:/opt/ros/humble /usr/bin/cmake --build /home/quandz/quantest_ws/build/my_robot_bringup -- -j16 -l16
[0.294s] Invoking command in '/home/quandz/quantest_ws/build/my_robot_bringup': CMAKE_PREFIX_PATH=/home/quandz/quantest_ws/install/my_robot_description:/home/quandz/quantest_ws/install/my_robot_bringup:/home/quandz/ros2_ws/install/my_robot_description:/home/quandz/ros2_ws/install/articubot_one:/home/quandz/ros2_ws/install/quandeptrai:/opt/ros/humble /usr/bin/cmake --install /home/quandz/quantest_ws/build/my_robot_bringup
[0.301s] -- Install configuration: ""
[0.301s] -- Execute custom install script
[0.302s] -- Symlinking: /home/quandz/quantest_ws/install/my_robot_bringup/share/my_robot_bringup//launch/my_robot_gazebo.launch.xml
[0.312s] -- Symlinking: /home/quandz/quantest_ws/install/my_robot_bringup/share/my_robot_bringup//rviz/urdf_config.rviz
[0.323s] -- Symlinking: /home/quandz/quantest_ws/install/my_robot_bringup/share/ament_index/resource_index/package_run_dependencies/my_robot_bringup
[0.333s] -- Symlinking: /home/quandz/quantest_ws/install/my_robot_bringup/share/ament_index/resource_index/parent_prefix_path/my_robot_bringup
[0.343s] -- Symlinking: /home/quandz/quantest_ws/install/my_robot_bringup/share/my_robot_bringup/environment/ament_prefix_path.sh
[0.354s] -- Symlinking: /home/quandz/quantest_ws/install/my_robot_bringup/share/my_robot_bringup/environment/ament_prefix_path.dsv
[0.367s] -- Symlinking: /home/quandz/quantest_ws/install/my_robot_bringup/share/my_robot_bringup/environment/path.sh
[0.379s] -- Symlinking: /home/quandz/quantest_ws/install/my_robot_bringup/share/my_robot_bringup/environment/path.dsv
[0.389s] -- Symlinking: /home/quandz/quantest_ws/install/my_robot_bringup/share/my_robot_bringup/local_setup.bash
[0.399s] -- Symlinking: /home/quandz/quantest_ws/install/my_robot_bringup/share/my_robot_bringup/local_setup.sh
[0.409s] -- Symlinking: /home/quandz/quantest_ws/install/my_robot_bringup/share/my_robot_bringup/local_setup.zsh
[0.420s] -- Symlinking: /home/quandz/quantest_ws/install/my_robot_bringup/share/my_robot_bringup/local_setup.dsv
[0.431s] -- Symlinking: /home/quandz/quantest_ws/install/my_robot_bringup/share/my_robot_bringup/package.dsv
[0.441s] -- Symlinking: /home/quandz/quantest_ws/install/my_robot_bringup/share/ament_index/resource_index/packages/my_robot_bringup
[0.452s] -- Symlinking: /home/quandz/quantest_ws/install/my_robot_bringup/share/my_robot_bringup/cmake/my_robot_bringupConfig.cmake
[0.463s] -- Symlinking: /home/quandz/quantest_ws/install/my_robot_bringup/share/my_robot_bringup/cmake/my_robot_bringupConfig-version.cmake
[0.474s] -- Symlinking: /home/quandz/quantest_ws/install/my_robot_bringup/share/my_robot_bringup/package.xml
[0.488s] Invoked command in '/home/quandz/quantest_ws/build/my_robot_bringup' returned '0': CMAKE_PREFIX_PATH=/home/quandz/quantest_ws/install/my_robot_description:/home/quandz/quantest_ws/install/my_robot_bringup:/home/quandz/ros2_ws/install/my_robot_description:/home/quandz/ros2_ws/install/articubot_one:/home/quandz/ros2_ws/install/quandeptrai:/opt/ros/humble /usr/bin/cmake --install /home/quandz/quantest_ws/build/my_robot_bringup
