[0.224s] DEBUG:colcon:Command line arguments: ['/usr/bin/colcon', 'build', '--symlink-install']
[0.224s] DEBUG:colcon:Parsed command line arguments: Namespace(log_base=None, log_level=None, verb_name='build', build_base='build', install_base='install', merge_install=False, symlink_install=True, test_result_base=None, continue_on_error=False, executor='parallel', parallel_workers=16, event_handlers=None, ignore_user_meta=False, metas=['./colcon.meta'], base_paths=['.'], packages_ignore=None, packages_ignore_regex=None, paths=None, packages_up_to=None, packages_up_to_regex=None, packages_above=None, packages_above_and_dependencies=None, packages_above_depth=None, packages_select_by_dep=None, packages_skip_by_dep=None, packages_skip_up_to=None, packages_select_build_failed=False, packages_skip_build_finished=False, packages_select_test_failures=False, packages_skip_test_passed=False, packages_select=None, packages_skip=None, packages_select_regex=None, packages_skip_regex=None, packages_start=None, packages_end=None, allow_overriding=[], cmake_args=None, cmake_target=None, cmake_target_skip_unavailable=False, cmake_clean_cache=False, cmake_clean_first=False, cmake_force_configure=False, ament_cmake_args=None, catkin_cmake_args=None, catkin_skip_building_tests=False, mixin_files=None, mixin=None, verb_parser=<colcon_mixin.mixin.mixin_argument.MixinArgumentDecorator object at 0x7c389b019e40>, verb_extension=<colcon_core.verb.build.BuildVerb object at 0x7c389b0fecb0>, main=<bound method BuildVerb.main of <colcon_core.verb.build.BuildVerb object at 0x7c389b0fecb0>>, mixin_verb=('build',))
[0.499s] Level 1:colcon.colcon_core.package_discovery:discover_packages(colcon_meta) check parameters
[0.499s] Level 1:colcon.colcon_core.package_discovery:discover_packages(recursive) check parameters
[0.499s] Level 1:colcon.colcon_core.package_discovery:discover_packages(ignore) check parameters
[0.499s] Level 1:colcon.colcon_core.package_discovery:discover_packages(path) check parameters
[0.499s] Level 1:colcon.colcon_core.package_discovery:discover_packages(colcon_meta) discover
[0.499s] Level 1:colcon.colcon_core.package_discovery:discover_packages(recursive) discover
[0.499s] INFO:colcon.colcon_core.package_discovery:Crawling recursively for packages in '/home/quanzz/quandeptrai'
[0.499s] Level 1:colcon.colcon_core.package_identification:_identify(.) by extensions ['ignore', 'ignore_ament_install']
[0.500s] Level 1:colcon.colcon_core.package_identification:_identify(.) by extension 'ignore'
[0.500s] Level 1:colcon.colcon_core.package_identification:_identify(.) by extension 'ignore_ament_install'
[0.500s] Level 1:colcon.colcon_core.package_identification:_identify(.) by extensions ['colcon_pkg']
[0.500s] Level 1:colcon.colcon_core.package_identification:_identify(.) by extension 'colcon_pkg'
[0.500s] Level 1:colcon.colcon_core.package_identification:_identify(.) by extensions ['colcon_meta']
[0.500s] Level 1:colcon.colcon_core.package_identification:_identify(.) by extension 'colcon_meta'
[0.500s] Level 1:colcon.colcon_core.package_identification:_identify(.) by extensions ['ros']
[0.500s] Level 1:colcon.colcon_core.package_identification:_identify(.) by extension 'ros'
[0.510s] Level 1:colcon.colcon_core.package_identification:_identify(.) by extensions ['cmake', 'python']
[0.510s] Level 1:colcon.colcon_core.package_identification:_identify(.) by extension 'cmake'
[0.510s] Level 1:colcon.colcon_core.package_identification:_identify(.) by extension 'python'
[0.510s] Level 1:colcon.colcon_core.package_identification:_identify(.) by extensions ['python_setup_py']
[0.511s] Level 1:colcon.colcon_core.package_identification:_identify(.) by extension 'python_setup_py'
[0.511s] Level 1:colcon.colcon_core.package_identification:_identify(build) by extensions ['ignore', 'ignore_ament_install']
[0.511s] Level 1:colcon.colcon_core.package_identification:_identify(build) by extension 'ignore'
[0.511s] Level 1:colcon.colcon_core.package_identification:_identify(build) ignored
[0.511s] Level 1:colcon.colcon_core.package_identification:_identify(install) by extensions ['ignore', 'ignore_ament_install']
[0.511s] Level 1:colcon.colcon_core.package_identification:_identify(install) by extension 'ignore'
[0.511s] Level 1:colcon.colcon_core.package_identification:_identify(install) ignored
[0.511s] Level 1:colcon.colcon_core.package_identification:_identify(log) by extensions ['ignore', 'ignore_ament_install']
[0.511s] Level 1:colcon.colcon_core.package_identification:_identify(log) by extension 'ignore'
[0.511s] Level 1:colcon.colcon_core.package_identification:_identify(log) ignored
[0.511s] Level 1:colcon.colcon_core.package_identification:_identify(src) by extensions ['ignore', 'ignore_ament_install']
[0.512s] Level 1:colcon.colcon_core.package_identification:_identify(src) by extension 'ignore'
[0.512s] Level 1:colcon.colcon_core.package_identification:_identify(src) by extension 'ignore_ament_install'
[0.512s] Level 1:colcon.colcon_core.package_identification:_identify(src) by extensions ['colcon_pkg']
[0.512s] Level 1:colcon.colcon_core.package_identification:_identify(src) by extension 'colcon_pkg'
[0.512s] Level 1:colcon.colcon_core.package_identification:_identify(src) by extensions ['colcon_meta']
[0.512s] Level 1:colcon.colcon_core.package_identification:_identify(src) by extension 'colcon_meta'
[0.512s] Level 1:colcon.colcon_core.package_identification:_identify(src) by extensions ['ros']
[0.512s] Level 1:colcon.colcon_core.package_identification:_identify(src) by extension 'ros'
[0.512s] Level 1:colcon.colcon_core.package_identification:_identify(src) by extensions ['cmake', 'python']
[0.512s] Level 1:colcon.colcon_core.package_identification:_identify(src) by extension 'cmake'
[0.512s] Level 1:colcon.colcon_core.package_identification:_identify(src) by extension 'python'
[0.512s] Level 1:colcon.colcon_core.package_identification:_identify(src) by extensions ['python_setup_py']
[0.512s] Level 1:colcon.colcon_core.package_identification:_identify(src) by extension 'python_setup_py'
[0.512s] Level 1:colcon.colcon_core.package_identification:_identify(src/old_gazebo_code) by extensions ['ignore', 'ignore_ament_install']
[0.512s] Level 1:colcon.colcon_core.package_identification:_identify(src/old_gazebo_code) by extension 'ignore'
[0.512s] Level 1:colcon.colcon_core.package_identification:_identify(src/old_gazebo_code) by extension 'ignore_ament_install'
[0.513s] Level 1:colcon.colcon_core.package_identification:_identify(src/old_gazebo_code) by extensions ['colcon_pkg']
[0.513s] Level 1:colcon.colcon_core.package_identification:_identify(src/old_gazebo_code) by extension 'colcon_pkg'
[0.513s] Level 1:colcon.colcon_core.package_identification:_identify(src/old_gazebo_code) by extensions ['colcon_meta']
[0.513s] Level 1:colcon.colcon_core.package_identification:_identify(src/old_gazebo_code) by extension 'colcon_meta'
[0.513s] Level 1:colcon.colcon_core.package_identification:_identify(src/old_gazebo_code) by extensions ['ros']
[0.513s] Level 1:colcon.colcon_core.package_identification:_identify(src/old_gazebo_code) by extension 'ros'
[0.513s] Level 1:colcon.colcon_core.package_identification:_identify(src/old_gazebo_code) by extensions ['cmake', 'python']
[0.513s] Level 1:colcon.colcon_core.package_identification:_identify(src/old_gazebo_code) by extension 'cmake'
[0.513s] Level 1:colcon.colcon_core.package_identification:_identify(src/old_gazebo_code) by extension 'python'
[0.513s] Level 1:colcon.colcon_core.package_identification:_identify(src/old_gazebo_code) by extensions ['python_setup_py']
[0.513s] Level 1:colcon.colcon_core.package_identification:_identify(src/old_gazebo_code) by extension 'python_setup_py'
[0.513s] Level 1:colcon.colcon_core.package_identification:_identify(src/old_gazebo_code/my_robot_bringup) by extensions ['ignore', 'ignore_ament_install']
[0.513s] Level 1:colcon.colcon_core.package_identification:_identify(src/old_gazebo_code/my_robot_bringup) by extension 'ignore'
[0.513s] Level 1:colcon.colcon_core.package_identification:_identify(src/old_gazebo_code/my_robot_bringup) by extension 'ignore_ament_install'
[0.513s] Level 1:colcon.colcon_core.package_identification:_identify(src/old_gazebo_code/my_robot_bringup) by extensions ['colcon_pkg']
[0.513s] Level 1:colcon.colcon_core.package_identification:_identify(src/old_gazebo_code/my_robot_bringup) by extension 'colcon_pkg'
[0.513s] Level 1:colcon.colcon_core.package_identification:_identify(src/old_gazebo_code/my_robot_bringup) by extensions ['colcon_meta']
[0.513s] Level 1:colcon.colcon_core.package_identification:_identify(src/old_gazebo_code/my_robot_bringup) by extension 'colcon_meta'
[0.513s] Level 1:colcon.colcon_core.package_identification:_identify(src/old_gazebo_code/my_robot_bringup) by extensions ['ros']
[0.513s] Level 1:colcon.colcon_core.package_identification:_identify(src/old_gazebo_code/my_robot_bringup) by extension 'ros'
[0.515s] DEBUG:colcon.colcon_core.package_identification:Package 'src/old_gazebo_code/my_robot_bringup' with type 'ros.ament_cmake' and name 'my_robot_bringup'
[0.515s] Level 1:colcon.colcon_core.package_identification:_identify(src/old_gazebo_code/my_robot_description) by extensions ['ignore', 'ignore_ament_install']
[0.516s] Level 1:colcon.colcon_core.package_identification:_identify(src/old_gazebo_code/my_robot_description) by extension 'ignore'
[0.516s] Level 1:colcon.colcon_core.package_identification:_identify(src/old_gazebo_code/my_robot_description) by extension 'ignore_ament_install'
[0.516s] Level 1:colcon.colcon_core.package_identification:_identify(src/old_gazebo_code/my_robot_description) by extensions ['colcon_pkg']
[0.516s] Level 1:colcon.colcon_core.package_identification:_identify(src/old_gazebo_code/my_robot_description) by extension 'colcon_pkg'
[0.516s] Level 1:colcon.colcon_core.package_identification:_identify(src/old_gazebo_code/my_robot_description) by extensions ['colcon_meta']
[0.516s] Level 1:colcon.colcon_core.package_identification:_identify(src/old_gazebo_code/my_robot_description) by extension 'colcon_meta'
[0.516s] Level 1:colcon.colcon_core.package_identification:_identify(src/old_gazebo_code/my_robot_description) by extensions ['ros']
[0.516s] Level 1:colcon.colcon_core.package_identification:_identify(src/old_gazebo_code/my_robot_description) by extension 'ros'
[0.516s] DEBUG:colcon.colcon_core.package_identification:Package 'src/old_gazebo_code/my_robot_description' with type 'ros.ament_cmake' and name 'my_robot_description'
[0.517s] Level 1:colcon.colcon_core.package_identification:_identify(src/thuattoan) by extensions ['ignore', 'ignore_ament_install']
[0.517s] Level 1:colcon.colcon_core.package_identification:_identify(src/thuattoan) by extension 'ignore'
[0.517s] Level 1:colcon.colcon_core.package_identification:_identify(src/thuattoan) by extension 'ignore_ament_install'
[0.517s] Level 1:colcon.colcon_core.package_identification:_identify(src/thuattoan) by extensions ['colcon_pkg']
[0.517s] Level 1:colcon.colcon_core.package_identification:_identify(src/thuattoan) by extension 'colcon_pkg'
[0.517s] Level 1:colcon.colcon_core.package_identification:_identify(src/thuattoan) by extensions ['colcon_meta']
[0.517s] Level 1:colcon.colcon_core.package_identification:_identify(src/thuattoan) by extension 'colcon_meta'
[0.517s] Level 1:colcon.colcon_core.package_identification:_identify(src/thuattoan) by extensions ['ros']
[0.517s] Level 1:colcon.colcon_core.package_identification:_identify(src/thuattoan) by extension 'ros'
[0.518s] DEBUG:colcon.colcon_core.package_identification:Package 'src/thuattoan' with type 'ros.ament_python' and name 'thuattoan'
[0.518s] Level 1:colcon.colcon_core.package_discovery:discover_packages(recursive) using defaults
[0.518s] Level 1:colcon.colcon_core.package_discovery:discover_packages(ignore) discover
[0.518s] Level 1:colcon.colcon_core.package_discovery:discover_packages(ignore) using defaults
[0.518s] Level 1:colcon.colcon_core.package_discovery:discover_packages(path) discover
[0.518s] Level 1:colcon.colcon_core.package_discovery:discover_packages(path) using defaults
[0.553s] Level 1:colcon.colcon_core.package_discovery:discover_packages(prefix_path) check parameters
[0.553s] Level 1:colcon.colcon_core.package_discovery:discover_packages(prefix_path) discover
[0.557s] DEBUG:colcon.colcon_installed_package_information.package_discovery:Found 3 installed packages in /home/quanzz/quandeptrai/install
[0.558s] DEBUG:colcon.colcon_installed_package_information.package_discovery:Found 278 installed packages in /opt/ros/humble
[0.559s] Level 1:colcon.colcon_core.package_discovery:discover_packages(prefix_path) using defaults
[0.594s] Level 5:colcon.colcon_core.verb:set package 'my_robot_description' build argument 'cmake_args' from command line to 'None'
[0.594s] Level 5:colcon.colcon_core.verb:set package 'my_robot_description' build argument 'cmake_target' from command line to 'None'
[0.594s] Level 5:colcon.colcon_core.verb:set package 'my_robot_description' build argument 'cmake_target_skip_unavailable' from command line to 'False'
[0.594s] Level 5:colcon.colcon_core.verb:set package 'my_robot_description' build argument 'cmake_clean_cache' from command line to 'False'
[0.594s] Level 5:colcon.colcon_core.verb:set package 'my_robot_description' build argument 'cmake_clean_first' from command line to 'False'
[0.594s] Level 5:colcon.colcon_core.verb:set package 'my_robot_description' build argument 'cmake_force_configure' from command line to 'False'
[0.594s] Level 5:colcon.colcon_core.verb:set package 'my_robot_description' build argument 'ament_cmake_args' from command line to 'None'
[0.594s] Level 5:colcon.colcon_core.verb:set package 'my_robot_description' build argument 'catkin_cmake_args' from command line to 'None'
[0.594s] Level 5:colcon.colcon_core.verb:set package 'my_robot_description' build argument 'catkin_skip_building_tests' from command line to 'False'
[0.594s] DEBUG:colcon.colcon_core.verb:Building package 'my_robot_description' with the following arguments: {'ament_cmake_args': None, 'build_base': '/home/quanzz/quandeptrai/build/my_robot_description', 'catkin_cmake_args': None, 'catkin_skip_building_tests': False, 'cmake_args': None, 'cmake_clean_cache': False, 'cmake_clean_first': False, 'cmake_force_configure': False, 'cmake_target': None, 'cmake_target_skip_unavailable': False, 'install_base': '/home/quanzz/quandeptrai/install/my_robot_description', 'merge_install': False, 'path': '/home/quanzz/quandeptrai/src/old_gazebo_code/my_robot_description', 'symlink_install': True, 'test_result_base': None}
[0.595s] Level 5:colcon.colcon_core.verb:set package 'thuattoan' build argument 'cmake_args' from command line to 'None'
[0.595s] Level 5:colcon.colcon_core.verb:set package 'thuattoan' build argument 'cmake_target' from command line to 'None'
[0.595s] Level 5:colcon.colcon_core.verb:set package 'thuattoan' build argument 'cmake_target_skip_unavailable' from command line to 'False'
[0.595s] Level 5:colcon.colcon_core.verb:set package 'thuattoan' build argument 'cmake_clean_cache' from command line to 'False'
[0.595s] Level 5:colcon.colcon_core.verb:set package 'thuattoan' build argument 'cmake_clean_first' from command line to 'False'
[0.595s] Level 5:colcon.colcon_core.verb:set package 'thuattoan' build argument 'cmake_force_configure' from command line to 'False'
[0.595s] Level 5:colcon.colcon_core.verb:set package 'thuattoan' build argument 'ament_cmake_args' from command line to 'None'
[0.595s] Level 5:colcon.colcon_core.verb:set package 'thuattoan' build argument 'catkin_cmake_args' from command line to 'None'
[0.595s] Level 5:colcon.colcon_core.verb:set package 'thuattoan' build argument 'catkin_skip_building_tests' from command line to 'False'
[0.595s] DEBUG:colcon.colcon_core.verb:Building package 'thuattoan' with the following arguments: {'ament_cmake_args': None, 'build_base': '/home/quanzz/quandeptrai/build/thuattoan', 'catkin_cmake_args': None, 'catkin_skip_building_tests': False, 'cmake_args': None, 'cmake_clean_cache': False, 'cmake_clean_first': False, 'cmake_force_configure': False, 'cmake_target': None, 'cmake_target_skip_unavailable': False, 'install_base': '/home/quanzz/quandeptrai/install/thuattoan', 'merge_install': False, 'path': '/home/quanzz/quandeptrai/src/thuattoan', 'symlink_install': True, 'test_result_base': None}
[0.595s] Level 5:colcon.colcon_core.verb:set package 'my_robot_bringup' build argument 'cmake_args' from command line to 'None'
[0.595s] Level 5:colcon.colcon_core.verb:set package 'my_robot_bringup' build argument 'cmake_target' from command line to 'None'
[0.595s] Level 5:colcon.colcon_core.verb:set package 'my_robot_bringup' build argument 'cmake_target_skip_unavailable' from command line to 'False'
[0.595s] Level 5:colcon.colcon_core.verb:set package 'my_robot_bringup' build argument 'cmake_clean_cache' from command line to 'False'
[0.595s] Level 5:colcon.colcon_core.verb:set package 'my_robot_bringup' build argument 'cmake_clean_first' from command line to 'False'
[0.595s] Level 5:colcon.colcon_core.verb:set package 'my_robot_bringup' build argument 'cmake_force_configure' from command line to 'False'
[0.595s] Level 5:colcon.colcon_core.verb:set package 'my_robot_bringup' build argument 'ament_cmake_args' from command line to 'None'
[0.595s] Level 5:colcon.colcon_core.verb:set package 'my_robot_bringup' build argument 'catkin_cmake_args' from command line to 'None'
[0.595s] Level 5:colcon.colcon_core.verb:set package 'my_robot_bringup' build argument 'catkin_skip_building_tests' from command line to 'False'
[0.595s] DEBUG:colcon.colcon_core.verb:Building package 'my_robot_bringup' with the following arguments: {'ament_cmake_args': None, 'build_base': '/home/quanzz/quandeptrai/build/my_robot_bringup', 'catkin_cmake_args': None, 'catkin_skip_building_tests': False, 'cmake_args': None, 'cmake_clean_cache': False, 'cmake_clean_first': False, 'cmake_force_configure': False, 'cmake_target': None, 'cmake_target_skip_unavailable': False, 'install_base': '/home/quanzz/quandeptrai/install/my_robot_bringup', 'merge_install': False, 'path': '/home/quanzz/quandeptrai/src/old_gazebo_code/my_robot_bringup', 'symlink_install': True, 'test_result_base': None}
[0.596s] INFO:colcon.colcon_core.executor:Executing jobs using 'parallel' executor
[0.597s] DEBUG:colcon.colcon_parallel_executor.executor.parallel:run_until_complete
[0.597s] INFO:colcon.colcon_ros.task.ament_cmake.build:Building ROS package in '/home/quanzz/quandeptrai/src/old_gazebo_code/my_robot_description' with build type 'ament_cmake'
[0.597s] INFO:colcon.colcon_cmake.task.cmake.build:Building CMake package in '/home/quanzz/quandeptrai/src/old_gazebo_code/my_robot_description'
[0.604s] INFO:colcon.colcon_core.plugin_system:Skipping extension 'colcon_core.shell.bat': Not used on non-Windows systems
[0.604s] INFO:colcon.colcon_core.shell:Skip shell extension 'powershell' for command environment: Not usable outside of PowerShell
[0.604s] DEBUG:colcon.colcon_core.shell:Skip shell extension 'dsv' for command environment
[0.608s] INFO:colcon.colcon_ros.task.ament_python.build:Building ROS package in '/home/quanzz/quandeptrai/src/thuattoan' with build type 'ament_python'
[0.609s] Level 1:colcon.colcon_core.shell:create_environment_hook('thuattoan', 'ament_prefix_path')
[0.609s] INFO:colcon.colcon_core.shell:Creating environment hook '/home/quanzz/quandeptrai/install/thuattoan/share/thuattoan/hook/ament_prefix_path.ps1'
[0.610s] INFO:colcon.colcon_core.shell:Creating environment descriptor '/home/quanzz/quandeptrai/install/thuattoan/share/thuattoan/hook/ament_prefix_path.dsv'
[0.611s] INFO:colcon.colcon_core.shell:Creating environment hook '/home/quanzz/quandeptrai/install/thuattoan/share/thuattoan/hook/ament_prefix_path.sh'
[0.612s] INFO:colcon.colcon_core.shell:Skip shell extension 'powershell' for command environment: Not usable outside of PowerShell
[0.612s] DEBUG:colcon.colcon_core.shell:Skip shell extension 'dsv' for command environment
[0.623s] DEBUG:colcon.colcon_core.event_handler.log_command:Invoking command in '/home/quanzz/quandeptrai/build/my_robot_description': CMAKE_PREFIX_PATH=${CMAKE_PREFIX_PATH}:/home/quanzz/quandeptrai/install/thuattoan:/opt/ros/humble /usr/bin/cmake /home/quanzz/quandeptrai/src/old_gazebo_code/my_robot_description -DAMENT_CMAKE_SYMLINK_INSTALL=1 -DCMAKE_INSTALL_PREFIX=/home/quanzz/quandeptrai/install/my_robot_description
[0.862s] INFO:colcon.colcon_core.task.python.build:Building Python package in '/home/quanzz/quandeptrai/src/thuattoan'
[0.862s] INFO:colcon.colcon_core.shell:Skip shell extension 'powershell' for command environment: Not usable outside of PowerShell
[0.862s] DEBUG:colcon.colcon_core.shell:Skip shell extension 'dsv' for command environment
[0.911s] DEBUG:colcon.colcon_core.event_handler.log_command:Invoked command in '/home/quanzz/quandeptrai/build/my_robot_description' returned '0': CMAKE_PREFIX_PATH=${CMAKE_PREFIX_PATH}:/home/quanzz/quandeptrai/install/thuattoan:/opt/ros/humble /usr/bin/cmake /home/quanzz/quandeptrai/src/old_gazebo_code/my_robot_description -DAMENT_CMAKE_SYMLINK_INSTALL=1 -DCMAKE_INSTALL_PREFIX=/home/quanzz/quandeptrai/install/my_robot_description
[0.913s] DEBUG:colcon.colcon_core.event_handler.log_command:Invoking command in '/home/quanzz/quandeptrai/build/my_robot_description': CMAKE_PREFIX_PATH=${CMAKE_PREFIX_PATH}:/home/quanzz/quandeptrai/install/thuattoan:/opt/ros/humble /usr/bin/cmake --build /home/quanzz/quandeptrai/build/my_robot_description -- -j16 -l16
[0.957s] DEBUG:colcon.colcon_core.event_handler.log_command:Invoked command in '/home/quanzz/quandeptrai/build/my_robot_description' returned '0': CMAKE_PREFIX_PATH=${CMAKE_PREFIX_PATH}:/home/quanzz/quandeptrai/install/thuattoan:/opt/ros/humble /usr/bin/cmake --build /home/quanzz/quandeptrai/build/my_robot_description -- -j16 -l16
[0.969s] DEBUG:colcon.colcon_core.event_handler.log_command:Invoking command in '/home/quanzz/quandeptrai/build/my_robot_description': CMAKE_PREFIX_PATH=${CMAKE_PREFIX_PATH}:/home/quanzz/quandeptrai/install/thuattoan:/opt/ros/humble /usr/bin/cmake --install /home/quanzz/quandeptrai/build/my_robot_description
[13.824s] Level 1:colcon.colcon_core.environment:create_environment_scripts_only(my_robot_description)
[13.825s] DEBUG:colcon.colcon_core.event_handler.log_command:Invoked command in '/home/quanzz/quandeptrai/build/my_robot_description' returned '0': CMAKE_PREFIX_PATH=${CMAKE_PREFIX_PATH}:/home/quanzz/quandeptrai/install/thuattoan:/opt/ros/humble /usr/bin/cmake --install /home/quanzz/quandeptrai/build/my_robot_description
[13.831s] Level 1:colcon.colcon_core.environment:checking '/home/quanzz/quandeptrai/install/my_robot_description' for CMake module files
[13.832s] Level 1:colcon.colcon_core.environment:checking '/home/quanzz/quandeptrai/install/my_robot_description' for CMake config files
[13.832s] Level 1:colcon.colcon_core.shell:create_environment_hook('my_robot_description', 'cmake_prefix_path')
[13.833s] INFO:colcon.colcon_core.shell:Creating environment hook '/home/quanzz/quandeptrai/install/my_robot_description/share/my_robot_description/hook/cmake_prefix_path.ps1'
[13.833s] INFO:colcon.colcon_core.shell:Creating environment descriptor '/home/quanzz/quandeptrai/install/my_robot_description/share/my_robot_description/hook/cmake_prefix_path.dsv'
[13.834s] INFO:colcon.colcon_core.shell:Creating environment hook '/home/quanzz/quandeptrai/install/my_robot_description/share/my_robot_description/hook/cmake_prefix_path.sh'
[13.834s] Level 1:colcon.colcon_core.environment:checking '/home/quanzz/quandeptrai/install/my_robot_description/bin'
[13.834s] Level 1:colcon.colcon_core.environment:checking '/home/quanzz/quandeptrai/install/my_robot_description/lib/pkgconfig/my_robot_description.pc'
[13.834s] Level 1:colcon.colcon_core.environment:checking '/home/quanzz/quandeptrai/install/my_robot_description/lib/python3.10/site-packages'
[13.835s] Level 1:colcon.colcon_core.environment:checking '/home/quanzz/quandeptrai/install/my_robot_description/bin'
[13.835s] INFO:colcon.colcon_core.shell:Creating package script '/home/quanzz/quandeptrai/install/my_robot_description/share/my_robot_description/package.ps1'
[13.836s] INFO:colcon.colcon_core.shell:Creating package descriptor '/home/quanzz/quandeptrai/install/my_robot_description/share/my_robot_description/package.dsv'
[13.837s] INFO:colcon.colcon_core.shell:Creating package script '/home/quanzz/quandeptrai/install/my_robot_description/share/my_robot_description/package.sh'
[13.838s] INFO:colcon.colcon_core.shell:Creating package script '/home/quanzz/quandeptrai/install/my_robot_description/share/my_robot_description/package.bash'
[13.839s] INFO:colcon.colcon_core.shell:Creating package script '/home/quanzz/quandeptrai/install/my_robot_description/share/my_robot_description/package.zsh'
[13.840s] Level 1:colcon.colcon_core.environment:create_file_with_runtime_dependencies(/home/quanzz/quandeptrai/install/my_robot_description/share/colcon-core/packages/my_robot_description)
[13.841s] Level 1:colcon.colcon_core.environment:create_environment_scripts_only(my_robot_description)
[13.841s] Level 1:colcon.colcon_core.environment:checking '/home/quanzz/quandeptrai/install/my_robot_description' for CMake module files
[13.841s] Level 1:colcon.colcon_core.environment:checking '/home/quanzz/quandeptrai/install/my_robot_description' for CMake config files
[13.842s] Level 1:colcon.colcon_core.shell:create_environment_hook('my_robot_description', 'cmake_prefix_path')
[13.842s] INFO:colcon.colcon_core.shell:Creating environment hook '/home/quanzz/quandeptrai/install/my_robot_description/share/my_robot_description/hook/cmake_prefix_path.ps1'
[13.842s] INFO:colcon.colcon_core.shell:Creating environment descriptor '/home/quanzz/quandeptrai/install/my_robot_description/share/my_robot_description/hook/cmake_prefix_path.dsv'
[13.843s] INFO:colcon.colcon_core.shell:Creating environment hook '/home/quanzz/quandeptrai/install/my_robot_description/share/my_robot_description/hook/cmake_prefix_path.sh'
[13.843s] Level 1:colcon.colcon_core.environment:checking '/home/quanzz/quandeptrai/install/my_robot_description/bin'
[13.843s] Level 1:colcon.colcon_core.environment:checking '/home/quanzz/quandeptrai/install/my_robot_description/lib/pkgconfig/my_robot_description.pc'
[13.843s] Level 1:colcon.colcon_core.environment:checking '/home/quanzz/quandeptrai/install/my_robot_description/lib/python3.10/site-packages'
[13.844s] Level 1:colcon.colcon_core.environment:checking '/home/quanzz/quandeptrai/install/my_robot_description/bin'
[13.844s] INFO:colcon.colcon_core.shell:Creating package script '/home/quanzz/quandeptrai/install/my_robot_description/share/my_robot_description/package.ps1'
[13.845s] INFO:colcon.colcon_core.shell:Creating package descriptor '/home/quanzz/quandeptrai/install/my_robot_description/share/my_robot_description/package.dsv'
[13.845s] INFO:colcon.colcon_core.shell:Creating package script '/home/quanzz/quandeptrai/install/my_robot_description/share/my_robot_description/package.sh'
[13.846s] INFO:colcon.colcon_core.shell:Creating package script '/home/quanzz/quandeptrai/install/my_robot_description/share/my_robot_description/package.bash'
[13.846s] INFO:colcon.colcon_core.shell:Creating package script '/home/quanzz/quandeptrai/install/my_robot_description/share/my_robot_description/package.zsh'
[13.846s] Level 1:colcon.colcon_core.environment:create_file_with_runtime_dependencies(/home/quanzz/quandeptrai/install/my_robot_description/share/colcon-core/packages/my_robot_description)
[13.847s] INFO:colcon.colcon_ros.task.ament_cmake.build:Building ROS package in '/home/quanzz/quandeptrai/src/old_gazebo_code/my_robot_bringup' with build type 'ament_cmake'
[13.847s] INFO:colcon.colcon_cmake.task.cmake.build:Building CMake package in '/home/quanzz/quandeptrai/src/old_gazebo_code/my_robot_bringup'
[13.847s] INFO:colcon.colcon_core.shell:Skip shell extension 'powershell' for command environment: Not usable outside of PowerShell
[13.848s] DEBUG:colcon.colcon_core.shell:Skip shell extension 'dsv' for command environment
[13.882s] DEBUG:colcon.colcon_core.event_handler.log_command:Invoking command in '/home/quanzz/quandeptrai/build/my_robot_bringup': CMAKE_PREFIX_PATH=/home/quanzz/quandeptrai/install/my_robot_description:/home/quanzz/quandeptrai/install/my_robot_bringup:/home/quanzz/quandeptrai/install/thuattoan:/opt/ros/humble /usr/bin/cmake /home/quanzz/quandeptrai/src/old_gazebo_code/my_robot_bringup -DAMENT_CMAKE_SYMLINK_INSTALL=1 -DCMAKE_INSTALL_PREFIX=/home/quanzz/quandeptrai/install/my_robot_bringup
[13.897s] DEBUG:colcon.colcon_core.task.python.build:While undoing a previous installation files outside the Python library path are being ignored: /home/quanzz/quandeptrai/install/thuattoan/share/ament_index/resource_index/packages/thuattoan
[13.897s] DEBUG:colcon.colcon_core.task.python.build:While undoing a previous installation files outside the Python library path are being ignored: /home/quanzz/quandeptrai/install/thuattoan/share/thuattoan/package.xml
[13.898s] DEBUG:colcon.colcon_core.task.python.build:While undoing a previous installation files outside the Python library path are being ignored: /home/quanzz/quandeptrai/install/thuattoan/lib/thuattoan/hinhtron
[13.898s] DEBUG:colcon.colcon_core.task.python.build:While undoing a previous installation files outside the Python library path are being ignored: /home/quanzz/quandeptrai/install/thuattoan/lib/thuattoan/hit
[13.898s] DEBUG:colcon.colcon_core.task.python.build:While undoing a previous installation files outside the Python library path are being ignored: /home/quanzz/quandeptrai/install/thuattoan/lib/thuattoan/vitrivat
[13.902s] DEBUG:colcon.colcon_core.event_handler.log_command:Invoking command in '/home/quanzz/quandeptrai/build/thuattoan': PYTHONPATH=/home/quanzz/quandeptrai/build/thuattoan/prefix_override:/usr/lib/python3/dist-packages/colcon_core/task/python/colcon_distutils_commands:/home/quanzz/quandeptrai/install/thuattoan/lib/python3.10/site-packages:${PYTHONPATH} /usr/bin/python3 -W ignore:setup.py install is deprecated -W ignore:easy_install command is deprecated setup.py develop --editable --build-directory /home/quanzz/quandeptrai/build/thuattoan/build --no-deps symlink_data --force
[14.081s] DEBUG:colcon.colcon_core.event_handler.log_command:Invoked command in '/home/quanzz/quandeptrai/build/my_robot_bringup' returned '0': CMAKE_PREFIX_PATH=/home/quanzz/quandeptrai/install/my_robot_description:/home/quanzz/quandeptrai/install/my_robot_bringup:/home/quanzz/quandeptrai/install/thuattoan:/opt/ros/humble /usr/bin/cmake /home/quanzz/quandeptrai/src/old_gazebo_code/my_robot_bringup -DAMENT_CMAKE_SYMLINK_INSTALL=1 -DCMAKE_INSTALL_PREFIX=/home/quanzz/quandeptrai/install/my_robot_bringup
[14.083s] DEBUG:colcon.colcon_core.event_handler.log_command:Invoking command in '/home/quanzz/quandeptrai/build/my_robot_bringup': CMAKE_PREFIX_PATH=/home/quanzz/quandeptrai/install/my_robot_description:/home/quanzz/quandeptrai/install/my_robot_bringup:/home/quanzz/quandeptrai/install/thuattoan:/opt/ros/humble /usr/bin/cmake --build /home/quanzz/quandeptrai/build/my_robot_bringup -- -j16 -l16
[14.124s] DEBUG:colcon.colcon_core.event_handler.log_command:Invoked command in '/home/quanzz/quandeptrai/build/my_robot_bringup' returned '0': CMAKE_PREFIX_PATH=/home/quanzz/quandeptrai/install/my_robot_description:/home/quanzz/quandeptrai/install/my_robot_bringup:/home/quanzz/quandeptrai/install/thuattoan:/opt/ros/humble /usr/bin/cmake --build /home/quanzz/quandeptrai/build/my_robot_bringup -- -j16 -l16
[14.127s] DEBUG:colcon.colcon_core.event_handler.log_command:Invoking command in '/home/quanzz/quandeptrai/build/my_robot_bringup': CMAKE_PREFIX_PATH=/home/quanzz/quandeptrai/install/my_robot_description:/home/quanzz/quandeptrai/install/my_robot_bringup:/home/quanzz/quandeptrai/install/thuattoan:/opt/ros/humble /usr/bin/cmake --install /home/quanzz/quandeptrai/build/my_robot_bringup
[14.293s] Level 1:colcon.colcon_core.shell:create_environment_hook('thuattoan', 'pythonpath_develop')
[14.294s] INFO:colcon.colcon_core.shell:Creating environment hook '/home/quanzz/quandeptrai/build/thuattoan/share/thuattoan/hook/pythonpath_develop.ps1'
[14.294s] DEBUG:colcon.colcon_core.event_handler.log_command:Invoked command in '/home/quanzz/quandeptrai/build/thuattoan' returned '0': PYTHONPATH=/home/quanzz/quandeptrai/build/thuattoan/prefix_override:/usr/lib/python3/dist-packages/colcon_core/task/python/colcon_distutils_commands:/home/quanzz/quandeptrai/install/thuattoan/lib/python3.10/site-packages:${PYTHONPATH} /usr/bin/python3 -W ignore:setup.py install is deprecated -W ignore:easy_install command is deprecated setup.py develop --editable --build-directory /home/quanzz/quandeptrai/build/thuattoan/build --no-deps symlink_data --force
[14.296s] INFO:colcon.colcon_core.shell:Creating environment descriptor '/home/quanzz/quandeptrai/build/thuattoan/share/thuattoan/hook/pythonpath_develop.dsv'
[14.297s] INFO:colcon.colcon_core.shell:Creating environment hook '/home/quanzz/quandeptrai/build/thuattoan/share/thuattoan/hook/pythonpath_develop.sh'
[14.297s] Level 1:colcon.colcon_core.environment:checking '/home/quanzz/quandeptrai/install/thuattoan' for CMake module files
[14.297s] Level 1:colcon.colcon_core.environment:checking '/home/quanzz/quandeptrai/install/thuattoan' for CMake config files
[14.298s] Level 1:colcon.colcon_core.environment:checking '/home/quanzz/quandeptrai/install/thuattoan/lib'
[14.298s] Level 1:colcon.colcon_core.environment:checking '/home/quanzz/quandeptrai/install/thuattoan/bin'
[14.298s] Level 1:colcon.colcon_core.environment:checking '/home/quanzz/quandeptrai/install/thuattoan/lib/pkgconfig/thuattoan.pc'
[14.299s] Level 1:colcon.colcon_core.environment:checking '/home/quanzz/quandeptrai/install/thuattoan/lib/python3.10/site-packages'
[14.299s] Level 1:colcon.colcon_core.shell:create_environment_hook('thuattoan', 'pythonpath')
[14.299s] INFO:colcon.colcon_core.shell:Creating environment hook '/home/quanzz/quandeptrai/install/thuattoan/share/thuattoan/hook/pythonpath.ps1'
[14.299s] INFO:colcon.colcon_core.shell:Creating environment descriptor '/home/quanzz/quandeptrai/install/thuattoan/share/thuattoan/hook/pythonpath.dsv'
[14.300s] INFO:colcon.colcon_core.shell:Creating environment hook '/home/quanzz/quandeptrai/install/thuattoan/share/thuattoan/hook/pythonpath.sh'
[14.300s] Level 1:colcon.colcon_core.environment:checking '/home/quanzz/quandeptrai/install/thuattoan/bin'
[14.300s] Level 1:colcon.colcon_core.environment:create_environment_scripts_only(thuattoan)
[14.301s] INFO:colcon.colcon_core.shell:Creating package script '/home/quanzz/quandeptrai/install/thuattoan/share/thuattoan/package.ps1'
[14.301s] INFO:colcon.colcon_core.shell:Creating package descriptor '/home/quanzz/quandeptrai/install/thuattoan/share/thuattoan/package.dsv'
[14.301s] INFO:colcon.colcon_core.shell:Creating package script '/home/quanzz/quandeptrai/install/thuattoan/share/thuattoan/package.sh'
[14.302s] INFO:colcon.colcon_core.shell:Creating package script '/home/quanzz/quandeptrai/install/thuattoan/share/thuattoan/package.bash'
[14.302s] INFO:colcon.colcon_core.shell:Creating package script '/home/quanzz/quandeptrai/install/thuattoan/share/thuattoan/package.zsh'
[14.303s] Level 1:colcon.colcon_core.environment:create_file_with_runtime_dependencies(/home/quanzz/quandeptrai/install/thuattoan/share/colcon-core/packages/thuattoan)
[14.352s] Level 1:colcon.colcon_core.environment:create_environment_scripts_only(my_robot_bringup)
[14.352s] Level 1:colcon.colcon_core.environment:checking '/home/quanzz/quandeptrai/install/my_robot_bringup' for CMake module files
[14.353s] DEBUG:colcon.colcon_core.event_handler.log_command:Invoked command in '/home/quanzz/quandeptrai/build/my_robot_bringup' returned '0': CMAKE_PREFIX_PATH=/home/quanzz/quandeptrai/install/my_robot_description:/home/quanzz/quandeptrai/install/my_robot_bringup:/home/quanzz/quandeptrai/install/thuattoan:/opt/ros/humble /usr/bin/cmake --install /home/quanzz/quandeptrai/build/my_robot_bringup
[14.353s] Level 1:colcon.colcon_core.environment:checking '/home/quanzz/quandeptrai/install/my_robot_bringup' for CMake config files
[14.354s] Level 1:colcon.colcon_core.shell:create_environment_hook('my_robot_bringup', 'cmake_prefix_path')
[14.354s] INFO:colcon.colcon_core.shell:Creating environment hook '/home/quanzz/quandeptrai/install/my_robot_bringup/share/my_robot_bringup/hook/cmake_prefix_path.ps1'
[14.354s] INFO:colcon.colcon_core.shell:Creating environment descriptor '/home/quanzz/quandeptrai/install/my_robot_bringup/share/my_robot_bringup/hook/cmake_prefix_path.dsv'
[14.355s] INFO:colcon.colcon_core.shell:Creating environment hook '/home/quanzz/quandeptrai/install/my_robot_bringup/share/my_robot_bringup/hook/cmake_prefix_path.sh'
[14.355s] Level 1:colcon.colcon_core.environment:checking '/home/quanzz/quandeptrai/install/my_robot_bringup/bin'
[14.355s] Level 1:colcon.colcon_core.environment:checking '/home/quanzz/quandeptrai/install/my_robot_bringup/lib/pkgconfig/my_robot_bringup.pc'
[14.356s] Level 1:colcon.colcon_core.environment:checking '/home/quanzz/quandeptrai/install/my_robot_bringup/lib/python3.10/site-packages'
[14.356s] Level 1:colcon.colcon_core.environment:checking '/home/quanzz/quandeptrai/install/my_robot_bringup/bin'
[14.356s] INFO:colcon.colcon_core.shell:Creating package script '/home/quanzz/quandeptrai/install/my_robot_bringup/share/my_robot_bringup/package.ps1'
[14.357s] INFO:colcon.colcon_core.shell:Creating package descriptor '/home/quanzz/quandeptrai/install/my_robot_bringup/share/my_robot_bringup/package.dsv'
[14.357s] INFO:colcon.colcon_core.shell:Creating package script '/home/quanzz/quandeptrai/install/my_robot_bringup/share/my_robot_bringup/package.sh'
[14.358s] INFO:colcon.colcon_core.shell:Creating package script '/home/quanzz/quandeptrai/install/my_robot_bringup/share/my_robot_bringup/package.bash'
[14.358s] INFO:colcon.colcon_core.shell:Creating package script '/home/quanzz/quandeptrai/install/my_robot_bringup/share/my_robot_bringup/package.zsh'
[14.358s] Level 1:colcon.colcon_core.environment:create_file_with_runtime_dependencies(/home/quanzz/quandeptrai/install/my_robot_bringup/share/colcon-core/packages/my_robot_bringup)
[14.359s] Level 1:colcon.colcon_core.environment:create_environment_scripts_only(my_robot_bringup)
[14.359s] Level 1:colcon.colcon_core.environment:checking '/home/quanzz/quandeptrai/install/my_robot_bringup' for CMake module files
[14.360s] Level 1:colcon.colcon_core.environment:checking '/home/quanzz/quandeptrai/install/my_robot_bringup' for CMake config files
[14.360s] Level 1:colcon.colcon_core.shell:create_environment_hook('my_robot_bringup', 'cmake_prefix_path')
[14.360s] INFO:colcon.colcon_core.shell:Creating environment hook '/home/quanzz/quandeptrai/install/my_robot_bringup/share/my_robot_bringup/hook/cmake_prefix_path.ps1'
[14.361s] INFO:colcon.colcon_core.shell:Creating environment descriptor '/home/quanzz/quandeptrai/install/my_robot_bringup/share/my_robot_bringup/hook/cmake_prefix_path.dsv'
[14.361s] INFO:colcon.colcon_core.shell:Creating environment hook '/home/quanzz/quandeptrai/install/my_robot_bringup/share/my_robot_bringup/hook/cmake_prefix_path.sh'
[14.361s] Level 1:colcon.colcon_core.environment:checking '/home/quanzz/quandeptrai/install/my_robot_bringup/bin'
[14.362s] Level 1:colcon.colcon_core.environment:checking '/home/quanzz/quandeptrai/install/my_robot_bringup/lib/pkgconfig/my_robot_bringup.pc'
[14.362s] Level 1:colcon.colcon_core.environment:checking '/home/quanzz/quandeptrai/install/my_robot_bringup/lib/python3.10/site-packages'
[14.362s] Level 1:colcon.colcon_core.environment:checking '/home/quanzz/quandeptrai/install/my_robot_bringup/bin'
[14.362s] INFO:colcon.colcon_core.shell:Creating package script '/home/quanzz/quandeptrai/install/my_robot_bringup/share/my_robot_bringup/package.ps1'
[14.363s] INFO:colcon.colcon_core.shell:Creating package descriptor '/home/quanzz/quandeptrai/install/my_robot_bringup/share/my_robot_bringup/package.dsv'
[14.363s] INFO:colcon.colcon_core.shell:Creating package script '/home/quanzz/quandeptrai/install/my_robot_bringup/share/my_robot_bringup/package.sh'
[14.364s] INFO:colcon.colcon_core.shell:Creating package script '/home/quanzz/quandeptrai/install/my_robot_bringup/share/my_robot_bringup/package.bash'
[14.364s] INFO:colcon.colcon_core.shell:Creating package script '/home/quanzz/quandeptrai/install/my_robot_bringup/share/my_robot_bringup/package.zsh'
[14.364s] Level 1:colcon.colcon_core.environment:create_file_with_runtime_dependencies(/home/quanzz/quandeptrai/install/my_robot_bringup/share/colcon-core/packages/my_robot_bringup)
[14.365s] DEBUG:colcon.colcon_parallel_executor.executor.parallel:closing loop
[14.365s] DEBUG:colcon.colcon_parallel_executor.executor.parallel:loop closed
[14.366s] DEBUG:colcon.colcon_parallel_executor.executor.parallel:run_until_complete finished with '0'
[14.366s] DEBUG:colcon.colcon_core.event_reactor:joining thread
[14.390s] INFO:colcon.colcon_core.plugin_system:Skipping extension 'colcon_notification.desktop_notification.notify_send': Could not find 'notify-send'
[14.390s] INFO:colcon.colcon_core.plugin_system:Skipping extension 'colcon_notification.desktop_notification.terminal_notifier': Not used on non-Darwin systems
[14.390s] INFO:colcon.colcon_core.plugin_system:Skipping extension 'colcon_notification.desktop_notification.win32': Not used on non-Windows systems
[14.390s] INFO:colcon.colcon_notification.desktop_notification:Sending desktop notification using 'notify2'
[14.390s] DEBUG:colcon.colcon_notification.desktop_notification.notify2:Failed to initialize notify2: org.freedesktop.DBus.Error.FileNotFound: Failed to connect to socket /run/user/1000/bus: No such file or directory
[14.390s] DEBUG:colcon.colcon_core.event_reactor:joined thread
[14.391s] INFO:colcon.colcon_core.shell:Creating prefix script '/home/quanzz/quandeptrai/install/local_setup.ps1'
[14.392s] INFO:colcon.colcon_core.shell:Creating prefix util module '/home/quanzz/quandeptrai/install/_local_setup_util_ps1.py'
[14.393s] INFO:colcon.colcon_core.shell:Creating prefix chain script '/home/quanzz/quandeptrai/install/setup.ps1'
[14.395s] INFO:colcon.colcon_core.shell:Creating prefix script '/home/quanzz/quandeptrai/install/local_setup.sh'
[14.395s] INFO:colcon.colcon_core.shell:Creating prefix util module '/home/quanzz/quandeptrai/install/_local_setup_util_sh.py'
[14.396s] INFO:colcon.colcon_core.shell:Creating prefix chain script '/home/quanzz/quandeptrai/install/setup.sh'
[14.397s] INFO:colcon.colcon_core.shell:Creating prefix script '/home/quanzz/quandeptrai/install/local_setup.bash'
[14.398s] INFO:colcon.colcon_core.shell:Creating prefix chain script '/home/quanzz/quandeptrai/install/setup.bash'
[14.399s] INFO:colcon.colcon_core.shell:Creating prefix script '/home/quanzz/quandeptrai/install/local_setup.zsh'
[14.400s] INFO:colcon.colcon_core.shell:Creating prefix chain script '/home/quanzz/quandeptrai/install/setup.zsh'
