[0.141s] DEBUG:colcon:Command line arguments: ['/usr/bin/colcon', 'build']
[0.141s] DEBUG:colcon:Parsed command line arguments: Namespace(log_base=None, log_level=None, verb_name='build', build_base='build', install_base='install', merge_install=False, symlink_install=False, test_result_base=None, continue_on_error=False, executor='parallel', parallel_workers=16, event_handlers=None, ignore_user_meta=False, metas=['./colcon.meta'], base_paths=['.'], packages_ignore=None, packages_ignore_regex=None, paths=None, packages_up_to=None, packages_up_to_regex=None, packages_above=None, packages_above_and_dependencies=None, packages_above_depth=None, packages_select_by_dep=None, packages_skip_by_dep=None, packages_skip_up_to=None, packages_select_build_failed=False, packages_skip_build_finished=False, packages_select_test_failures=False, packages_skip_test_passed=False, packages_select=None, packages_skip=None, packages_select_regex=None, packages_skip_regex=None, packages_start=None, packages_end=None, allow_overriding=[], cmake_args=None, cmake_target=None, cmake_target_skip_unavailable=False, cmake_clean_cache=False, cmake_clean_first=False, cmake_force_configure=False, ament_cmake_args=None, catkin_cmake_args=None, catkin_skip_building_tests=False, mixin_files=None, mixin=None, verb_parser=<colcon_mixin.mixin.mixin_argument.MixinArgumentDecorator object at 0x7acf60f19b10>, verb_extension=<colcon_core.verb.build.BuildVerb object at 0x7acf60ffa980>, main=<bound method BuildVerb.main of <colcon_core.verb.build.BuildVerb object at 0x7acf60ffa980>>, mixin_verb=('build',))
[0.288s] Level 1:colcon.colcon_core.package_discovery:discover_packages(colcon_meta) check parameters
[0.288s] Level 1:colcon.colcon_core.package_discovery:discover_packages(recursive) check parameters
[0.288s] Level 1:colcon.colcon_core.package_discovery:discover_packages(ignore) check parameters
[0.288s] Level 1:colcon.colcon_core.package_discovery:discover_packages(path) check parameters
[0.288s] Level 1:colcon.colcon_core.package_discovery:discover_packages(colcon_meta) discover
[0.288s] Level 1:colcon.colcon_core.package_discovery:discover_packages(recursive) discover
[0.288s] INFO:colcon.colcon_core.package_discovery:Crawling recursively for packages in '/home/quanzz/quandeptrai'
[0.288s] Level 1:colcon.colcon_core.package_identification:_identify(.) by extensions ['ignore', 'ignore_ament_install']
[0.288s] Level 1:colcon.colcon_core.package_identification:_identify(.) by extension 'ignore'
[0.288s] Level 1:colcon.colcon_core.package_identification:_identify(.) by extension 'ignore_ament_install'
[0.288s] Level 1:colcon.colcon_core.package_identification:_identify(.) by extensions ['colcon_pkg']
[0.288s] Level 1:colcon.colcon_core.package_identification:_identify(.) by extension 'colcon_pkg'
[0.288s] Level 1:colcon.colcon_core.package_identification:_identify(.) by extensions ['colcon_meta']
[0.288s] Level 1:colcon.colcon_core.package_identification:_identify(.) by extension 'colcon_meta'
[0.289s] Level 1:colcon.colcon_core.package_identification:_identify(.) by extensions ['ros']
[0.289s] Level 1:colcon.colcon_core.package_identification:_identify(.) by extension 'ros'
[0.298s] Level 1:colcon.colcon_core.package_identification:_identify(.) by extensions ['cmake', 'python']
[0.298s] Level 1:colcon.colcon_core.package_identification:_identify(.) by extension 'cmake'
[0.298s] Level 1:colcon.colcon_core.package_identification:_identify(.) by extension 'python'
[0.298s] Level 1:colcon.colcon_core.package_identification:_identify(.) by extensions ['python_setup_py']
[0.298s] Level 1:colcon.colcon_core.package_identification:_identify(.) by extension 'python_setup_py'
[0.298s] Level 1:colcon.colcon_core.package_identification:_identify(build) by extensions ['ignore', 'ignore_ament_install']
[0.298s] Level 1:colcon.colcon_core.package_identification:_identify(build) by extension 'ignore'
[0.298s] Level 1:colcon.colcon_core.package_identification:_identify(build) ignored
[0.298s] Level 1:colcon.colcon_core.package_identification:_identify(install) by extensions ['ignore', 'ignore_ament_install']
[0.299s] Level 1:colcon.colcon_core.package_identification:_identify(install) by extension 'ignore'
[0.299s] Level 1:colcon.colcon_core.package_identification:_identify(install) ignored
[0.299s] Level 1:colcon.colcon_core.package_identification:_identify(log) by extensions ['ignore', 'ignore_ament_install']
[0.299s] Level 1:colcon.colcon_core.package_identification:_identify(log) by extension 'ignore'
[0.299s] Level 1:colcon.colcon_core.package_identification:_identify(log) ignored
[0.299s] Level 1:colcon.colcon_core.package_identification:_identify(src) by extensions ['ignore', 'ignore_ament_install']
[0.299s] Level 1:colcon.colcon_core.package_identification:_identify(src) by extension 'ignore'
[0.299s] Level 1:colcon.colcon_core.package_identification:_identify(src) by extension 'ignore_ament_install'
[0.299s] Level 1:colcon.colcon_core.package_identification:_identify(src) by extensions ['colcon_pkg']
[0.299s] Level 1:colcon.colcon_core.package_identification:_identify(src) by extension 'colcon_pkg'
[0.299s] Level 1:colcon.colcon_core.package_identification:_identify(src) by extensions ['colcon_meta']
[0.299s] Level 1:colcon.colcon_core.package_identification:_identify(src) by extension 'colcon_meta'
[0.299s] Level 1:colcon.colcon_core.package_identification:_identify(src) by extensions ['ros']
[0.299s] Level 1:colcon.colcon_core.package_identification:_identify(src) by extension 'ros'
[0.300s] Level 1:colcon.colcon_core.package_identification:_identify(src) by extensions ['cmake', 'python']
[0.300s] Level 1:colcon.colcon_core.package_identification:_identify(src) by extension 'cmake'
[0.300s] Level 1:colcon.colcon_core.package_identification:_identify(src) by extension 'python'
[0.300s] Level 1:colcon.colcon_core.package_identification:_identify(src) by extensions ['python_setup_py']
[0.300s] Level 1:colcon.colcon_core.package_identification:_identify(src) by extension 'python_setup_py'
[0.300s] Level 1:colcon.colcon_core.package_identification:_identify(src/old_gazebo_code) by extensions ['ignore', 'ignore_ament_install']
[0.300s] Level 1:colcon.colcon_core.package_identification:_identify(src/old_gazebo_code) by extension 'ignore'
[0.300s] Level 1:colcon.colcon_core.package_identification:_identify(src/old_gazebo_code) by extension 'ignore_ament_install'
[0.300s] Level 1:colcon.colcon_core.package_identification:_identify(src/old_gazebo_code) by extensions ['colcon_pkg']
[0.300s] Level 1:colcon.colcon_core.package_identification:_identify(src/old_gazebo_code) by extension 'colcon_pkg'
[0.300s] Level 1:colcon.colcon_core.package_identification:_identify(src/old_gazebo_code) by extensions ['colcon_meta']
[0.300s] Level 1:colcon.colcon_core.package_identification:_identify(src/old_gazebo_code) by extension 'colcon_meta'
[0.300s] Level 1:colcon.colcon_core.package_identification:_identify(src/old_gazebo_code) by extensions ['ros']
[0.300s] Level 1:colcon.colcon_core.package_identification:_identify(src/old_gazebo_code) by extension 'ros'
[0.300s] Level 1:colcon.colcon_core.package_identification:_identify(src/old_gazebo_code) by extensions ['cmake', 'python']
[0.300s] Level 1:colcon.colcon_core.package_identification:_identify(src/old_gazebo_code) by extension 'cmake'
[0.300s] Level 1:colcon.colcon_core.package_identification:_identify(src/old_gazebo_code) by extension 'python'
[0.300s] Level 1:colcon.colcon_core.package_identification:_identify(src/old_gazebo_code) by extensions ['python_setup_py']
[0.300s] Level 1:colcon.colcon_core.package_identification:_identify(src/old_gazebo_code) by extension 'python_setup_py'
[0.300s] Level 1:colcon.colcon_core.package_identification:_identify(src/old_gazebo_code/my_robot_bringup) by extensions ['ignore', 'ignore_ament_install']
[0.301s] Level 1:colcon.colcon_core.package_identification:_identify(src/old_gazebo_code/my_robot_bringup) by extension 'ignore'
[0.301s] Level 1:colcon.colcon_core.package_identification:_identify(src/old_gazebo_code/my_robot_bringup) by extension 'ignore_ament_install'
[0.301s] Level 1:colcon.colcon_core.package_identification:_identify(src/old_gazebo_code/my_robot_bringup) by extensions ['colcon_pkg']
[0.301s] Level 1:colcon.colcon_core.package_identification:_identify(src/old_gazebo_code/my_robot_bringup) by extension 'colcon_pkg'
[0.301s] Level 1:colcon.colcon_core.package_identification:_identify(src/old_gazebo_code/my_robot_bringup) by extensions ['colcon_meta']
[0.301s] Level 1:colcon.colcon_core.package_identification:_identify(src/old_gazebo_code/my_robot_bringup) by extension 'colcon_meta'
[0.301s] Level 1:colcon.colcon_core.package_identification:_identify(src/old_gazebo_code/my_robot_bringup) by extensions ['ros']
[0.301s] Level 1:colcon.colcon_core.package_identification:_identify(src/old_gazebo_code/my_robot_bringup) by extension 'ros'
[0.303s] DEBUG:colcon.colcon_core.package_identification:Package 'src/old_gazebo_code/my_robot_bringup' with type 'ros.ament_cmake' and name 'my_robot_bringup'
[0.303s] Level 1:colcon.colcon_core.package_identification:_identify(src/old_gazebo_code/my_robot_description) by extensions ['ignore', 'ignore_ament_install']
[0.303s] Level 1:colcon.colcon_core.package_identification:_identify(src/old_gazebo_code/my_robot_description) by extension 'ignore'
[0.303s] Level 1:colcon.colcon_core.package_identification:_identify(src/old_gazebo_code/my_robot_description) by extension 'ignore_ament_install'
[0.303s] Level 1:colcon.colcon_core.package_identification:_identify(src/old_gazebo_code/my_robot_description) by extensions ['colcon_pkg']
[0.303s] Level 1:colcon.colcon_core.package_identification:_identify(src/old_gazebo_code/my_robot_description) by extension 'colcon_pkg'
[0.303s] Level 1:colcon.colcon_core.package_identification:_identify(src/old_gazebo_code/my_robot_description) by extensions ['colcon_meta']
[0.303s] Level 1:colcon.colcon_core.package_identification:_identify(src/old_gazebo_code/my_robot_description) by extension 'colcon_meta'
[0.303s] Level 1:colcon.colcon_core.package_identification:_identify(src/old_gazebo_code/my_robot_description) by extensions ['ros']
[0.303s] Level 1:colcon.colcon_core.package_identification:_identify(src/old_gazebo_code/my_robot_description) by extension 'ros'
[0.304s] DEBUG:colcon.colcon_core.package_identification:Package 'src/old_gazebo_code/my_robot_description' with type 'ros.ament_cmake' and name 'my_robot_description'
[0.304s] Level 1:colcon.colcon_core.package_identification:_identify(src/thuattoan) by extensions ['ignore', 'ignore_ament_install']
[0.304s] Level 1:colcon.colcon_core.package_identification:_identify(src/thuattoan) by extension 'ignore'
[0.304s] Level 1:colcon.colcon_core.package_identification:_identify(src/thuattoan) by extension 'ignore_ament_install'
[0.304s] Level 1:colcon.colcon_core.package_identification:_identify(src/thuattoan) by extensions ['colcon_pkg']
[0.304s] Level 1:colcon.colcon_core.package_identification:_identify(src/thuattoan) by extension 'colcon_pkg'
[0.304s] Level 1:colcon.colcon_core.package_identification:_identify(src/thuattoan) by extensions ['colcon_meta']
[0.304s] Level 1:colcon.colcon_core.package_identification:_identify(src/thuattoan) by extension 'colcon_meta'
[0.304s] Level 1:colcon.colcon_core.package_identification:_identify(src/thuattoan) by extensions ['ros']
[0.304s] Level 1:colcon.colcon_core.package_identification:_identify(src/thuattoan) by extension 'ros'
[0.305s] DEBUG:colcon.colcon_core.package_identification:Package 'src/thuattoan' with type 'ros.ament_python' and name 'thuattoan'
[0.305s] Level 1:colcon.colcon_core.package_discovery:discover_packages(recursive) using defaults
[0.305s] Level 1:colcon.colcon_core.package_discovery:discover_packages(ignore) discover
[0.305s] Level 1:colcon.colcon_core.package_discovery:discover_packages(ignore) using defaults
[0.305s] Level 1:colcon.colcon_core.package_discovery:discover_packages(path) discover
[0.305s] Level 1:colcon.colcon_core.package_discovery:discover_packages(path) using defaults
[0.331s] Level 1:colcon.colcon_core.package_discovery:discover_packages(prefix_path) check parameters
[0.331s] Level 1:colcon.colcon_core.package_discovery:discover_packages(prefix_path) discover
[0.333s] DEBUG:colcon.colcon_installed_package_information.package_discovery:Found 278 installed packages in /opt/ros/humble
[0.334s] Level 1:colcon.colcon_core.package_discovery:discover_packages(prefix_path) using defaults
[0.365s] Level 5:colcon.colcon_core.verb:set package 'my_robot_description' build argument 'cmake_args' from command line to 'None'
[0.365s] Level 5:colcon.colcon_core.verb:set package 'my_robot_description' build argument 'cmake_target' from command line to 'None'
[0.366s] Level 5:colcon.colcon_core.verb:set package 'my_robot_description' build argument 'cmake_target_skip_unavailable' from command line to 'False'
[0.366s] Level 5:colcon.colcon_core.verb:set package 'my_robot_description' build argument 'cmake_clean_cache' from command line to 'False'
[0.366s] Level 5:colcon.colcon_core.verb:set package 'my_robot_description' build argument 'cmake_clean_first' from command line to 'False'
[0.366s] Level 5:colcon.colcon_core.verb:set package 'my_robot_description' build argument 'cmake_force_configure' from command line to 'False'
[0.366s] Level 5:colcon.colcon_core.verb:set package 'my_robot_description' build argument 'ament_cmake_args' from command line to 'None'
[0.366s] Level 5:colcon.colcon_core.verb:set package 'my_robot_description' build argument 'catkin_cmake_args' from command line to 'None'
[0.366s] Level 5:colcon.colcon_core.verb:set package 'my_robot_description' build argument 'catkin_skip_building_tests' from command line to 'False'
[0.366s] DEBUG:colcon.colcon_core.verb:Building package 'my_robot_description' with the following arguments: {'ament_cmake_args': None, 'build_base': '/home/quanzz/quandeptrai/build/my_robot_description', 'catkin_cmake_args': None, 'catkin_skip_building_tests': False, 'cmake_args': None, 'cmake_clean_cache': False, 'cmake_clean_first': False, 'cmake_force_configure': False, 'cmake_target': None, 'cmake_target_skip_unavailable': False, 'install_base': '/home/quanzz/quandeptrai/install/my_robot_description', 'merge_install': False, 'path': '/home/quanzz/quandeptrai/src/old_gazebo_code/my_robot_description', 'symlink_install': False, 'test_result_base': None}
[0.366s] Level 5:colcon.colcon_core.verb:set package 'thuattoan' build argument 'cmake_args' from command line to 'None'
[0.366s] Level 5:colcon.colcon_core.verb:set package 'thuattoan' build argument 'cmake_target' from command line to 'None'
[0.366s] Level 5:colcon.colcon_core.verb:set package 'thuattoan' build argument 'cmake_target_skip_unavailable' from command line to 'False'
[0.366s] Level 5:colcon.colcon_core.verb:set package 'thuattoan' build argument 'cmake_clean_cache' from command line to 'False'
[0.366s] Level 5:colcon.colcon_core.verb:set package 'thuattoan' build argument 'cmake_clean_first' from command line to 'False'
[0.366s] Level 5:colcon.colcon_core.verb:set package 'thuattoan' build argument 'cmake_force_configure' from command line to 'False'
[0.366s] Level 5:colcon.colcon_core.verb:set package 'thuattoan' build argument 'ament_cmake_args' from command line to 'None'
[0.366s] Level 5:colcon.colcon_core.verb:set package 'thuattoan' build argument 'catkin_cmake_args' from command line to 'None'
[0.366s] Level 5:colcon.colcon_core.verb:set package 'thuattoan' build argument 'catkin_skip_building_tests' from command line to 'False'
[0.366s] DEBUG:colcon.colcon_core.verb:Building package 'thuattoan' with the following arguments: {'ament_cmake_args': None, 'build_base': '/home/quanzz/quandeptrai/build/thuattoan', 'catkin_cmake_args': None, 'catkin_skip_building_tests': False, 'cmake_args': None, 'cmake_clean_cache': False, 'cmake_clean_first': False, 'cmake_force_configure': False, 'cmake_target': None, 'cmake_target_skip_unavailable': False, 'install_base': '/home/quanzz/quandeptrai/install/thuattoan', 'merge_install': False, 'path': '/home/quanzz/quandeptrai/src/thuattoan', 'symlink_install': False, 'test_result_base': None}
[0.366s] Level 5:colcon.colcon_core.verb:set package 'my_robot_bringup' build argument 'cmake_args' from command line to 'None'
[0.367s] Level 5:colcon.colcon_core.verb:set package 'my_robot_bringup' build argument 'cmake_target' from command line to 'None'
[0.367s] Level 5:colcon.colcon_core.verb:set package 'my_robot_bringup' build argument 'cmake_target_skip_unavailable' from command line to 'False'
[0.367s] Level 5:colcon.colcon_core.verb:set package 'my_robot_bringup' build argument 'cmake_clean_cache' from command line to 'False'
[0.367s] Level 5:colcon.colcon_core.verb:set package 'my_robot_bringup' build argument 'cmake_clean_first' from command line to 'False'
[0.367s] Level 5:colcon.colcon_core.verb:set package 'my_robot_bringup' build argument 'cmake_force_configure' from command line to 'False'
[0.367s] Level 5:colcon.colcon_core.verb:set package 'my_robot_bringup' build argument 'ament_cmake_args' from command line to 'None'
[0.367s] Level 5:colcon.colcon_core.verb:set package 'my_robot_bringup' build argument 'catkin_cmake_args' from command line to 'None'
[0.367s] Level 5:colcon.colcon_core.verb:set package 'my_robot_bringup' build argument 'catkin_skip_building_tests' from command line to 'False'
[0.367s] DEBUG:colcon.colcon_core.verb:Building package 'my_robot_bringup' with the following arguments: {'ament_cmake_args': None, 'build_base': '/home/quanzz/quandeptrai/build/my_robot_bringup', 'catkin_cmake_args': None, 'catkin_skip_building_tests': False, 'cmake_args': None, 'cmake_clean_cache': False, 'cmake_clean_first': False, 'cmake_force_configure': False, 'cmake_target': None, 'cmake_target_skip_unavailable': False, 'install_base': '/home/quanzz/quandeptrai/install/my_robot_bringup', 'merge_install': False, 'path': '/home/quanzz/quandeptrai/src/old_gazebo_code/my_robot_bringup', 'symlink_install': False, 'test_result_base': None}
[0.367s] INFO:colcon.colcon_core.executor:Executing jobs using 'parallel' executor
[0.368s] DEBUG:colcon.colcon_parallel_executor.executor.parallel:run_until_complete
[0.368s] INFO:colcon.colcon_ros.task.ament_cmake.build:Building ROS package in '/home/quanzz/quandeptrai/src/old_gazebo_code/my_robot_description' with build type 'ament_cmake'
[0.368s] INFO:colcon.colcon_cmake.task.cmake.build:Building CMake package in '/home/quanzz/quandeptrai/src/old_gazebo_code/my_robot_description'
[0.371s] INFO:colcon.colcon_core.plugin_system:Skipping extension 'colcon_core.shell.bat': Not used on non-Windows systems
[0.371s] INFO:colcon.colcon_core.shell:Skip shell extension 'powershell' for command environment: Not usable outside of PowerShell
[0.371s] DEBUG:colcon.colcon_core.shell:Skip shell extension 'dsv' for command environment
[0.374s] INFO:colcon.colcon_ros.task.ament_python.build:Building ROS package in '/home/quanzz/quandeptrai/src/thuattoan' with build type 'ament_python'
[0.374s] Level 1:colcon.colcon_core.shell:create_environment_hook('thuattoan', 'ament_prefix_path')
[0.375s] INFO:colcon.colcon_core.shell:Creating environment hook '/home/quanzz/quandeptrai/install/thuattoan/share/thuattoan/hook/ament_prefix_path.ps1'
[0.377s] INFO:colcon.colcon_core.shell:Creating environment descriptor '/home/quanzz/quandeptrai/install/thuattoan/share/thuattoan/hook/ament_prefix_path.dsv'
[0.378s] INFO:colcon.colcon_core.shell:Creating environment hook '/home/quanzz/quandeptrai/install/thuattoan/share/thuattoan/hook/ament_prefix_path.sh'
[0.379s] INFO:colcon.colcon_core.shell:Skip shell extension 'powershell' for command environment: Not usable outside of PowerShell
[0.379s] DEBUG:colcon.colcon_core.shell:Skip shell extension 'dsv' for command environment
[0.391s] DEBUG:colcon.colcon_core.event_handler.log_command:Invoking command in '/home/quanzz/quandeptrai/build/my_robot_description': CMAKE_PREFIX_PATH=/opt/ros/humble /usr/bin/cmake /home/quanzz/quandeptrai/src/old_gazebo_code/my_robot_description -DCMAKE_INSTALL_PREFIX=/home/quanzz/quandeptrai/install/my_robot_description
[0.630s] INFO:colcon.colcon_core.task.python.build:Building Python package in '/home/quanzz/quandeptrai/src/thuattoan'
[0.630s] INFO:colcon.colcon_core.shell:Skip shell extension 'powershell' for command environment: Not usable outside of PowerShell
[0.630s] DEBUG:colcon.colcon_core.shell:Skip shell extension 'dsv' for command environment
[1.121s] DEBUG:colcon.colcon_core.event_handler.log_command:Invoking command in '/home/quanzz/quandeptrai/src/thuattoan': PYTHONPATH=/home/quanzz/quandeptrai/build/thuattoan/prefix_override:/usr/lib/python3/dist-packages/colcon_core/task/python/colcon_distutils_commands:/home/quanzz/quandeptrai/install/thuattoan/lib/python3.10/site-packages:${PYTHONPATH} /usr/bin/python3 -W ignore:setup.py install is deprecated -W ignore:easy_install command is deprecated setup.py egg_info --egg-base ../../build/thuattoan build --build-base /home/quanzz/quandeptrai/build/thuattoan/build install --record /home/quanzz/quandeptrai/build/thuattoan/install.log --single-version-externally-managed install_data
[1.385s] DEBUG:colcon.colcon_core.event_handler.log_command:Invoked command in '/home/quanzz/quandeptrai/src/thuattoan' returned '0': PYTHONPATH=/home/quanzz/quandeptrai/build/thuattoan/prefix_override:/usr/lib/python3/dist-packages/colcon_core/task/python/colcon_distutils_commands:/home/quanzz/quandeptrai/install/thuattoan/lib/python3.10/site-packages:${PYTHONPATH} /usr/bin/python3 -W ignore:setup.py install is deprecated -W ignore:easy_install command is deprecated setup.py egg_info --egg-base ../../build/thuattoan build --build-base /home/quanzz/quandeptrai/build/thuattoan/build install --record /home/quanzz/quandeptrai/build/thuattoan/install.log --single-version-externally-managed install_data
[1.387s] Level 1:colcon.colcon_core.environment:checking '/home/quanzz/quandeptrai/install/thuattoan' for CMake module files
[1.387s] Level 1:colcon.colcon_core.environment:checking '/home/quanzz/quandeptrai/install/thuattoan' for CMake config files
[1.388s] Level 1:colcon.colcon_core.environment:checking '/home/quanzz/quandeptrai/install/thuattoan/lib'
[1.388s] Level 1:colcon.colcon_core.environment:checking '/home/quanzz/quandeptrai/install/thuattoan/bin'
[1.388s] Level 1:colcon.colcon_core.environment:checking '/home/quanzz/quandeptrai/install/thuattoan/lib/pkgconfig/thuattoan.pc'
[1.389s] Level 1:colcon.colcon_core.environment:checking '/home/quanzz/quandeptrai/install/thuattoan/lib/python3.10/site-packages'
[1.389s] Level 1:colcon.colcon_core.shell:create_environment_hook('thuattoan', 'pythonpath')
[1.389s] INFO:colcon.colcon_core.shell:Creating environment hook '/home/quanzz/quandeptrai/install/thuattoan/share/thuattoan/hook/pythonpath.ps1'
[1.389s] INFO:colcon.colcon_core.shell:Creating environment descriptor '/home/quanzz/quandeptrai/install/thuattoan/share/thuattoan/hook/pythonpath.dsv'
[1.390s] INFO:colcon.colcon_core.shell:Creating environment hook '/home/quanzz/quandeptrai/install/thuattoan/share/thuattoan/hook/pythonpath.sh'
[1.390s] Level 1:colcon.colcon_core.environment:checking '/home/quanzz/quandeptrai/install/thuattoan/bin'
[1.390s] Level 1:colcon.colcon_core.environment:create_environment_scripts_only(thuattoan)
[1.391s] INFO:colcon.colcon_core.shell:Creating package script '/home/quanzz/quandeptrai/install/thuattoan/share/thuattoan/package.ps1'
[1.391s] INFO:colcon.colcon_core.shell:Creating package descriptor '/home/quanzz/quandeptrai/install/thuattoan/share/thuattoan/package.dsv'
[1.392s] INFO:colcon.colcon_core.shell:Creating package script '/home/quanzz/quandeptrai/install/thuattoan/share/thuattoan/package.sh'
[1.392s] INFO:colcon.colcon_core.shell:Creating package script '/home/quanzz/quandeptrai/install/thuattoan/share/thuattoan/package.bash'
[1.393s] INFO:colcon.colcon_core.shell:Creating package script '/home/quanzz/quandeptrai/install/thuattoan/share/thuattoan/package.zsh'
[1.393s] Level 1:colcon.colcon_core.environment:create_file_with_runtime_dependencies(/home/quanzz/quandeptrai/install/thuattoan/share/colcon-core/packages/thuattoan)
[1.766s] DEBUG:colcon.colcon_core.event_handler.log_command:Invoked command in '/home/quanzz/quandeptrai/build/my_robot_description' returned '0': CMAKE_PREFIX_PATH=/opt/ros/humble /usr/bin/cmake /home/quanzz/quandeptrai/src/old_gazebo_code/my_robot_description -DCMAKE_INSTALL_PREFIX=/home/quanzz/quandeptrai/install/my_robot_description
[1.768s] DEBUG:colcon.colcon_core.event_handler.log_command:Invoking command in '/home/quanzz/quandeptrai/build/my_robot_description': CMAKE_PREFIX_PATH=/opt/ros/humble /usr/bin/cmake --build /home/quanzz/quandeptrai/build/my_robot_description -- -j16 -l16
[1.812s] DEBUG:colcon.colcon_core.event_handler.log_command:Invoked command in '/home/quanzz/quandeptrai/build/my_robot_description' returned '0': CMAKE_PREFIX_PATH=/opt/ros/humble /usr/bin/cmake --build /home/quanzz/quandeptrai/build/my_robot_description -- -j16 -l16
[1.824s] DEBUG:colcon.colcon_core.event_handler.log_command:Invoking command in '/home/quanzz/quandeptrai/build/my_robot_description': CMAKE_PREFIX_PATH=/opt/ros/humble /usr/bin/cmake --install /home/quanzz/quandeptrai/build/my_robot_description
[1.846s] Level 1:colcon.colcon_core.environment:create_environment_scripts_only(my_robot_description)
[1.847s] DEBUG:colcon.colcon_core.event_handler.log_command:Invoked command in '/home/quanzz/quandeptrai/build/my_robot_description' returned '0': CMAKE_PREFIX_PATH=/opt/ros/humble /usr/bin/cmake --install /home/quanzz/quandeptrai/build/my_robot_description
[1.847s] Level 1:colcon.colcon_core.environment:checking '/home/quanzz/quandeptrai/install/my_robot_description' for CMake module files
[1.848s] Level 1:colcon.colcon_core.environment:checking '/home/quanzz/quandeptrai/install/my_robot_description' for CMake config files
[1.848s] Level 1:colcon.colcon_core.shell:create_environment_hook('my_robot_description', 'cmake_prefix_path')
[1.848s] INFO:colcon.colcon_core.shell:Creating environment hook '/home/quanzz/quandeptrai/install/my_robot_description/share/my_robot_description/hook/cmake_prefix_path.ps1'
[1.849s] INFO:colcon.colcon_core.shell:Creating environment descriptor '/home/quanzz/quandeptrai/install/my_robot_description/share/my_robot_description/hook/cmake_prefix_path.dsv'
[1.850s] INFO:colcon.colcon_core.shell:Creating environment hook '/home/quanzz/quandeptrai/install/my_robot_description/share/my_robot_description/hook/cmake_prefix_path.sh'
[1.850s] Level 1:colcon.colcon_core.environment:checking '/home/quanzz/quandeptrai/install/my_robot_description/bin'
[1.850s] Level 1:colcon.colcon_core.environment:checking '/home/quanzz/quandeptrai/install/my_robot_description/lib/pkgconfig/my_robot_description.pc'
[1.850s] Level 1:colcon.colcon_core.environment:checking '/home/quanzz/quandeptrai/install/my_robot_description/lib/python3.10/site-packages'
[1.851s] Level 1:colcon.colcon_core.environment:checking '/home/quanzz/quandeptrai/install/my_robot_description/bin'
[1.851s] INFO:colcon.colcon_core.shell:Creating package script '/home/quanzz/quandeptrai/install/my_robot_description/share/my_robot_description/package.ps1'
[1.851s] INFO:colcon.colcon_core.shell:Creating package descriptor '/home/quanzz/quandeptrai/install/my_robot_description/share/my_robot_description/package.dsv'
[1.852s] INFO:colcon.colcon_core.shell:Creating package script '/home/quanzz/quandeptrai/install/my_robot_description/share/my_robot_description/package.sh'
[1.852s] INFO:colcon.colcon_core.shell:Creating package script '/home/quanzz/quandeptrai/install/my_robot_description/share/my_robot_description/package.bash'
[1.852s] INFO:colcon.colcon_core.shell:Creating package script '/home/quanzz/quandeptrai/install/my_robot_description/share/my_robot_description/package.zsh'
[1.853s] Level 1:colcon.colcon_core.environment:create_file_with_runtime_dependencies(/home/quanzz/quandeptrai/install/my_robot_description/share/colcon-core/packages/my_robot_description)
[1.854s] Level 1:colcon.colcon_core.environment:create_environment_scripts_only(my_robot_description)
[1.854s] Level 1:colcon.colcon_core.environment:checking '/home/quanzz/quandeptrai/install/my_robot_description' for CMake module files
[1.855s] Level 1:colcon.colcon_core.environment:checking '/home/quanzz/quandeptrai/install/my_robot_description' for CMake config files
[1.855s] Level 1:colcon.colcon_core.shell:create_environment_hook('my_robot_description', 'cmake_prefix_path')
[1.855s] INFO:colcon.colcon_core.shell:Creating environment hook '/home/quanzz/quandeptrai/install/my_robot_description/share/my_robot_description/hook/cmake_prefix_path.ps1'
[1.856s] INFO:colcon.colcon_core.shell:Creating environment descriptor '/home/quanzz/quandeptrai/install/my_robot_description/share/my_robot_description/hook/cmake_prefix_path.dsv'
[1.856s] INFO:colcon.colcon_core.shell:Creating environment hook '/home/quanzz/quandeptrai/install/my_robot_description/share/my_robot_description/hook/cmake_prefix_path.sh'
[1.857s] Level 1:colcon.colcon_core.environment:checking '/home/quanzz/quandeptrai/install/my_robot_description/bin'
[1.857s] Level 1:colcon.colcon_core.environment:checking '/home/quanzz/quandeptrai/install/my_robot_description/lib/pkgconfig/my_robot_description.pc'
[1.857s] Level 1:colcon.colcon_core.environment:checking '/home/quanzz/quandeptrai/install/my_robot_description/lib/python3.10/site-packages'
[1.857s] Level 1:colcon.colcon_core.environment:checking '/home/quanzz/quandeptrai/install/my_robot_description/bin'
[1.858s] INFO:colcon.colcon_core.shell:Creating package script '/home/quanzz/quandeptrai/install/my_robot_description/share/my_robot_description/package.ps1'
[1.858s] INFO:colcon.colcon_core.shell:Creating package descriptor '/home/quanzz/quandeptrai/install/my_robot_description/share/my_robot_description/package.dsv'
[1.859s] INFO:colcon.colcon_core.shell:Creating package script '/home/quanzz/quandeptrai/install/my_robot_description/share/my_robot_description/package.sh'
[1.859s] INFO:colcon.colcon_core.shell:Creating package script '/home/quanzz/quandeptrai/install/my_robot_description/share/my_robot_description/package.bash'
[1.860s] INFO:colcon.colcon_core.shell:Creating package script '/home/quanzz/quandeptrai/install/my_robot_description/share/my_robot_description/package.zsh'
[1.860s] Level 1:colcon.colcon_core.environment:create_file_with_runtime_dependencies(/home/quanzz/quandeptrai/install/my_robot_description/share/colcon-core/packages/my_robot_description)
[1.861s] INFO:colcon.colcon_ros.task.ament_cmake.build:Building ROS package in '/home/quanzz/quandeptrai/src/old_gazebo_code/my_robot_bringup' with build type 'ament_cmake'
[1.861s] INFO:colcon.colcon_cmake.task.cmake.build:Building CMake package in '/home/quanzz/quandeptrai/src/old_gazebo_code/my_robot_bringup'
[1.861s] INFO:colcon.colcon_core.shell:Skip shell extension 'powershell' for command environment: Not usable outside of PowerShell
[1.862s] DEBUG:colcon.colcon_core.shell:Skip shell extension 'dsv' for command environment
[1.900s] DEBUG:colcon.colcon_core.event_handler.log_command:Invoking command in '/home/quanzz/quandeptrai/build/my_robot_bringup': AMENT_PREFIX_PATH=/home/quanzz/quandeptrai/install/my_robot_description:${AMENT_PREFIX_PATH} CMAKE_PREFIX_PATH=/home/quanzz/quandeptrai/install/my_robot_description:/opt/ros/humble /usr/bin/cmake /home/quanzz/quandeptrai/src/old_gazebo_code/my_robot_bringup -DCMAKE_INSTALL_PREFIX=/home/quanzz/quandeptrai/install/my_robot_bringup
[3.088s] DEBUG:colcon.colcon_core.event_handler.log_command:Invoked command in '/home/quanzz/quandeptrai/build/my_robot_bringup' returned '0': AMENT_PREFIX_PATH=/home/quanzz/quandeptrai/install/my_robot_description:${AMENT_PREFIX_PATH} CMAKE_PREFIX_PATH=/home/quanzz/quandeptrai/install/my_robot_description:/opt/ros/humble /usr/bin/cmake /home/quanzz/quandeptrai/src/old_gazebo_code/my_robot_bringup -DCMAKE_INSTALL_PREFIX=/home/quanzz/quandeptrai/install/my_robot_bringup
[3.090s] DEBUG:colcon.colcon_core.event_handler.log_command:Invoking command in '/home/quanzz/quandeptrai/build/my_robot_bringup': AMENT_PREFIX_PATH=/home/quanzz/quandeptrai/install/my_robot_description:${AMENT_PREFIX_PATH} CMAKE_PREFIX_PATH=/home/quanzz/quandeptrai/install/my_robot_description:/opt/ros/humble /usr/bin/cmake --build /home/quanzz/quandeptrai/build/my_robot_bringup -- -j16 -l16
[3.327s] DEBUG:colcon.colcon_core.event_handler.log_command:Invoked command in '/home/quanzz/quandeptrai/build/my_robot_bringup' returned '0': AMENT_PREFIX_PATH=/home/quanzz/quandeptrai/install/my_robot_description:${AMENT_PREFIX_PATH} CMAKE_PREFIX_PATH=/home/quanzz/quandeptrai/install/my_robot_description:/opt/ros/humble /usr/bin/cmake --build /home/quanzz/quandeptrai/build/my_robot_bringup -- -j16 -l16
[3.330s] DEBUG:colcon.colcon_core.event_handler.log_command:Invoking command in '/home/quanzz/quandeptrai/build/my_robot_bringup': AMENT_PREFIX_PATH=/home/quanzz/quandeptrai/install/my_robot_description:${AMENT_PREFIX_PATH} CMAKE_PREFIX_PATH=/home/quanzz/quandeptrai/install/my_robot_description:/opt/ros/humble /usr/bin/cmake --install /home/quanzz/quandeptrai/build/my_robot_bringup
[3.350s] Level 1:colcon.colcon_core.environment:create_environment_scripts_only(my_robot_bringup)
[3.350s] Level 1:colcon.colcon_core.environment:checking '/home/quanzz/quandeptrai/install/my_robot_bringup' for CMake module files
[3.351s] DEBUG:colcon.colcon_core.event_handler.log_command:Invoked command in '/home/quanzz/quandeptrai/build/my_robot_bringup' returned '0': AMENT_PREFIX_PATH=/home/quanzz/quandeptrai/install/my_robot_description:${AMENT_PREFIX_PATH} CMAKE_PREFIX_PATH=/home/quanzz/quandeptrai/install/my_robot_description:/opt/ros/humble /usr/bin/cmake --install /home/quanzz/quandeptrai/build/my_robot_bringup
[3.351s] Level 1:colcon.colcon_core.environment:checking '/home/quanzz/quandeptrai/install/my_robot_bringup' for CMake config files
[3.352s] Level 1:colcon.colcon_core.shell:create_environment_hook('my_robot_bringup', 'cmake_prefix_path')
[3.352s] INFO:colcon.colcon_core.shell:Creating environment hook '/home/quanzz/quandeptrai/install/my_robot_bringup/share/my_robot_bringup/hook/cmake_prefix_path.ps1'
[3.353s] INFO:colcon.colcon_core.shell:Creating environment descriptor '/home/quanzz/quandeptrai/install/my_robot_bringup/share/my_robot_bringup/hook/cmake_prefix_path.dsv'
[3.353s] INFO:colcon.colcon_core.shell:Creating environment hook '/home/quanzz/quandeptrai/install/my_robot_bringup/share/my_robot_bringup/hook/cmake_prefix_path.sh'
[3.354s] Level 1:colcon.colcon_core.environment:checking '/home/quanzz/quandeptrai/install/my_robot_bringup/bin'
[3.354s] Level 1:colcon.colcon_core.environment:checking '/home/quanzz/quandeptrai/install/my_robot_bringup/lib/pkgconfig/my_robot_bringup.pc'
[3.354s] Level 1:colcon.colcon_core.environment:checking '/home/quanzz/quandeptrai/install/my_robot_bringup/lib/python3.10/site-packages'
[3.354s] Level 1:colcon.colcon_core.environment:checking '/home/quanzz/quandeptrai/install/my_robot_bringup/bin'
[3.355s] INFO:colcon.colcon_core.shell:Creating package script '/home/quanzz/quandeptrai/install/my_robot_bringup/share/my_robot_bringup/package.ps1'
[3.355s] INFO:colcon.colcon_core.shell:Creating package descriptor '/home/quanzz/quandeptrai/install/my_robot_bringup/share/my_robot_bringup/package.dsv'
[3.355s] INFO:colcon.colcon_core.shell:Creating package script '/home/quanzz/quandeptrai/install/my_robot_bringup/share/my_robot_bringup/package.sh'
[3.356s] INFO:colcon.colcon_core.shell:Creating package script '/home/quanzz/quandeptrai/install/my_robot_bringup/share/my_robot_bringup/package.bash'
[3.356s] INFO:colcon.colcon_core.shell:Creating package script '/home/quanzz/quandeptrai/install/my_robot_bringup/share/my_robot_bringup/package.zsh'
[3.356s] Level 1:colcon.colcon_core.environment:create_file_with_runtime_dependencies(/home/quanzz/quandeptrai/install/my_robot_bringup/share/colcon-core/packages/my_robot_bringup)
[3.358s] Level 1:colcon.colcon_core.environment:create_environment_scripts_only(my_robot_bringup)
[3.358s] Level 1:colcon.colcon_core.environment:checking '/home/quanzz/quandeptrai/install/my_robot_bringup' for CMake module files
[3.358s] Level 1:colcon.colcon_core.environment:checking '/home/quanzz/quandeptrai/install/my_robot_bringup' for CMake config files
[3.359s] Level 1:colcon.colcon_core.shell:create_environment_hook('my_robot_bringup', 'cmake_prefix_path')
[3.359s] INFO:colcon.colcon_core.shell:Creating environment hook '/home/quanzz/quandeptrai/install/my_robot_bringup/share/my_robot_bringup/hook/cmake_prefix_path.ps1'
[3.359s] INFO:colcon.colcon_core.shell:Creating environment descriptor '/home/quanzz/quandeptrai/install/my_robot_bringup/share/my_robot_bringup/hook/cmake_prefix_path.dsv'
[3.360s] INFO:colcon.colcon_core.shell:Creating environment hook '/home/quanzz/quandeptrai/install/my_robot_bringup/share/my_robot_bringup/hook/cmake_prefix_path.sh'
[3.360s] Level 1:colcon.colcon_core.environment:checking '/home/quanzz/quandeptrai/install/my_robot_bringup/bin'
[3.360s] Level 1:colcon.colcon_core.environment:checking '/home/quanzz/quandeptrai/install/my_robot_bringup/lib/pkgconfig/my_robot_bringup.pc'
[3.360s] Level 1:colcon.colcon_core.environment:checking '/home/quanzz/quandeptrai/install/my_robot_bringup/lib/python3.10/site-packages'
[3.361s] Level 1:colcon.colcon_core.environment:checking '/home/quanzz/quandeptrai/install/my_robot_bringup/bin'
[3.361s] INFO:colcon.colcon_core.shell:Creating package script '/home/quanzz/quandeptrai/install/my_robot_bringup/share/my_robot_bringup/package.ps1'
[3.361s] INFO:colcon.colcon_core.shell:Creating package descriptor '/home/quanzz/quandeptrai/install/my_robot_bringup/share/my_robot_bringup/package.dsv'
[3.362s] INFO:colcon.colcon_core.shell:Creating package script '/home/quanzz/quandeptrai/install/my_robot_bringup/share/my_robot_bringup/package.sh'
[3.362s] INFO:colcon.colcon_core.shell:Creating package script '/home/quanzz/quandeptrai/install/my_robot_bringup/share/my_robot_bringup/package.bash'
[3.363s] INFO:colcon.colcon_core.shell:Creating package script '/home/quanzz/quandeptrai/install/my_robot_bringup/share/my_robot_bringup/package.zsh'
[3.363s] Level 1:colcon.colcon_core.environment:create_file_with_runtime_dependencies(/home/quanzz/quandeptrai/install/my_robot_bringup/share/colcon-core/packages/my_robot_bringup)
[3.364s] DEBUG:colcon.colcon_parallel_executor.executor.parallel:closing loop
[3.364s] DEBUG:colcon.colcon_parallel_executor.executor.parallel:loop closed
[3.364s] DEBUG:colcon.colcon_parallel_executor.executor.parallel:run_until_complete finished with '0'
[3.365s] DEBUG:colcon.colcon_core.event_reactor:joining thread
[3.393s] INFO:colcon.colcon_core.plugin_system:Skipping extension 'colcon_notification.desktop_notification.notify_send': Could not find 'notify-send'
[3.393s] INFO:colcon.colcon_core.plugin_system:Skipping extension 'colcon_notification.desktop_notification.terminal_notifier': Not used on non-Darwin systems
[3.393s] INFO:colcon.colcon_core.plugin_system:Skipping extension 'colcon_notification.desktop_notification.win32': Not used on non-Windows systems
[3.393s] INFO:colcon.colcon_notification.desktop_notification:Sending desktop notification using 'notify2'
[3.393s] DEBUG:colcon.colcon_notification.desktop_notification.notify2:Failed to initialize notify2: org.freedesktop.DBus.Error.FileNotFound: Failed to connect to socket /run/user/1000/bus: No such file or directory
[3.393s] DEBUG:colcon.colcon_core.event_reactor:joined thread
[3.394s] INFO:colcon.colcon_core.shell:Creating prefix script '/home/quanzz/quandeptrai/install/local_setup.ps1'
[3.395s] INFO:colcon.colcon_core.shell:Creating prefix util module '/home/quanzz/quandeptrai/install/_local_setup_util_ps1.py'
[3.396s] INFO:colcon.colcon_core.shell:Creating prefix chain script '/home/quanzz/quandeptrai/install/setup.ps1'
[3.396s] INFO:colcon.colcon_core.shell:Creating prefix script '/home/quanzz/quandeptrai/install/local_setup.sh'
[3.397s] INFO:colcon.colcon_core.shell:Creating prefix util module '/home/quanzz/quandeptrai/install/_local_setup_util_sh.py'
[3.397s] INFO:colcon.colcon_core.shell:Creating prefix chain script '/home/quanzz/quandeptrai/install/setup.sh'
[3.398s] INFO:colcon.colcon_core.shell:Creating prefix script '/home/quanzz/quandeptrai/install/local_setup.bash'
[3.399s] INFO:colcon.colcon_core.shell:Creating prefix chain script '/home/quanzz/quandeptrai/install/setup.bash'
[3.400s] INFO:colcon.colcon_core.shell:Creating prefix script '/home/quanzz/quandeptrai/install/local_setup.zsh'
[3.400s] INFO:colcon.colcon_core.shell:Creating prefix chain script '/home/quanzz/quandeptrai/install/setup.zsh'
