[0.022s] Invoking command in '/home/quandz/quantest_ws/build/my_robot_description': CMAKE_PREFIX_PATH=${CMAKE_PREFIX_PATH}:/home/quandz/ros2_ws/install/quandeptrai:/opt/ros/humble /usr/bin/cmake /home/quandz/quantest_ws/src/old_gazebo_code/my_robot_description -DAMENT_CMAKE_SYMLINK_INSTALL=1 -DCMAKE_INSTALL_PREFIX=/home/quandz/quantest_ws/install/my_robot_description
[0.047s] -- Found ament_cmake: 1.3.12 (/opt/ros/humble/share/ament_cmake/cmake)
[0.191s] -- Override CMake install command with custom implementation using symlinks instead of copying resources
[0.291s] -- Configuring done
[0.298s] -- Generating done
[0.300s] -- Build files have been written to: /home/quandz/quantest_ws/build/my_robot_description
[0.304s] Invoked command in '/home/quandz/quantest_ws/build/my_robot_description' returned '0': CMAKE_PREFIX_PATH=${CMAKE_PREFIX_PATH}:/home/quandz/ros2_ws/install/quandeptrai:/opt/ros/humble /usr/bin/cmake /home/quandz/quantest_ws/src/old_gazebo_code/my_robot_description -DAMENT_CMAKE_SYMLINK_INSTALL=1 -DCMAKE_INSTALL_PREFIX=/home/quandz/quantest_ws/install/my_robot_description
[0.306s] Invoking command in '/home/quandz/quantest_ws/build/my_robot_description': CMAKE_PREFIX_PATH=${CMAKE_PREFIX_PATH}:/home/quandz/ros2_ws/install/quandeptrai:/opt/ros/humble /usr/bin/cmake --build /home/quandz/quantest_ws/build/my_robot_description -- -j16 -l16
[0.352s] Invoked command in '/home/quandz/quantest_ws/build/my_robot_description' returned '0': CMAKE_PREFIX_PATH=${CMAKE_PREFIX_PATH}:/home/quandz/ros2_ws/install/quandeptrai:/opt/ros/humble /usr/bin/cmake --build /home/quandz/quantest_ws/build/my_robot_description -- -j16 -l16
[0.364s] Invoking command in '/home/quandz/quantest_ws/build/my_robot_description': CMAKE_PREFIX_PATH=${CMAKE_PREFIX_PATH}:/home/quandz/ros2_ws/install/quandeptrai:/opt/ros/humble /usr/bin/cmake --install /home/quandz/quantest_ws/build/my_robot_description
[0.373s] -- Install configuration: ""
[0.373s] -- Execute custom install script
[0.373s] -- Symlinking: /home/quandz/quantest_ws/install/my_robot_description/share/my_robot_description//urdf/common_properties.xacro
[0.384s] -- Symlinking: /home/quandz/quantest_ws/install/my_robot_description/share/my_robot_description//urdf/gazebo_control.xacro
[0.394s] -- Symlinking: /home/quandz/quantest_ws/install/my_robot_description/share/my_robot_description//urdf/lidar.xacro
[0.405s] -- Symlinking: /home/quandz/quantest_ws/install/my_robot_description/share/my_robot_description//urdf/mobile_base.xacro
[0.419s] -- Symlinking: /home/quandz/quantest_ws/install/my_robot_description/share/my_robot_description//urdf/mobile_base_gazebo.xacro
[0.430s] -- Symlinking: /home/quandz/quantest_ws/install/my_robot_description/share/my_robot_description//urdf/my_robot.urdf.xacro
[0.442s] -- Symlinking: /home/quandz/quantest_ws/install/my_robot_description/share/my_robot_description//launch/display.launch.py
[0.453s] -- Symlinking: /home/quandz/quantest_ws/install/my_robot_description/share/my_robot_description//launch/display.launch.xml
[0.464s] -- Symlinking: /home/quandz/quantest_ws/install/my_robot_description/share/my_robot_description//rviz/urdf_config.rviz
[0.475s] -- Symlinking: /home/quandz/quantest_ws/install/my_robot_description/share/ament_index/resource_index/package_run_dependencies/my_robot_description
[0.487s] -- Symlinking: /home/quandz/quantest_ws/install/my_robot_description/share/ament_index/resource_index/parent_prefix_path/my_robot_description
[0.498s] -- Symlinking: /home/quandz/quantest_ws/install/my_robot_description/share/my_robot_description/environment/ament_prefix_path.sh
[0.510s] -- Symlinking: /home/quandz/quantest_ws/install/my_robot_description/share/my_robot_description/environment/ament_prefix_path.dsv
[0.521s] -- Symlinking: /home/quandz/quantest_ws/install/my_robot_description/share/my_robot_description/environment/path.sh
[0.533s] -- Symlinking: /home/quandz/quantest_ws/install/my_robot_description/share/my_robot_description/environment/path.dsv
[0.544s] -- Symlinking: /home/quandz/quantest_ws/install/my_robot_description/share/my_robot_description/local_setup.bash
[0.555s] -- Symlinking: /home/quandz/quantest_ws/install/my_robot_description/share/my_robot_description/local_setup.sh
[0.566s] -- Symlinking: /home/quandz/quantest_ws/install/my_robot_description/share/my_robot_description/local_setup.zsh
[0.578s] -- Symlinking: /home/quandz/quantest_ws/install/my_robot_description/share/my_robot_description/local_setup.dsv
[0.589s] -- Symlinking: /home/quandz/quantest_ws/install/my_robot_description/share/my_robot_description/package.dsv
[0.599s] -- Symlinking: /home/quandz/quantest_ws/install/my_robot_description/share/ament_index/resource_index/packages/my_robot_description
[0.610s] -- Symlinking: /home/quandz/quantest_ws/install/my_robot_description/share/my_robot_description/cmake/my_robot_descriptionConfig.cmake
[0.621s] -- Symlinking: /home/quandz/quantest_ws/install/my_robot_description/share/my_robot_description/cmake/my_robot_descriptionConfig-version.cmake
[0.632s] -- Symlinking: /home/quandz/quantest_ws/install/my_robot_description/share/my_robot_description/package.xml
[0.646s] Invoked command in '/home/quandz/quantest_ws/build/my_robot_description' returned '0': CMAKE_PREFIX_PATH=${CMAKE_PREFIX_PATH}:/home/quandz/ros2_ws/install/quandeptrai:/opt/ros/humble /usr/bin/cmake --install /home/quandz/quantest_ws/build/my_robot_description
