[0.037s] Invoking command in '/home/quandz/quantest_ws/build/my_robot_bringup': CMAKE_PREFIX_PATH=/home/quandz/quantest_ws/install/my_robot_description:/home/quandz/quantest_ws/install/my_robot_bringup:/home/quandz/ros2_ws/install/my_robot_description:/home/quandz/ros2_ws/install/articubot_one:/home/quandz/ros2_ws/install/quandeptrai:/opt/ros/humble /usr/bin/cmake --build /home/quandz/quantest_ws/build/my_robot_bringup -- -j16 -l16
[0.082s] Invoked command in '/home/quandz/quantest_ws/build/my_robot_bringup' returned '0': CMAKE_PREFIX_PATH=/home/quandz/quantest_ws/install/my_robot_description:/home/quandz/quantest_ws/install/my_robot_bringup:/home/quandz/ros2_ws/install/my_robot_description:/home/quandz/ros2_ws/install/articubot_one:/home/quandz/ros2_ws/install/quandeptrai:/opt/ros/humble /usr/bin/cmake --build /home/quandz/quantest_ws/build/my_robot_bringup -- -j16 -l16
[0.085s] Invoking command in '/home/quandz/quantest_ws/build/my_robot_bringup': CMAKE_PREFIX_PATH=/home/quandz/quantest_ws/install/my_robot_description:/home/quandz/quantest_ws/install/my_robot_bringup:/home/quandz/ros2_ws/install/my_robot_description:/home/quandz/ros2_ws/install/articubot_one:/home/quandz/ros2_ws/install/quandeptrai:/opt/ros/humble /usr/bin/cmake --install /home/quandz/quantest_ws/build/my_robot_bringup
[0.092s] -- Install configuration: ""
[0.092s] -- Execute custom install script
[0.093s] -- Up-to-date symlink: /home/quandz/quantest_ws/install/my_robot_bringup/share/my_robot_bringup//launch/my_robot_gazebo.launch.py
[0.093s] -- Up-to-date symlink: /home/quandz/quantest_ws/install/my_robot_bringup/share/my_robot_bringup//launch/quan.py
[0.093s] -- Up-to-date symlink: /home/quandz/quantest_ws/install/my_robot_bringup/share/my_robot_bringup//rviz/urdf_config.rviz
[0.093s] -- Up-to-date symlink: /home/quandz/quantest_ws/install/my_robot_bringup/share/my_robot_bringup//config/quan_controller.yaml
[0.094s] -- Up-to-date symlink: /home/quandz/quantest_ws/install/my_robot_bringup/share/ament_index/resource_index/package_run_dependencies/my_robot_bringup
[0.094s] -- Up-to-date symlink: /home/quandz/quantest_ws/install/my_robot_bringup/share/ament_index/resource_index/parent_prefix_path/my_robot_bringup
[0.094s] -- Up-to-date symlink: /home/quandz/quantest_ws/install/my_robot_bringup/share/my_robot_bringup/environment/ament_prefix_path.sh
[0.094s] -- Up-to-date symlink: /home/quandz/quantest_ws/install/my_robot_bringup/share/my_robot_bringup/environment/ament_prefix_path.dsv
[0.095s] -- Up-to-date symlink: /home/quandz/quantest_ws/install/my_robot_bringup/share/my_robot_bringup/environment/path.sh
[0.095s] -- Up-to-date symlink: /home/quandz/quantest_ws/install/my_robot_bringup/share/my_robot_bringup/environment/path.dsv
[0.095s] -- Up-to-date symlink: /home/quandz/quantest_ws/install/my_robot_bringup/share/my_robot_bringup/local_setup.bash
[0.095s] -- Up-to-date symlink: /home/quandz/quantest_ws/install/my_robot_bringup/share/my_robot_bringup/local_setup.sh
[0.095s] -- Up-to-date symlink: /home/quandz/quantest_ws/install/my_robot_bringup/share/my_robot_bringup/local_setup.zsh
[0.096s] -- Up-to-date symlink: /home/quandz/quantest_ws/install/my_robot_bringup/share/my_robot_bringup/local_setup.dsv
[0.096s] -- Symlinking: /home/quandz/quantest_ws/install/my_robot_bringup/share/my_robot_bringup/package.dsv
[0.107s] -- Up-to-date symlink: /home/quandz/quantest_ws/install/my_robot_bringup/share/ament_index/resource_index/packages/my_robot_bringup
[0.107s] -- Up-to-date symlink: /home/quandz/quantest_ws/install/my_robot_bringup/share/my_robot_bringup/cmake/my_robot_bringupConfig.cmake
[0.107s] -- Up-to-date symlink: /home/quandz/quantest_ws/install/my_robot_bringup/share/my_robot_bringup/cmake/my_robot_bringupConfig-version.cmake
[0.107s] -- Up-to-date symlink: /home/quandz/quantest_ws/install/my_robot_bringup/share/my_robot_bringup/package.xml
[0.111s] Invoked command in '/home/quandz/quantest_ws/build/my_robot_bringup' returned '0': CMAKE_PREFIX_PATH=/home/quandz/quantest_ws/install/my_robot_description:/home/quandz/quantest_ws/install/my_robot_bringup:/home/quandz/ros2_ws/install/my_robot_description:/home/quandz/ros2_ws/install/articubot_one:/home/quandz/ros2_ws/install/quandeptrai:/opt/ros/humble /usr/bin/cmake --install /home/quandz/quantest_ws/build/my_robot_bringup
