[0.156s] DEBUG:colcon:Command line arguments: ['/usr/bin/colcon', 'build', '--symlink-install']
[0.156s] DEBUG:colcon:Parsed command line arguments: Namespace(log_base=None, log_level=None, verb_name='build', build_base='build', install_base='install', merge_install=False, symlink_install=True, test_result_base=None, continue_on_error=False, executor='parallel', parallel_workers=16, event_handlers=None, ignore_user_meta=False, metas=['./colcon.meta'], base_paths=['.'], packages_ignore=None, packages_ignore_regex=None, paths=None, packages_up_to=None, packages_up_to_regex=None, packages_above=None, packages_above_and_dependencies=None, packages_above_depth=None, packages_select_by_dep=None, packages_skip_by_dep=None, packages_skip_up_to=None, packages_select_build_failed=False, packages_skip_build_finished=False, packages_select_test_failures=False, packages_skip_test_passed=False, packages_select=None, packages_skip=None, packages_select_regex=None, packages_skip_regex=None, packages_start=None, packages_end=None, allow_overriding=[], cmake_args=None, cmake_target=None, cmake_target_skip_unavailable=False, cmake_clean_cache=False, cmake_clean_first=False, cmake_force_configure=False, ament_cmake_args=None, catkin_cmake_args=None, catkin_skip_building_tests=False, verb_parser=<colcon_defaults.argument_parser.defaults.DefaultArgumentsDecorator object at 0x7df03bf5a440>, verb_extension=<colcon_core.verb.build.BuildVerb object at 0x7df03bf59ff0>, main=<bound method BuildVerb.main of <colcon_core.verb.build.BuildVerb object at 0x7df03bf59ff0>>)
[0.516s] Level 1:colcon.colcon_core.package_discovery:discover_packages(colcon_meta) check parameters
[0.516s] Level 1:colcon.colcon_core.package_discovery:discover_packages(recursive) check parameters
[0.516s] Level 1:colcon.colcon_core.package_discovery:discover_packages(ignore) check parameters
[0.516s] Level 1:colcon.colcon_core.package_discovery:discover_packages(path) check parameters
[0.516s] Level 1:colcon.colcon_core.package_discovery:discover_packages(colcon_meta) discover
[0.516s] Level 1:colcon.colcon_core.package_discovery:discover_packages(recursive) discover
[0.516s] INFO:colcon.colcon_core.package_discovery:Crawling recursively for packages in '/home/quandz/quantest_ws'
[0.516s] Level 1:colcon.colcon_core.package_identification:_identify(.) by extensions ['ignore', 'ignore_ament_install']
[0.516s] Level 1:colcon.colcon_core.package_identification:_identify(.) by extension 'ignore'
[0.517s] Level 1:colcon.colcon_core.package_identification:_identify(.) by extension 'ignore_ament_install'
[0.517s] Level 1:colcon.colcon_core.package_identification:_identify(.) by extensions ['colcon_pkg']
[0.517s] Level 1:colcon.colcon_core.package_identification:_identify(.) by extension 'colcon_pkg'
[0.517s] Level 1:colcon.colcon_core.package_identification:_identify(.) by extensions ['colcon_meta']
[0.517s] Level 1:colcon.colcon_core.package_identification:_identify(.) by extension 'colcon_meta'
[0.517s] Level 1:colcon.colcon_core.package_identification:_identify(.) by extensions ['ros']
[0.517s] Level 1:colcon.colcon_core.package_identification:_identify(.) by extension 'ros'
[0.528s] Level 1:colcon.colcon_core.package_identification:_identify(.) by extensions ['cmake', 'python']
[0.528s] Level 1:colcon.colcon_core.package_identification:_identify(.) by extension 'cmake'
[0.529s] Level 1:colcon.colcon_core.package_identification:_identify(.) by extension 'python'
[0.529s] Level 1:colcon.colcon_core.package_identification:_identify(.) by extensions ['python_setup_py']
[0.529s] Level 1:colcon.colcon_core.package_identification:_identify(.) by extension 'python_setup_py'
[0.529s] Level 1:colcon.colcon_core.package_identification:_identify(build) by extensions ['ignore', 'ignore_ament_install']
[0.529s] Level 1:colcon.colcon_core.package_identification:_identify(build) by extension 'ignore'
[0.529s] Level 1:colcon.colcon_core.package_identification:_identify(build) ignored
[0.529s] Level 1:colcon.colcon_core.package_identification:_identify(install) by extensions ['ignore', 'ignore_ament_install']
[0.529s] Level 1:colcon.colcon_core.package_identification:_identify(install) by extension 'ignore'
[0.529s] Level 1:colcon.colcon_core.package_identification:_identify(install) ignored
[0.529s] Level 1:colcon.colcon_core.package_identification:_identify(log) by extensions ['ignore', 'ignore_ament_install']
[0.530s] Level 1:colcon.colcon_core.package_identification:_identify(log) by extension 'ignore'
[0.530s] Level 1:colcon.colcon_core.package_identification:_identify(log) ignored
[0.530s] Level 1:colcon.colcon_core.package_identification:_identify(src) by extensions ['ignore', 'ignore_ament_install']
[0.530s] Level 1:colcon.colcon_core.package_identification:_identify(src) by extension 'ignore'
[0.530s] Level 1:colcon.colcon_core.package_identification:_identify(src) by extension 'ignore_ament_install'
[0.530s] Level 1:colcon.colcon_core.package_identification:_identify(src) by extensions ['colcon_pkg']
[0.530s] Level 1:colcon.colcon_core.package_identification:_identify(src) by extension 'colcon_pkg'
[0.530s] Level 1:colcon.colcon_core.package_identification:_identify(src) by extensions ['colcon_meta']
[0.530s] Level 1:colcon.colcon_core.package_identification:_identify(src) by extension 'colcon_meta'
[0.530s] Level 1:colcon.colcon_core.package_identification:_identify(src) by extensions ['ros']
[0.530s] Level 1:colcon.colcon_core.package_identification:_identify(src) by extension 'ros'
[0.530s] Level 1:colcon.colcon_core.package_identification:_identify(src) by extensions ['cmake', 'python']
[0.530s] Level 1:colcon.colcon_core.package_identification:_identify(src) by extension 'cmake'
[0.530s] Level 1:colcon.colcon_core.package_identification:_identify(src) by extension 'python'
[0.530s] Level 1:colcon.colcon_core.package_identification:_identify(src) by extensions ['python_setup_py']
[0.530s] Level 1:colcon.colcon_core.package_identification:_identify(src) by extension 'python_setup_py'
[0.531s] Level 1:colcon.colcon_core.package_identification:_identify(src/old_gazebo_code) by extensions ['ignore', 'ignore_ament_install']
[0.531s] Level 1:colcon.colcon_core.package_identification:_identify(src/old_gazebo_code) by extension 'ignore'
[0.531s] Level 1:colcon.colcon_core.package_identification:_identify(src/old_gazebo_code) by extension 'ignore_ament_install'
[0.531s] Level 1:colcon.colcon_core.package_identification:_identify(src/old_gazebo_code) by extensions ['colcon_pkg']
[0.531s] Level 1:colcon.colcon_core.package_identification:_identify(src/old_gazebo_code) by extension 'colcon_pkg'
[0.531s] Level 1:colcon.colcon_core.package_identification:_identify(src/old_gazebo_code) by extensions ['colcon_meta']
[0.531s] Level 1:colcon.colcon_core.package_identification:_identify(src/old_gazebo_code) by extension 'colcon_meta'
[0.531s] Level 1:colcon.colcon_core.package_identification:_identify(src/old_gazebo_code) by extensions ['ros']
[0.531s] Level 1:colcon.colcon_core.package_identification:_identify(src/old_gazebo_code) by extension 'ros'
[0.531s] Level 1:colcon.colcon_core.package_identification:_identify(src/old_gazebo_code) by extensions ['cmake', 'python']
[0.531s] Level 1:colcon.colcon_core.package_identification:_identify(src/old_gazebo_code) by extension 'cmake'
[0.531s] Level 1:colcon.colcon_core.package_identification:_identify(src/old_gazebo_code) by extension 'python'
[0.531s] Level 1:colcon.colcon_core.package_identification:_identify(src/old_gazebo_code) by extensions ['python_setup_py']
[0.531s] Level 1:colcon.colcon_core.package_identification:_identify(src/old_gazebo_code) by extension 'python_setup_py'
[0.531s] Level 1:colcon.colcon_core.package_identification:_identify(src/old_gazebo_code/my_robot_bringup) by extensions ['ignore', 'ignore_ament_install']
[0.532s] Level 1:colcon.colcon_core.package_identification:_identify(src/old_gazebo_code/my_robot_bringup) by extension 'ignore'
[0.532s] Level 1:colcon.colcon_core.package_identification:_identify(src/old_gazebo_code/my_robot_bringup) by extension 'ignore_ament_install'
[0.532s] Level 1:colcon.colcon_core.package_identification:_identify(src/old_gazebo_code/my_robot_bringup) by extensions ['colcon_pkg']
[0.532s] Level 1:colcon.colcon_core.package_identification:_identify(src/old_gazebo_code/my_robot_bringup) by extension 'colcon_pkg'
[0.532s] Level 1:colcon.colcon_core.package_identification:_identify(src/old_gazebo_code/my_robot_bringup) by extensions ['colcon_meta']
[0.532s] Level 1:colcon.colcon_core.package_identification:_identify(src/old_gazebo_code/my_robot_bringup) by extension 'colcon_meta'
[0.532s] Level 1:colcon.colcon_core.package_identification:_identify(src/old_gazebo_code/my_robot_bringup) by extensions ['ros']
[0.532s] Level 1:colcon.colcon_core.package_identification:_identify(src/old_gazebo_code/my_robot_bringup) by extension 'ros'
[0.535s] DEBUG:colcon.colcon_core.package_identification:Package 'src/old_gazebo_code/my_robot_bringup' with type 'ros.ament_cmake' and name 'my_robot_bringup'
[0.535s] Level 1:colcon.colcon_core.package_identification:_identify(src/old_gazebo_code/my_robot_description) by extensions ['ignore', 'ignore_ament_install']
[0.535s] Level 1:colcon.colcon_core.package_identification:_identify(src/old_gazebo_code/my_robot_description) by extension 'ignore'
[0.535s] Level 1:colcon.colcon_core.package_identification:_identify(src/old_gazebo_code/my_robot_description) by extension 'ignore_ament_install'
[0.536s] Level 1:colcon.colcon_core.package_identification:_identify(src/old_gazebo_code/my_robot_description) by extensions ['colcon_pkg']
[0.536s] Level 1:colcon.colcon_core.package_identification:_identify(src/old_gazebo_code/my_robot_description) by extension 'colcon_pkg'
[0.536s] Level 1:colcon.colcon_core.package_identification:_identify(src/old_gazebo_code/my_robot_description) by extensions ['colcon_meta']
[0.536s] Level 1:colcon.colcon_core.package_identification:_identify(src/old_gazebo_code/my_robot_description) by extension 'colcon_meta'
[0.536s] Level 1:colcon.colcon_core.package_identification:_identify(src/old_gazebo_code/my_robot_description) by extensions ['ros']
[0.536s] Level 1:colcon.colcon_core.package_identification:_identify(src/old_gazebo_code/my_robot_description) by extension 'ros'
[0.536s] DEBUG:colcon.colcon_core.package_identification:Package 'src/old_gazebo_code/my_robot_description' with type 'ros.ament_cmake' and name 'my_robot_description'
[0.536s] Level 1:colcon.colcon_core.package_identification:_identify(src/thuattoan) by extensions ['ignore', 'ignore_ament_install']
[0.536s] Level 1:colcon.colcon_core.package_identification:_identify(src/thuattoan) by extension 'ignore'
[0.536s] Level 1:colcon.colcon_core.package_identification:_identify(src/thuattoan) by extension 'ignore_ament_install'
[0.537s] Level 1:colcon.colcon_core.package_identification:_identify(src/thuattoan) by extensions ['colcon_pkg']
[0.537s] Level 1:colcon.colcon_core.package_identification:_identify(src/thuattoan) by extension 'colcon_pkg'
[0.537s] Level 1:colcon.colcon_core.package_identification:_identify(src/thuattoan) by extensions ['colcon_meta']
[0.537s] Level 1:colcon.colcon_core.package_identification:_identify(src/thuattoan) by extension 'colcon_meta'
[0.537s] Level 1:colcon.colcon_core.package_identification:_identify(src/thuattoan) by extensions ['ros']
[0.537s] Level 1:colcon.colcon_core.package_identification:_identify(src/thuattoan) by extension 'ros'
[0.537s] DEBUG:colcon.colcon_core.package_identification:Package 'src/thuattoan' with type 'ros.ament_python' and name 'thuattoan'
[0.537s] Level 1:colcon.colcon_core.package_discovery:discover_packages(recursive) using defaults
[0.537s] Level 1:colcon.colcon_core.package_discovery:discover_packages(ignore) discover
[0.537s] Level 1:colcon.colcon_core.package_discovery:discover_packages(ignore) using defaults
[0.537s] Level 1:colcon.colcon_core.package_discovery:discover_packages(path) discover
[0.537s] Level 1:colcon.colcon_core.package_discovery:discover_packages(path) using defaults
[0.574s] Level 1:colcon.colcon_core.package_discovery:discover_packages(prefix_path) check parameters
[0.574s] Level 1:colcon.colcon_core.package_discovery:discover_packages(prefix_path) discover
[0.578s] DEBUG:colcon.colcon_installed_package_information.package_discovery:Found 3 installed packages in /home/quandz/quantest_ws/install
[0.578s] DEBUG:colcon.colcon_installed_package_information.package_discovery:Found 3 installed packages in /home/quandz/ros2_ws/install
[0.581s] DEBUG:colcon.colcon_installed_package_information.package_discovery:Found 445 installed packages in /opt/ros/humble
[0.583s] Level 1:colcon.colcon_core.package_discovery:discover_packages(prefix_path) using defaults
[0.636s] Level 5:colcon.colcon_core.verb:set package 'my_robot_description' build argument 'cmake_args' from command line to 'None'
[0.636s] Level 5:colcon.colcon_core.verb:set package 'my_robot_description' build argument 'cmake_target' from command line to 'None'
[0.636s] Level 5:colcon.colcon_core.verb:set package 'my_robot_description' build argument 'cmake_target_skip_unavailable' from command line to 'False'
[0.636s] Level 5:colcon.colcon_core.verb:set package 'my_robot_description' build argument 'cmake_clean_cache' from command line to 'False'
[0.636s] Level 5:colcon.colcon_core.verb:set package 'my_robot_description' build argument 'cmake_clean_first' from command line to 'False'
[0.636s] Level 5:colcon.colcon_core.verb:set package 'my_robot_description' build argument 'cmake_force_configure' from command line to 'False'
[0.636s] Level 5:colcon.colcon_core.verb:set package 'my_robot_description' build argument 'ament_cmake_args' from command line to 'None'
[0.636s] Level 5:colcon.colcon_core.verb:set package 'my_robot_description' build argument 'catkin_cmake_args' from command line to 'None'
[0.636s] Level 5:colcon.colcon_core.verb:set package 'my_robot_description' build argument 'catkin_skip_building_tests' from command line to 'False'
[0.636s] DEBUG:colcon.colcon_core.verb:Building package 'my_robot_description' with the following arguments: {'ament_cmake_args': None, 'build_base': '/home/quandz/quantest_ws/build/my_robot_description', 'catkin_cmake_args': None, 'catkin_skip_building_tests': False, 'cmake_args': None, 'cmake_clean_cache': False, 'cmake_clean_first': False, 'cmake_force_configure': False, 'cmake_target': None, 'cmake_target_skip_unavailable': False, 'install_base': '/home/quandz/quantest_ws/install/my_robot_description', 'merge_install': False, 'path': '/home/quandz/quantest_ws/src/old_gazebo_code/my_robot_description', 'symlink_install': True, 'test_result_base': None}
[0.637s] Level 5:colcon.colcon_core.verb:set package 'thuattoan' build argument 'cmake_args' from command line to 'None'
[0.637s] Level 5:colcon.colcon_core.verb:set package 'thuattoan' build argument 'cmake_target' from command line to 'None'
[0.637s] Level 5:colcon.colcon_core.verb:set package 'thuattoan' build argument 'cmake_target_skip_unavailable' from command line to 'False'
[0.637s] Level 5:colcon.colcon_core.verb:set package 'thuattoan' build argument 'cmake_clean_cache' from command line to 'False'
[0.637s] Level 5:colcon.colcon_core.verb:set package 'thuattoan' build argument 'cmake_clean_first' from command line to 'False'
[0.637s] Level 5:colcon.colcon_core.verb:set package 'thuattoan' build argument 'cmake_force_configure' from command line to 'False'
[0.637s] Level 5:colcon.colcon_core.verb:set package 'thuattoan' build argument 'ament_cmake_args' from command line to 'None'
[0.637s] Level 5:colcon.colcon_core.verb:set package 'thuattoan' build argument 'catkin_cmake_args' from command line to 'None'
[0.637s] Level 5:colcon.colcon_core.verb:set package 'thuattoan' build argument 'catkin_skip_building_tests' from command line to 'False'
[0.637s] DEBUG:colcon.colcon_core.verb:Building package 'thuattoan' with the following arguments: {'ament_cmake_args': None, 'build_base': '/home/quandz/quantest_ws/build/thuattoan', 'catkin_cmake_args': None, 'catkin_skip_building_tests': False, 'cmake_args': None, 'cmake_clean_cache': False, 'cmake_clean_first': False, 'cmake_force_configure': False, 'cmake_target': None, 'cmake_target_skip_unavailable': False, 'install_base': '/home/quandz/quantest_ws/install/thuattoan', 'merge_install': False, 'path': '/home/quandz/quantest_ws/src/thuattoan', 'symlink_install': True, 'test_result_base': None}
[0.637s] Level 5:colcon.colcon_core.verb:set package 'my_robot_bringup' build argument 'cmake_args' from command line to 'None'
[0.637s] Level 5:colcon.colcon_core.verb:set package 'my_robot_bringup' build argument 'cmake_target' from command line to 'None'
[0.637s] Level 5:colcon.colcon_core.verb:set package 'my_robot_bringup' build argument 'cmake_target_skip_unavailable' from command line to 'False'
[0.637s] Level 5:colcon.colcon_core.verb:set package 'my_robot_bringup' build argument 'cmake_clean_cache' from command line to 'False'
[0.637s] Level 5:colcon.colcon_core.verb:set package 'my_robot_bringup' build argument 'cmake_clean_first' from command line to 'False'
[0.638s] Level 5:colcon.colcon_core.verb:set package 'my_robot_bringup' build argument 'cmake_force_configure' from command line to 'False'
[0.638s] Level 5:colcon.colcon_core.verb:set package 'my_robot_bringup' build argument 'ament_cmake_args' from command line to 'None'
[0.638s] Level 5:colcon.colcon_core.verb:set package 'my_robot_bringup' build argument 'catkin_cmake_args' from command line to 'None'
[0.638s] Level 5:colcon.colcon_core.verb:set package 'my_robot_bringup' build argument 'catkin_skip_building_tests' from command line to 'False'
[0.638s] DEBUG:colcon.colcon_core.verb:Building package 'my_robot_bringup' with the following arguments: {'ament_cmake_args': None, 'build_base': '/home/quandz/quantest_ws/build/my_robot_bringup', 'catkin_cmake_args': None, 'catkin_skip_building_tests': False, 'cmake_args': None, 'cmake_clean_cache': False, 'cmake_clean_first': False, 'cmake_force_configure': False, 'cmake_target': None, 'cmake_target_skip_unavailable': False, 'install_base': '/home/quandz/quantest_ws/install/my_robot_bringup', 'merge_install': False, 'path': '/home/quandz/quantest_ws/src/old_gazebo_code/my_robot_bringup', 'symlink_install': True, 'test_result_base': None}
[0.638s] INFO:colcon.colcon_core.executor:Executing jobs using 'parallel' executor
[0.639s] DEBUG:colcon.colcon_parallel_executor.executor.parallel:run_until_complete
[0.639s] INFO:colcon.colcon_ros.task.ament_cmake.build:Building ROS package in '/home/quandz/quantest_ws/src/old_gazebo_code/my_robot_description' with build type 'ament_cmake'
[0.640s] INFO:colcon.colcon_cmake.task.cmake.build:Building CMake package in '/home/quandz/quantest_ws/src/old_gazebo_code/my_robot_description'
[0.646s] INFO:colcon.colcon_core.plugin_system:Skipping extension 'colcon_core.shell.bat': Not used on non-Windows systems
[0.646s] INFO:colcon.colcon_core.shell:Skip shell extension 'powershell' for command environment: Not usable outside of PowerShell
[0.646s] DEBUG:colcon.colcon_core.shell:Skip shell extension 'dsv' for command environment
[0.652s] INFO:colcon.colcon_ros.task.ament_python.build:Building ROS package in '/home/quandz/quantest_ws/src/thuattoan' with build type 'ament_python'
[0.652s] Level 1:colcon.colcon_core.shell:create_environment_hook('thuattoan', 'ament_prefix_path')
[0.653s] INFO:colcon.colcon_core.shell:Creating environment hook '/home/quandz/quantest_ws/install/thuattoan/share/thuattoan/hook/ament_prefix_path.ps1'
[0.654s] INFO:colcon.colcon_core.shell:Creating environment descriptor '/home/quandz/quantest_ws/install/thuattoan/share/thuattoan/hook/ament_prefix_path.dsv'
[0.655s] INFO:colcon.colcon_core.shell:Creating environment hook '/home/quandz/quantest_ws/install/thuattoan/share/thuattoan/hook/ament_prefix_path.sh'
[0.656s] INFO:colcon.colcon_core.shell:Skip shell extension 'powershell' for command environment: Not usable outside of PowerShell
[0.656s] DEBUG:colcon.colcon_core.shell:Skip shell extension 'dsv' for command environment
[0.669s] DEBUG:colcon.colcon_core.event_handler.log_command:Invoking command in '/home/quandz/quantest_ws/build/my_robot_description': CMAKE_PREFIX_PATH=${CMAKE_PREFIX_PATH}:/home/quandz/quantest_ws/install/thuattoan:/home/quandz/ros2_ws/install/quandeptrai:/opt/ros/humble /usr/bin/cmake --build /home/quandz/quantest_ws/build/my_robot_description -- -j16 -l16
[0.933s] INFO:colcon.colcon_core.task.python.build:Building Python package in '/home/quandz/quantest_ws/src/thuattoan'
[0.934s] INFO:colcon.colcon_core.shell:Skip shell extension 'powershell' for command environment: Not usable outside of PowerShell
[0.934s] DEBUG:colcon.colcon_core.shell:Skip shell extension 'dsv' for command environment
[0.940s] DEBUG:colcon.colcon_core.event_handler.log_command:Invoked command in '/home/quandz/quantest_ws/build/my_robot_description' returned '0': CMAKE_PREFIX_PATH=${CMAKE_PREFIX_PATH}:/home/quandz/quantest_ws/install/thuattoan:/home/quandz/ros2_ws/install/quandeptrai:/opt/ros/humble /usr/bin/cmake --build /home/quandz/quantest_ws/build/my_robot_description -- -j16 -l16
[0.954s] DEBUG:colcon.colcon_core.event_handler.log_command:Invoking command in '/home/quandz/quantest_ws/build/my_robot_description': CMAKE_PREFIX_PATH=${CMAKE_PREFIX_PATH}:/home/quandz/quantest_ws/install/thuattoan:/home/quandz/ros2_ws/install/quandeptrai:/opt/ros/humble /usr/bin/cmake --install /home/quandz/quantest_ws/build/my_robot_description
[0.987s] Level 1:colcon.colcon_core.environment:create_environment_scripts_only(my_robot_description)
[0.987s] DEBUG:colcon.colcon_core.event_handler.log_command:Invoked command in '/home/quandz/quantest_ws/build/my_robot_description' returned '0': CMAKE_PREFIX_PATH=${CMAKE_PREFIX_PATH}:/home/quandz/quantest_ws/install/thuattoan:/home/quandz/ros2_ws/install/quandeptrai:/opt/ros/humble /usr/bin/cmake --install /home/quandz/quantest_ws/build/my_robot_description
[0.993s] Level 1:colcon.colcon_core.environment:checking '/home/quandz/quantest_ws/install/my_robot_description' for CMake module files
[0.993s] Level 1:colcon.colcon_core.environment:checking '/home/quandz/quantest_ws/install/my_robot_description' for CMake config files
[0.993s] Level 1:colcon.colcon_core.shell:create_environment_hook('my_robot_description', 'cmake_prefix_path')
[0.994s] INFO:colcon.colcon_core.shell:Creating environment hook '/home/quandz/quantest_ws/install/my_robot_description/share/my_robot_description/hook/cmake_prefix_path.ps1'
[0.994s] INFO:colcon.colcon_core.shell:Creating environment descriptor '/home/quandz/quantest_ws/install/my_robot_description/share/my_robot_description/hook/cmake_prefix_path.dsv'
[0.995s] INFO:colcon.colcon_core.shell:Creating environment hook '/home/quandz/quantest_ws/install/my_robot_description/share/my_robot_description/hook/cmake_prefix_path.sh'
[0.995s] Level 1:colcon.colcon_core.environment:checking '/home/quandz/quantest_ws/install/my_robot_description/bin'
[0.996s] Level 1:colcon.colcon_core.environment:checking '/home/quandz/quantest_ws/install/my_robot_description/lib/pkgconfig/my_robot_description.pc'
[0.996s] Level 1:colcon.colcon_core.environment:checking '/home/quandz/quantest_ws/install/my_robot_description/lib/python3.10/site-packages'
[0.996s] Level 1:colcon.colcon_core.environment:checking '/home/quandz/quantest_ws/install/my_robot_description/bin'
[0.996s] INFO:colcon.colcon_core.shell:Creating package script '/home/quandz/quantest_ws/install/my_robot_description/share/my_robot_description/package.ps1'
[0.997s] INFO:colcon.colcon_core.shell:Creating package descriptor '/home/quandz/quantest_ws/install/my_robot_description/share/my_robot_description/package.dsv'
[0.998s] INFO:colcon.colcon_core.shell:Creating package script '/home/quandz/quantest_ws/install/my_robot_description/share/my_robot_description/package.sh'
[0.999s] INFO:colcon.colcon_core.shell:Creating package script '/home/quandz/quantest_ws/install/my_robot_description/share/my_robot_description/package.bash'
[1.000s] INFO:colcon.colcon_core.shell:Creating package script '/home/quandz/quantest_ws/install/my_robot_description/share/my_robot_description/package.zsh'
[1.001s] Level 1:colcon.colcon_core.environment:create_file_with_runtime_dependencies(/home/quandz/quantest_ws/install/my_robot_description/share/colcon-core/packages/my_robot_description)
[1.002s] Level 1:colcon.colcon_core.environment:create_environment_scripts_only(my_robot_description)
[1.002s] Level 1:colcon.colcon_core.environment:checking '/home/quandz/quantest_ws/install/my_robot_description' for CMake module files
[1.002s] Level 1:colcon.colcon_core.environment:checking '/home/quandz/quantest_ws/install/my_robot_description' for CMake config files
[1.003s] Level 1:colcon.colcon_core.shell:create_environment_hook('my_robot_description', 'cmake_prefix_path')
[1.003s] INFO:colcon.colcon_core.shell:Creating environment hook '/home/quandz/quantest_ws/install/my_robot_description/share/my_robot_description/hook/cmake_prefix_path.ps1'
[1.003s] INFO:colcon.colcon_core.shell:Creating environment descriptor '/home/quandz/quantest_ws/install/my_robot_description/share/my_robot_description/hook/cmake_prefix_path.dsv'
[1.004s] INFO:colcon.colcon_core.shell:Creating environment hook '/home/quandz/quantest_ws/install/my_robot_description/share/my_robot_description/hook/cmake_prefix_path.sh'
[1.004s] Level 1:colcon.colcon_core.environment:checking '/home/quandz/quantest_ws/install/my_robot_description/bin'
[1.004s] Level 1:colcon.colcon_core.environment:checking '/home/quandz/quantest_ws/install/my_robot_description/lib/pkgconfig/my_robot_description.pc'
[1.004s] Level 1:colcon.colcon_core.environment:checking '/home/quandz/quantest_ws/install/my_robot_description/lib/python3.10/site-packages'
[1.005s] Level 1:colcon.colcon_core.environment:checking '/home/quandz/quantest_ws/install/my_robot_description/bin'
[1.005s] INFO:colcon.colcon_core.shell:Creating package script '/home/quandz/quantest_ws/install/my_robot_description/share/my_robot_description/package.ps1'
[1.005s] INFO:colcon.colcon_core.shell:Creating package descriptor '/home/quandz/quantest_ws/install/my_robot_description/share/my_robot_description/package.dsv'
[1.006s] INFO:colcon.colcon_core.shell:Creating package script '/home/quandz/quantest_ws/install/my_robot_description/share/my_robot_description/package.sh'
[1.006s] INFO:colcon.colcon_core.shell:Creating package script '/home/quandz/quantest_ws/install/my_robot_description/share/my_robot_description/package.bash'
[1.007s] INFO:colcon.colcon_core.shell:Creating package script '/home/quandz/quantest_ws/install/my_robot_description/share/my_robot_description/package.zsh'
[1.007s] Level 1:colcon.colcon_core.environment:create_file_with_runtime_dependencies(/home/quandz/quantest_ws/install/my_robot_description/share/colcon-core/packages/my_robot_description)
[1.008s] INFO:colcon.colcon_ros.task.ament_cmake.build:Building ROS package in '/home/quandz/quantest_ws/src/old_gazebo_code/my_robot_bringup' with build type 'ament_cmake'
[1.008s] INFO:colcon.colcon_cmake.task.cmake.build:Building CMake package in '/home/quandz/quantest_ws/src/old_gazebo_code/my_robot_bringup'
[1.008s] INFO:colcon.colcon_core.shell:Skip shell extension 'powershell' for command environment: Not usable outside of PowerShell
[1.009s] DEBUG:colcon.colcon_core.shell:Skip shell extension 'dsv' for command environment
[1.049s] DEBUG:colcon.colcon_core.event_handler.log_command:Invoking command in '/home/quandz/quantest_ws/build/my_robot_bringup': CMAKE_PREFIX_PATH=/home/quandz/quantest_ws/install/my_robot_description:/home/quandz/quantest_ws/install/my_robot_bringup:/home/quandz/ros2_ws/install/my_robot_description:/home/quandz/ros2_ws/install/articubot_one:/home/quandz/quantest_ws/install/thuattoan:/home/quandz/ros2_ws/install/quandeptrai:/opt/ros/humble /usr/bin/cmake --build /home/quandz/quantest_ws/build/my_robot_bringup -- -j16 -l16
[1.098s] DEBUG:colcon.colcon_core.event_handler.log_command:Invoked command in '/home/quandz/quantest_ws/build/my_robot_bringup' returned '0': CMAKE_PREFIX_PATH=/home/quandz/quantest_ws/install/my_robot_description:/home/quandz/quantest_ws/install/my_robot_bringup:/home/quandz/ros2_ws/install/my_robot_description:/home/quandz/ros2_ws/install/articubot_one:/home/quandz/quantest_ws/install/thuattoan:/home/quandz/ros2_ws/install/quandeptrai:/opt/ros/humble /usr/bin/cmake --build /home/quandz/quantest_ws/build/my_robot_bringup -- -j16 -l16
[1.100s] DEBUG:colcon.colcon_core.event_handler.log_command:Invoking command in '/home/quandz/quantest_ws/build/my_robot_bringup': CMAKE_PREFIX_PATH=/home/quandz/quantest_ws/install/my_robot_description:/home/quandz/quantest_ws/install/my_robot_bringup:/home/quandz/ros2_ws/install/my_robot_description:/home/quandz/ros2_ws/install/articubot_one:/home/quandz/quantest_ws/install/thuattoan:/home/quandz/ros2_ws/install/quandeptrai:/opt/ros/humble /usr/bin/cmake --install /home/quandz/quantest_ws/build/my_robot_bringup
[1.127s] Level 1:colcon.colcon_core.environment:create_environment_scripts_only(my_robot_bringup)
[1.128s] Level 1:colcon.colcon_core.environment:checking '/home/quandz/quantest_ws/install/my_robot_bringup' for CMake module files
[1.129s] DEBUG:colcon.colcon_core.event_handler.log_command:Invoked command in '/home/quandz/quantest_ws/build/my_robot_bringup' returned '0': CMAKE_PREFIX_PATH=/home/quandz/quantest_ws/install/my_robot_description:/home/quandz/quantest_ws/install/my_robot_bringup:/home/quandz/ros2_ws/install/my_robot_description:/home/quandz/ros2_ws/install/articubot_one:/home/quandz/quantest_ws/install/thuattoan:/home/quandz/ros2_ws/install/quandeptrai:/opt/ros/humble /usr/bin/cmake --install /home/quandz/quantest_ws/build/my_robot_bringup
[1.129s] Level 1:colcon.colcon_core.environment:checking '/home/quandz/quantest_ws/install/my_robot_bringup' for CMake config files
[1.129s] Level 1:colcon.colcon_core.shell:create_environment_hook('my_robot_bringup', 'cmake_prefix_path')
[1.130s] INFO:colcon.colcon_core.shell:Creating environment hook '/home/quandz/quantest_ws/install/my_robot_bringup/share/my_robot_bringup/hook/cmake_prefix_path.ps1'
[1.130s] INFO:colcon.colcon_core.shell:Creating environment descriptor '/home/quandz/quantest_ws/install/my_robot_bringup/share/my_robot_bringup/hook/cmake_prefix_path.dsv'
[1.131s] INFO:colcon.colcon_core.shell:Creating environment hook '/home/quandz/quantest_ws/install/my_robot_bringup/share/my_robot_bringup/hook/cmake_prefix_path.sh'
[1.131s] Level 1:colcon.colcon_core.environment:checking '/home/quandz/quantest_ws/install/my_robot_bringup/bin'
[1.131s] Level 1:colcon.colcon_core.environment:checking '/home/quandz/quantest_ws/install/my_robot_bringup/lib/pkgconfig/my_robot_bringup.pc'
[1.131s] Level 1:colcon.colcon_core.environment:checking '/home/quandz/quantest_ws/install/my_robot_bringup/lib/python3.10/site-packages'
[1.132s] Level 1:colcon.colcon_core.environment:checking '/home/quandz/quantest_ws/install/my_robot_bringup/bin'
[1.132s] INFO:colcon.colcon_core.shell:Creating package script '/home/quandz/quantest_ws/install/my_robot_bringup/share/my_robot_bringup/package.ps1'
[1.133s] INFO:colcon.colcon_core.shell:Creating package descriptor '/home/quandz/quantest_ws/install/my_robot_bringup/share/my_robot_bringup/package.dsv'
[1.133s] INFO:colcon.colcon_core.shell:Creating package script '/home/quandz/quantest_ws/install/my_robot_bringup/share/my_robot_bringup/package.sh'
[1.134s] INFO:colcon.colcon_core.shell:Creating package script '/home/quandz/quantest_ws/install/my_robot_bringup/share/my_robot_bringup/package.bash'
[1.134s] INFO:colcon.colcon_core.shell:Creating package script '/home/quandz/quantest_ws/install/my_robot_bringup/share/my_robot_bringup/package.zsh'
[1.134s] Level 1:colcon.colcon_core.environment:create_file_with_runtime_dependencies(/home/quandz/quantest_ws/install/my_robot_bringup/share/colcon-core/packages/my_robot_bringup)
[1.135s] Level 1:colcon.colcon_core.environment:create_environment_scripts_only(my_robot_bringup)
[1.135s] Level 1:colcon.colcon_core.environment:checking '/home/quandz/quantest_ws/install/my_robot_bringup' for CMake module files
[1.136s] Level 1:colcon.colcon_core.environment:checking '/home/quandz/quantest_ws/install/my_robot_bringup' for CMake config files
[1.136s] Level 1:colcon.colcon_core.shell:create_environment_hook('my_robot_bringup', 'cmake_prefix_path')
[1.136s] INFO:colcon.colcon_core.shell:Creating environment hook '/home/quandz/quantest_ws/install/my_robot_bringup/share/my_robot_bringup/hook/cmake_prefix_path.ps1'
[1.136s] INFO:colcon.colcon_core.shell:Creating environment descriptor '/home/quandz/quantest_ws/install/my_robot_bringup/share/my_robot_bringup/hook/cmake_prefix_path.dsv'
[1.137s] INFO:colcon.colcon_core.shell:Creating environment hook '/home/quandz/quantest_ws/install/my_robot_bringup/share/my_robot_bringup/hook/cmake_prefix_path.sh'
[1.137s] Level 1:colcon.colcon_core.environment:checking '/home/quandz/quantest_ws/install/my_robot_bringup/bin'
[1.137s] Level 1:colcon.colcon_core.environment:checking '/home/quandz/quantest_ws/install/my_robot_bringup/lib/pkgconfig/my_robot_bringup.pc'
[1.138s] Level 1:colcon.colcon_core.environment:checking '/home/quandz/quantest_ws/install/my_robot_bringup/lib/python3.10/site-packages'
[1.138s] Level 1:colcon.colcon_core.environment:checking '/home/quandz/quantest_ws/install/my_robot_bringup/bin'
[1.138s] INFO:colcon.colcon_core.shell:Creating package script '/home/quandz/quantest_ws/install/my_robot_bringup/share/my_robot_bringup/package.ps1'
[1.139s] INFO:colcon.colcon_core.shell:Creating package descriptor '/home/quandz/quantest_ws/install/my_robot_bringup/share/my_robot_bringup/package.dsv'
[1.139s] INFO:colcon.colcon_core.shell:Creating package script '/home/quandz/quantest_ws/install/my_robot_bringup/share/my_robot_bringup/package.sh'
[1.140s] INFO:colcon.colcon_core.shell:Creating package script '/home/quandz/quantest_ws/install/my_robot_bringup/share/my_robot_bringup/package.bash'
[1.140s] INFO:colcon.colcon_core.shell:Creating package script '/home/quandz/quantest_ws/install/my_robot_bringup/share/my_robot_bringup/package.zsh'
[1.141s] Level 1:colcon.colcon_core.environment:create_file_with_runtime_dependencies(/home/quandz/quantest_ws/install/my_robot_bringup/share/colcon-core/packages/my_robot_bringup)
[1.566s] DEBUG:colcon.colcon_core.event_handler.log_command:Invoking command in '/home/quandz/quantest_ws/build/thuattoan': PYTHONPATH=/home/quandz/quantest_ws/build/thuattoan/prefix_override:/usr/lib/python3/dist-packages/colcon_core/task/python/colcon_distutils_commands:/home/quandz/quantest_ws/install/thuattoan/lib/python3.10/site-packages:${PYTHONPATH} /usr/bin/python3 -W ignore:setup.py install is deprecated -W ignore:easy_install command is deprecated setup.py develop --editable --build-directory /home/quandz/quantest_ws/build/thuattoan/build --no-deps symlink_data
[2.064s] Level 1:colcon.colcon_core.shell:create_environment_hook('thuattoan', 'pythonpath_develop')
[2.065s] INFO:colcon.colcon_core.shell:Creating environment hook '/home/quandz/quantest_ws/build/thuattoan/share/thuattoan/hook/pythonpath_develop.ps1'
[2.065s] DEBUG:colcon.colcon_core.event_handler.log_command:Invoked command in '/home/quandz/quantest_ws/build/thuattoan' returned '0': PYTHONPATH=/home/quandz/quantest_ws/build/thuattoan/prefix_override:/usr/lib/python3/dist-packages/colcon_core/task/python/colcon_distutils_commands:/home/quandz/quantest_ws/install/thuattoan/lib/python3.10/site-packages:${PYTHONPATH} /usr/bin/python3 -W ignore:setup.py install is deprecated -W ignore:easy_install command is deprecated setup.py develop --editable --build-directory /home/quandz/quantest_ws/build/thuattoan/build --no-deps symlink_data
[2.066s] INFO:colcon.colcon_core.shell:Creating environment descriptor '/home/quandz/quantest_ws/build/thuattoan/share/thuattoan/hook/pythonpath_develop.dsv'
[2.066s] INFO:colcon.colcon_core.shell:Creating environment hook '/home/quandz/quantest_ws/build/thuattoan/share/thuattoan/hook/pythonpath_develop.sh'
[2.067s] Level 1:colcon.colcon_core.environment:checking '/home/quandz/quantest_ws/install/thuattoan' for CMake module files
[2.067s] Level 1:colcon.colcon_core.environment:checking '/home/quandz/quantest_ws/install/thuattoan' for CMake config files
[2.068s] Level 1:colcon.colcon_core.environment:checking '/home/quandz/quantest_ws/install/thuattoan/lib'
[2.068s] Level 1:colcon.colcon_core.environment:checking '/home/quandz/quantest_ws/install/thuattoan/bin'
[2.068s] Level 1:colcon.colcon_core.environment:checking '/home/quandz/quantest_ws/install/thuattoan/lib/pkgconfig/thuattoan.pc'
[2.068s] Level 1:colcon.colcon_core.environment:checking '/home/quandz/quantest_ws/install/thuattoan/lib/python3.10/site-packages'
[2.069s] Level 1:colcon.colcon_core.shell:create_environment_hook('thuattoan', 'pythonpath')
[2.069s] INFO:colcon.colcon_core.shell:Creating environment hook '/home/quandz/quantest_ws/install/thuattoan/share/thuattoan/hook/pythonpath.ps1'
[2.069s] INFO:colcon.colcon_core.shell:Creating environment descriptor '/home/quandz/quantest_ws/install/thuattoan/share/thuattoan/hook/pythonpath.dsv'
[2.070s] INFO:colcon.colcon_core.shell:Creating environment hook '/home/quandz/quantest_ws/install/thuattoan/share/thuattoan/hook/pythonpath.sh'
[2.070s] Level 1:colcon.colcon_core.environment:checking '/home/quandz/quantest_ws/install/thuattoan/bin'
[2.070s] Level 1:colcon.colcon_core.environment:create_environment_scripts_only(thuattoan)
[2.071s] INFO:colcon.colcon_core.shell:Creating package script '/home/quandz/quantest_ws/install/thuattoan/share/thuattoan/package.ps1'
[2.071s] INFO:colcon.colcon_core.shell:Creating package descriptor '/home/quandz/quantest_ws/install/thuattoan/share/thuattoan/package.dsv'
[2.072s] INFO:colcon.colcon_core.shell:Creating package script '/home/quandz/quantest_ws/install/thuattoan/share/thuattoan/package.sh'
[2.072s] INFO:colcon.colcon_core.shell:Creating package script '/home/quandz/quantest_ws/install/thuattoan/share/thuattoan/package.bash'
[2.073s] INFO:colcon.colcon_core.shell:Creating package script '/home/quandz/quantest_ws/install/thuattoan/share/thuattoan/package.zsh'
[2.073s] Level 1:colcon.colcon_core.environment:create_file_with_runtime_dependencies(/home/quandz/quantest_ws/install/thuattoan/share/colcon-core/packages/thuattoan)
[2.073s] DEBUG:colcon.colcon_parallel_executor.executor.parallel:closing loop
[2.074s] DEBUG:colcon.colcon_parallel_executor.executor.parallel:loop closed
[2.074s] DEBUG:colcon.colcon_parallel_executor.executor.parallel:run_until_complete finished with '0'
[2.074s] DEBUG:colcon.colcon_core.event_reactor:joining thread
[2.106s] INFO:colcon.colcon_core.plugin_system:Skipping extension 'colcon_notification.desktop_notification.notify_send': Could not find 'notify-send'
[2.106s] INFO:colcon.colcon_core.plugin_system:Skipping extension 'colcon_notification.desktop_notification.terminal_notifier': Not used on non-Darwin systems
[2.107s] INFO:colcon.colcon_core.plugin_system:Skipping extension 'colcon_notification.desktop_notification.win32': Not used on non-Windows systems
[2.107s] INFO:colcon.colcon_notification.desktop_notification:Sending desktop notification using 'notify2'
[2.107s] DEBUG:colcon.colcon_notification.desktop_notification.notify2:Failed to initialize notify2: org.freedesktop.DBus.Error.FileNotFound: Failed to connect to socket /run/user/1000/bus: No such file or directory
[2.107s] DEBUG:colcon.colcon_core.event_reactor:joined thread
[2.107s] INFO:colcon.colcon_core.shell:Creating prefix script '/home/quandz/quantest_ws/install/local_setup.ps1'
[2.109s] INFO:colcon.colcon_core.shell:Creating prefix util module '/home/quandz/quantest_ws/install/_local_setup_util_ps1.py'
[2.110s] INFO:colcon.colcon_core.shell:Creating prefix chain script '/home/quandz/quantest_ws/install/setup.ps1'
[2.112s] INFO:colcon.colcon_core.shell:Creating prefix script '/home/quandz/quantest_ws/install/local_setup.sh'
[2.113s] INFO:colcon.colcon_core.shell:Creating prefix util module '/home/quandz/quantest_ws/install/_local_setup_util_sh.py'
[2.113s] INFO:colcon.colcon_core.shell:Creating prefix chain script '/home/quandz/quantest_ws/install/setup.sh'
[2.115s] INFO:colcon.colcon_core.shell:Creating prefix script '/home/quandz/quantest_ws/install/local_setup.bash'
[2.116s] INFO:colcon.colcon_core.shell:Creating prefix chain script '/home/quandz/quantest_ws/install/setup.bash'
[2.117s] INFO:colcon.colcon_core.shell:Creating prefix script '/home/quandz/quantest_ws/install/local_setup.zsh'
[2.121s] INFO:colcon.colcon_core.shell:Creating prefix chain script '/home/quandz/quantest_ws/install/setup.zsh'
