[0.150s] DEBUG:colcon:Command line arguments: ['/usr/bin/colcon', 'build', '--symlink-install']
[0.150s] DEBUG:colcon:Parsed command line arguments: Namespace(log_base=None, log_level=None, verb_name='build', build_base='build', install_base='install', merge_install=False, symlink_install=True, test_result_base=None, continue_on_error=False, executor='parallel', parallel_workers=16, event_handlers=None, ignore_user_meta=False, metas=['./colcon.meta'], base_paths=['.'], packages_ignore=None, packages_ignore_regex=None, paths=None, packages_up_to=None, packages_up_to_regex=None, packages_above=None, packages_above_and_dependencies=None, packages_above_depth=None, packages_select_by_dep=None, packages_skip_by_dep=None, packages_skip_up_to=None, packages_select_build_failed=False, packages_skip_build_finished=False, packages_select_test_failures=False, packages_skip_test_passed=False, packages_select=None, packages_skip=None, packages_select_regex=None, packages_skip_regex=None, packages_start=None, packages_end=None, allow_overriding=[], cmake_args=None, cmake_target=None, cmake_target_skip_unavailable=False, cmake_clean_cache=False, cmake_clean_first=False, cmake_force_configure=False, ament_cmake_args=None, catkin_cmake_args=None, catkin_skip_building_tests=False, verb_parser=<colcon_defaults.argument_parser.defaults.DefaultArgumentsDecorator object at 0x720549022530>, verb_extension=<colcon_core.verb.build.BuildVerb object at 0x7205490220e0>, main=<bound method BuildVerb.main of <colcon_core.verb.build.BuildVerb object at 0x7205490220e0>>)
[0.480s] Level 1:colcon.colcon_core.package_discovery:discover_packages(colcon_meta) check parameters
[0.481s] Level 1:colcon.colcon_core.package_discovery:discover_packages(recursive) check parameters
[0.481s] Level 1:colcon.colcon_core.package_discovery:discover_packages(ignore) check parameters
[0.481s] Level 1:colcon.colcon_core.package_discovery:discover_packages(path) check parameters
[0.481s] Level 1:colcon.colcon_core.package_discovery:discover_packages(colcon_meta) discover
[0.481s] Level 1:colcon.colcon_core.package_discovery:discover_packages(recursive) discover
[0.481s] INFO:colcon.colcon_core.package_discovery:Crawling recursively for packages in '/home/quandz/quantest_ws'
[0.481s] Level 1:colcon.colcon_core.package_identification:_identify(.) by extensions ['ignore', 'ignore_ament_install']
[0.481s] Level 1:colcon.colcon_core.package_identification:_identify(.) by extension 'ignore'
[0.481s] Level 1:colcon.colcon_core.package_identification:_identify(.) by extension 'ignore_ament_install'
[0.481s] Level 1:colcon.colcon_core.package_identification:_identify(.) by extensions ['colcon_pkg']
[0.481s] Level 1:colcon.colcon_core.package_identification:_identify(.) by extension 'colcon_pkg'
[0.481s] Level 1:colcon.colcon_core.package_identification:_identify(.) by extensions ['colcon_meta']
[0.481s] Level 1:colcon.colcon_core.package_identification:_identify(.) by extension 'colcon_meta'
[0.481s] Level 1:colcon.colcon_core.package_identification:_identify(.) by extensions ['ros']
[0.481s] Level 1:colcon.colcon_core.package_identification:_identify(.) by extension 'ros'
[0.492s] Level 1:colcon.colcon_core.package_identification:_identify(.) by extensions ['cmake', 'python']
[0.492s] Level 1:colcon.colcon_core.package_identification:_identify(.) by extension 'cmake'
[0.492s] Level 1:colcon.colcon_core.package_identification:_identify(.) by extension 'python'
[0.492s] Level 1:colcon.colcon_core.package_identification:_identify(.) by extensions ['python_setup_py']
[0.492s] Level 1:colcon.colcon_core.package_identification:_identify(.) by extension 'python_setup_py'
[0.492s] Level 1:colcon.colcon_core.package_identification:_identify(build) by extensions ['ignore', 'ignore_ament_install']
[0.492s] Level 1:colcon.colcon_core.package_identification:_identify(build) by extension 'ignore'
[0.492s] Level 1:colcon.colcon_core.package_identification:_identify(build) ignored
[0.493s] Level 1:colcon.colcon_core.package_identification:_identify(install) by extensions ['ignore', 'ignore_ament_install']
[0.493s] Level 1:colcon.colcon_core.package_identification:_identify(install) by extension 'ignore'
[0.493s] Level 1:colcon.colcon_core.package_identification:_identify(install) ignored
[0.493s] Level 1:colcon.colcon_core.package_identification:_identify(log) by extensions ['ignore', 'ignore_ament_install']
[0.493s] Level 1:colcon.colcon_core.package_identification:_identify(log) by extension 'ignore'
[0.493s] Level 1:colcon.colcon_core.package_identification:_identify(log) ignored
[0.493s] Level 1:colcon.colcon_core.package_identification:_identify(src) by extensions ['ignore', 'ignore_ament_install']
[0.493s] Level 1:colcon.colcon_core.package_identification:_identify(src) by extension 'ignore'
[0.493s] Level 1:colcon.colcon_core.package_identification:_identify(src) by extension 'ignore_ament_install'
[0.493s] Level 1:colcon.colcon_core.package_identification:_identify(src) by extensions ['colcon_pkg']
[0.493s] Level 1:colcon.colcon_core.package_identification:_identify(src) by extension 'colcon_pkg'
[0.493s] Level 1:colcon.colcon_core.package_identification:_identify(src) by extensions ['colcon_meta']
[0.493s] Level 1:colcon.colcon_core.package_identification:_identify(src) by extension 'colcon_meta'
[0.494s] Level 1:colcon.colcon_core.package_identification:_identify(src) by extensions ['ros']
[0.494s] Level 1:colcon.colcon_core.package_identification:_identify(src) by extension 'ros'
[0.494s] Level 1:colcon.colcon_core.package_identification:_identify(src) by extensions ['cmake', 'python']
[0.494s] Level 1:colcon.colcon_core.package_identification:_identify(src) by extension 'cmake'
[0.494s] Level 1:colcon.colcon_core.package_identification:_identify(src) by extension 'python'
[0.494s] Level 1:colcon.colcon_core.package_identification:_identify(src) by extensions ['python_setup_py']
[0.494s] Level 1:colcon.colcon_core.package_identification:_identify(src) by extension 'python_setup_py'
[0.494s] Level 1:colcon.colcon_core.package_identification:_identify(src/old_gazebo_code) by extensions ['ignore', 'ignore_ament_install']
[0.494s] Level 1:colcon.colcon_core.package_identification:_identify(src/old_gazebo_code) by extension 'ignore'
[0.494s] Level 1:colcon.colcon_core.package_identification:_identify(src/old_gazebo_code) by extension 'ignore_ament_install'
[0.494s] Level 1:colcon.colcon_core.package_identification:_identify(src/old_gazebo_code) by extensions ['colcon_pkg']
[0.494s] Level 1:colcon.colcon_core.package_identification:_identify(src/old_gazebo_code) by extension 'colcon_pkg'
[0.494s] Level 1:colcon.colcon_core.package_identification:_identify(src/old_gazebo_code) by extensions ['colcon_meta']
[0.494s] Level 1:colcon.colcon_core.package_identification:_identify(src/old_gazebo_code) by extension 'colcon_meta'
[0.495s] Level 1:colcon.colcon_core.package_identification:_identify(src/old_gazebo_code) by extensions ['ros']
[0.495s] Level 1:colcon.colcon_core.package_identification:_identify(src/old_gazebo_code) by extension 'ros'
[0.495s] Level 1:colcon.colcon_core.package_identification:_identify(src/old_gazebo_code) by extensions ['cmake', 'python']
[0.495s] Level 1:colcon.colcon_core.package_identification:_identify(src/old_gazebo_code) by extension 'cmake'
[0.495s] Level 1:colcon.colcon_core.package_identification:_identify(src/old_gazebo_code) by extension 'python'
[0.495s] Level 1:colcon.colcon_core.package_identification:_identify(src/old_gazebo_code) by extensions ['python_setup_py']
[0.495s] Level 1:colcon.colcon_core.package_identification:_identify(src/old_gazebo_code) by extension 'python_setup_py'
[0.495s] Level 1:colcon.colcon_core.package_identification:_identify(src/old_gazebo_code/my_robot_bringup) by extensions ['ignore', 'ignore_ament_install']
[0.495s] Level 1:colcon.colcon_core.package_identification:_identify(src/old_gazebo_code/my_robot_bringup) by extension 'ignore'
[0.495s] Level 1:colcon.colcon_core.package_identification:_identify(src/old_gazebo_code/my_robot_bringup) by extension 'ignore_ament_install'
[0.495s] Level 1:colcon.colcon_core.package_identification:_identify(src/old_gazebo_code/my_robot_bringup) by extensions ['colcon_pkg']
[0.495s] Level 1:colcon.colcon_core.package_identification:_identify(src/old_gazebo_code/my_robot_bringup) by extension 'colcon_pkg'
[0.495s] Level 1:colcon.colcon_core.package_identification:_identify(src/old_gazebo_code/my_robot_bringup) by extensions ['colcon_meta']
[0.495s] Level 1:colcon.colcon_core.package_identification:_identify(src/old_gazebo_code/my_robot_bringup) by extension 'colcon_meta'
[0.495s] Level 1:colcon.colcon_core.package_identification:_identify(src/old_gazebo_code/my_robot_bringup) by extensions ['ros']
[0.495s] Level 1:colcon.colcon_core.package_identification:_identify(src/old_gazebo_code/my_robot_bringup) by extension 'ros'
[0.498s] DEBUG:colcon.colcon_core.package_identification:Package 'src/old_gazebo_code/my_robot_bringup' with type 'ros.ament_cmake' and name 'my_robot_bringup'
[0.499s] Level 1:colcon.colcon_core.package_identification:_identify(src/old_gazebo_code/my_robot_description) by extensions ['ignore', 'ignore_ament_install']
[0.499s] Level 1:colcon.colcon_core.package_identification:_identify(src/old_gazebo_code/my_robot_description) by extension 'ignore'
[0.499s] Level 1:colcon.colcon_core.package_identification:_identify(src/old_gazebo_code/my_robot_description) by extension 'ignore_ament_install'
[0.499s] Level 1:colcon.colcon_core.package_identification:_identify(src/old_gazebo_code/my_robot_description) by extensions ['colcon_pkg']
[0.499s] Level 1:colcon.colcon_core.package_identification:_identify(src/old_gazebo_code/my_robot_description) by extension 'colcon_pkg'
[0.499s] Level 1:colcon.colcon_core.package_identification:_identify(src/old_gazebo_code/my_robot_description) by extensions ['colcon_meta']
[0.499s] Level 1:colcon.colcon_core.package_identification:_identify(src/old_gazebo_code/my_robot_description) by extension 'colcon_meta'
[0.499s] Level 1:colcon.colcon_core.package_identification:_identify(src/old_gazebo_code/my_robot_description) by extensions ['ros']
[0.499s] Level 1:colcon.colcon_core.package_identification:_identify(src/old_gazebo_code/my_robot_description) by extension 'ros'
[0.499s] DEBUG:colcon.colcon_core.package_identification:Package 'src/old_gazebo_code/my_robot_description' with type 'ros.ament_cmake' and name 'my_robot_description'
[0.500s] Level 1:colcon.colcon_core.package_identification:_identify(src/thuattoan) by extensions ['ignore', 'ignore_ament_install']
[0.500s] Level 1:colcon.colcon_core.package_identification:_identify(src/thuattoan) by extension 'ignore'
[0.500s] Level 1:colcon.colcon_core.package_identification:_identify(src/thuattoan) by extension 'ignore_ament_install'
[0.500s] Level 1:colcon.colcon_core.package_identification:_identify(src/thuattoan) by extensions ['colcon_pkg']
[0.500s] Level 1:colcon.colcon_core.package_identification:_identify(src/thuattoan) by extension 'colcon_pkg'
[0.500s] Level 1:colcon.colcon_core.package_identification:_identify(src/thuattoan) by extensions ['colcon_meta']
[0.500s] Level 1:colcon.colcon_core.package_identification:_identify(src/thuattoan) by extension 'colcon_meta'
[0.500s] Level 1:colcon.colcon_core.package_identification:_identify(src/thuattoan) by extensions ['ros']
[0.500s] Level 1:colcon.colcon_core.package_identification:_identify(src/thuattoan) by extension 'ros'
[0.501s] DEBUG:colcon.colcon_core.package_identification:Package 'src/thuattoan' with type 'ros.ament_python' and name 'thuattoan'
[0.501s] Level 1:colcon.colcon_core.package_discovery:discover_packages(recursive) using defaults
[0.501s] Level 1:colcon.colcon_core.package_discovery:discover_packages(ignore) discover
[0.501s] Level 1:colcon.colcon_core.package_discovery:discover_packages(ignore) using defaults
[0.501s] Level 1:colcon.colcon_core.package_discovery:discover_packages(path) discover
[0.501s] Level 1:colcon.colcon_core.package_discovery:discover_packages(path) using defaults
[0.533s] Level 1:colcon.colcon_core.package_discovery:discover_packages(prefix_path) check parameters
[0.533s] Level 1:colcon.colcon_core.package_discovery:discover_packages(prefix_path) discover
[0.538s] DEBUG:colcon.colcon_installed_package_information.package_discovery:Found 3 installed packages in /home/quandz/quantest_ws/install
[0.538s] DEBUG:colcon.colcon_installed_package_information.package_discovery:Found 3 installed packages in /home/quandz/ros2_ws/install
[0.541s] DEBUG:colcon.colcon_installed_package_information.package_discovery:Found 445 installed packages in /opt/ros/humble
[0.542s] Level 1:colcon.colcon_core.package_discovery:discover_packages(prefix_path) using defaults
[0.595s] Level 5:colcon.colcon_core.verb:set package 'my_robot_description' build argument 'cmake_args' from command line to 'None'
[0.596s] Level 5:colcon.colcon_core.verb:set package 'my_robot_description' build argument 'cmake_target' from command line to 'None'
[0.596s] Level 5:colcon.colcon_core.verb:set package 'my_robot_description' build argument 'cmake_target_skip_unavailable' from command line to 'False'
[0.596s] Level 5:colcon.colcon_core.verb:set package 'my_robot_description' build argument 'cmake_clean_cache' from command line to 'False'
[0.596s] Level 5:colcon.colcon_core.verb:set package 'my_robot_description' build argument 'cmake_clean_first' from command line to 'False'
[0.596s] Level 5:colcon.colcon_core.verb:set package 'my_robot_description' build argument 'cmake_force_configure' from command line to 'False'
[0.596s] Level 5:colcon.colcon_core.verb:set package 'my_robot_description' build argument 'ament_cmake_args' from command line to 'None'
[0.596s] Level 5:colcon.colcon_core.verb:set package 'my_robot_description' build argument 'catkin_cmake_args' from command line to 'None'
[0.596s] Level 5:colcon.colcon_core.verb:set package 'my_robot_description' build argument 'catkin_skip_building_tests' from command line to 'False'
[0.596s] DEBUG:colcon.colcon_core.verb:Building package 'my_robot_description' with the following arguments: {'ament_cmake_args': None, 'build_base': '/home/quandz/quantest_ws/build/my_robot_description', 'catkin_cmake_args': None, 'catkin_skip_building_tests': False, 'cmake_args': None, 'cmake_clean_cache': False, 'cmake_clean_first': False, 'cmake_force_configure': False, 'cmake_target': None, 'cmake_target_skip_unavailable': False, 'install_base': '/home/quandz/quantest_ws/install/my_robot_description', 'merge_install': False, 'path': '/home/quandz/quantest_ws/src/old_gazebo_code/my_robot_description', 'symlink_install': True, 'test_result_base': None}
[0.596s] Level 5:colcon.colcon_core.verb:set package 'thuattoan' build argument 'cmake_args' from command line to 'None'
[0.596s] Level 5:colcon.colcon_core.verb:set package 'thuattoan' build argument 'cmake_target' from command line to 'None'
[0.596s] Level 5:colcon.colcon_core.verb:set package 'thuattoan' build argument 'cmake_target_skip_unavailable' from command line to 'False'
[0.596s] Level 5:colcon.colcon_core.verb:set package 'thuattoan' build argument 'cmake_clean_cache' from command line to 'False'
[0.596s] Level 5:colcon.colcon_core.verb:set package 'thuattoan' build argument 'cmake_clean_first' from command line to 'False'
[0.596s] Level 5:colcon.colcon_core.verb:set package 'thuattoan' build argument 'cmake_force_configure' from command line to 'False'
[0.596s] Level 5:colcon.colcon_core.verb:set package 'thuattoan' build argument 'ament_cmake_args' from command line to 'None'
[0.596s] Level 5:colcon.colcon_core.verb:set package 'thuattoan' build argument 'catkin_cmake_args' from command line to 'None'
[0.596s] Level 5:colcon.colcon_core.verb:set package 'thuattoan' build argument 'catkin_skip_building_tests' from command line to 'False'
[0.596s] DEBUG:colcon.colcon_core.verb:Building package 'thuattoan' with the following arguments: {'ament_cmake_args': None, 'build_base': '/home/quandz/quantest_ws/build/thuattoan', 'catkin_cmake_args': None, 'catkin_skip_building_tests': False, 'cmake_args': None, 'cmake_clean_cache': False, 'cmake_clean_first': False, 'cmake_force_configure': False, 'cmake_target': None, 'cmake_target_skip_unavailable': False, 'install_base': '/home/quandz/quantest_ws/install/thuattoan', 'merge_install': False, 'path': '/home/quandz/quantest_ws/src/thuattoan', 'symlink_install': True, 'test_result_base': None}
[0.597s] Level 5:colcon.colcon_core.verb:set package 'my_robot_bringup' build argument 'cmake_args' from command line to 'None'
[0.597s] Level 5:colcon.colcon_core.verb:set package 'my_robot_bringup' build argument 'cmake_target' from command line to 'None'
[0.597s] Level 5:colcon.colcon_core.verb:set package 'my_robot_bringup' build argument 'cmake_target_skip_unavailable' from command line to 'False'
[0.597s] Level 5:colcon.colcon_core.verb:set package 'my_robot_bringup' build argument 'cmake_clean_cache' from command line to 'False'
[0.597s] Level 5:colcon.colcon_core.verb:set package 'my_robot_bringup' build argument 'cmake_clean_first' from command line to 'False'
[0.597s] Level 5:colcon.colcon_core.verb:set package 'my_robot_bringup' build argument 'cmake_force_configure' from command line to 'False'
[0.597s] Level 5:colcon.colcon_core.verb:set package 'my_robot_bringup' build argument 'ament_cmake_args' from command line to 'None'
[0.597s] Level 5:colcon.colcon_core.verb:set package 'my_robot_bringup' build argument 'catkin_cmake_args' from command line to 'None'
[0.597s] Level 5:colcon.colcon_core.verb:set package 'my_robot_bringup' build argument 'catkin_skip_building_tests' from command line to 'False'
[0.597s] DEBUG:colcon.colcon_core.verb:Building package 'my_robot_bringup' with the following arguments: {'ament_cmake_args': None, 'build_base': '/home/quandz/quantest_ws/build/my_robot_bringup', 'catkin_cmake_args': None, 'catkin_skip_building_tests': False, 'cmake_args': None, 'cmake_clean_cache': False, 'cmake_clean_first': False, 'cmake_force_configure': False, 'cmake_target': None, 'cmake_target_skip_unavailable': False, 'install_base': '/home/quandz/quantest_ws/install/my_robot_bringup', 'merge_install': False, 'path': '/home/quandz/quantest_ws/src/old_gazebo_code/my_robot_bringup', 'symlink_install': True, 'test_result_base': None}
[0.597s] INFO:colcon.colcon_core.executor:Executing jobs using 'parallel' executor
[0.598s] DEBUG:colcon.colcon_parallel_executor.executor.parallel:run_until_complete
[0.599s] INFO:colcon.colcon_ros.task.ament_cmake.build:Building ROS package in '/home/quandz/quantest_ws/src/old_gazebo_code/my_robot_description' with build type 'ament_cmake'
[0.599s] INFO:colcon.colcon_cmake.task.cmake.build:Building CMake package in '/home/quandz/quantest_ws/src/old_gazebo_code/my_robot_description'
[0.604s] INFO:colcon.colcon_core.plugin_system:Skipping extension 'colcon_core.shell.bat': Not used on non-Windows systems
[0.605s] INFO:colcon.colcon_core.shell:Skip shell extension 'powershell' for command environment: Not usable outside of PowerShell
[0.605s] DEBUG:colcon.colcon_core.shell:Skip shell extension 'dsv' for command environment
[0.610s] INFO:colcon.colcon_ros.task.ament_python.build:Building ROS package in '/home/quandz/quantest_ws/src/thuattoan' with build type 'ament_python'
[0.610s] Level 1:colcon.colcon_core.shell:create_environment_hook('thuattoan', 'ament_prefix_path')
[0.611s] INFO:colcon.colcon_core.shell:Creating environment hook '/home/quandz/quantest_ws/install/thuattoan/share/thuattoan/hook/ament_prefix_path.ps1'
[0.612s] INFO:colcon.colcon_core.shell:Creating environment descriptor '/home/quandz/quantest_ws/install/thuattoan/share/thuattoan/hook/ament_prefix_path.dsv'
[0.613s] INFO:colcon.colcon_core.shell:Creating environment hook '/home/quandz/quantest_ws/install/thuattoan/share/thuattoan/hook/ament_prefix_path.sh'
[0.614s] INFO:colcon.colcon_core.shell:Skip shell extension 'powershell' for command environment: Not usable outside of PowerShell
[0.614s] DEBUG:colcon.colcon_core.shell:Skip shell extension 'dsv' for command environment
[0.628s] DEBUG:colcon.colcon_core.event_handler.log_command:Invoking command in '/home/quandz/quantest_ws/build/my_robot_description': CMAKE_PREFIX_PATH=${CMAKE_PREFIX_PATH}:/home/quandz/quantest_ws/install/thuattoan:/home/quandz/ros2_ws/install/quandeptrai:/opt/ros/humble /usr/bin/cmake --build /home/quandz/quantest_ws/build/my_robot_description -- -j16 -l16
[0.893s] INFO:colcon.colcon_core.task.python.build:Building Python package in '/home/quandz/quantest_ws/src/thuattoan'
[0.894s] INFO:colcon.colcon_core.shell:Skip shell extension 'powershell' for command environment: Not usable outside of PowerShell
[0.894s] DEBUG:colcon.colcon_core.shell:Skip shell extension 'dsv' for command environment
[0.900s] DEBUG:colcon.colcon_core.event_handler.log_command:Invoked command in '/home/quandz/quantest_ws/build/my_robot_description' returned '0': CMAKE_PREFIX_PATH=${CMAKE_PREFIX_PATH}:/home/quandz/quantest_ws/install/thuattoan:/home/quandz/ros2_ws/install/quandeptrai:/opt/ros/humble /usr/bin/cmake --build /home/quandz/quantest_ws/build/my_robot_description -- -j16 -l16
[0.914s] DEBUG:colcon.colcon_core.event_handler.log_command:Invoking command in '/home/quandz/quantest_ws/build/my_robot_description': CMAKE_PREFIX_PATH=${CMAKE_PREFIX_PATH}:/home/quandz/quantest_ws/install/thuattoan:/home/quandz/ros2_ws/install/quandeptrai:/opt/ros/humble /usr/bin/cmake --install /home/quandz/quantest_ws/build/my_robot_description
[0.957s] Level 1:colcon.colcon_core.environment:create_environment_scripts_only(my_robot_description)
[0.958s] DEBUG:colcon.colcon_core.event_handler.log_command:Invoked command in '/home/quandz/quantest_ws/build/my_robot_description' returned '0': CMAKE_PREFIX_PATH=${CMAKE_PREFIX_PATH}:/home/quandz/quantest_ws/install/thuattoan:/home/quandz/ros2_ws/install/quandeptrai:/opt/ros/humble /usr/bin/cmake --install /home/quandz/quantest_ws/build/my_robot_description
[0.964s] Level 1:colcon.colcon_core.environment:checking '/home/quandz/quantest_ws/install/my_robot_description' for CMake module files
[0.964s] Level 1:colcon.colcon_core.environment:checking '/home/quandz/quantest_ws/install/my_robot_description' for CMake config files
[0.964s] Level 1:colcon.colcon_core.shell:create_environment_hook('my_robot_description', 'cmake_prefix_path')
[0.965s] INFO:colcon.colcon_core.shell:Creating environment hook '/home/quandz/quantest_ws/install/my_robot_description/share/my_robot_description/hook/cmake_prefix_path.ps1'
[0.965s] INFO:colcon.colcon_core.shell:Creating environment descriptor '/home/quandz/quantest_ws/install/my_robot_description/share/my_robot_description/hook/cmake_prefix_path.dsv'
[0.966s] INFO:colcon.colcon_core.shell:Creating environment hook '/home/quandz/quantest_ws/install/my_robot_description/share/my_robot_description/hook/cmake_prefix_path.sh'
[0.966s] Level 1:colcon.colcon_core.environment:checking '/home/quandz/quantest_ws/install/my_robot_description/bin'
[0.966s] Level 1:colcon.colcon_core.environment:checking '/home/quandz/quantest_ws/install/my_robot_description/lib/pkgconfig/my_robot_description.pc'
[0.967s] Level 1:colcon.colcon_core.environment:checking '/home/quandz/quantest_ws/install/my_robot_description/lib/python3.10/site-packages'
[0.967s] Level 1:colcon.colcon_core.environment:checking '/home/quandz/quantest_ws/install/my_robot_description/bin'
[0.967s] INFO:colcon.colcon_core.shell:Creating package script '/home/quandz/quantest_ws/install/my_robot_description/share/my_robot_description/package.ps1'
[0.968s] INFO:colcon.colcon_core.shell:Creating package descriptor '/home/quandz/quantest_ws/install/my_robot_description/share/my_robot_description/package.dsv'
[0.969s] INFO:colcon.colcon_core.shell:Creating package script '/home/quandz/quantest_ws/install/my_robot_description/share/my_robot_description/package.sh'
[0.970s] INFO:colcon.colcon_core.shell:Creating package script '/home/quandz/quantest_ws/install/my_robot_description/share/my_robot_description/package.bash'
[0.971s] INFO:colcon.colcon_core.shell:Creating package script '/home/quandz/quantest_ws/install/my_robot_description/share/my_robot_description/package.zsh'
[0.972s] Level 1:colcon.colcon_core.environment:create_file_with_runtime_dependencies(/home/quandz/quantest_ws/install/my_robot_description/share/colcon-core/packages/my_robot_description)
[0.973s] Level 1:colcon.colcon_core.environment:create_environment_scripts_only(my_robot_description)
[0.973s] Level 1:colcon.colcon_core.environment:checking '/home/quandz/quantest_ws/install/my_robot_description' for CMake module files
[0.974s] Level 1:colcon.colcon_core.environment:checking '/home/quandz/quantest_ws/install/my_robot_description' for CMake config files
[0.974s] Level 1:colcon.colcon_core.shell:create_environment_hook('my_robot_description', 'cmake_prefix_path')
[0.974s] INFO:colcon.colcon_core.shell:Creating environment hook '/home/quandz/quantest_ws/install/my_robot_description/share/my_robot_description/hook/cmake_prefix_path.ps1'
[0.974s] INFO:colcon.colcon_core.shell:Creating environment descriptor '/home/quandz/quantest_ws/install/my_robot_description/share/my_robot_description/hook/cmake_prefix_path.dsv'
[0.975s] INFO:colcon.colcon_core.shell:Creating environment hook '/home/quandz/quantest_ws/install/my_robot_description/share/my_robot_description/hook/cmake_prefix_path.sh'
[0.975s] Level 1:colcon.colcon_core.environment:checking '/home/quandz/quantest_ws/install/my_robot_description/bin'
[0.975s] Level 1:colcon.colcon_core.environment:checking '/home/quandz/quantest_ws/install/my_robot_description/lib/pkgconfig/my_robot_description.pc'
[0.976s] Level 1:colcon.colcon_core.environment:checking '/home/quandz/quantest_ws/install/my_robot_description/lib/python3.10/site-packages'
[0.976s] Level 1:colcon.colcon_core.environment:checking '/home/quandz/quantest_ws/install/my_robot_description/bin'
[0.976s] INFO:colcon.colcon_core.shell:Creating package script '/home/quandz/quantest_ws/install/my_robot_description/share/my_robot_description/package.ps1'
[0.977s] INFO:colcon.colcon_core.shell:Creating package descriptor '/home/quandz/quantest_ws/install/my_robot_description/share/my_robot_description/package.dsv'
[0.977s] INFO:colcon.colcon_core.shell:Creating package script '/home/quandz/quantest_ws/install/my_robot_description/share/my_robot_description/package.sh'
[0.978s] INFO:colcon.colcon_core.shell:Creating package script '/home/quandz/quantest_ws/install/my_robot_description/share/my_robot_description/package.bash'
[0.978s] INFO:colcon.colcon_core.shell:Creating package script '/home/quandz/quantest_ws/install/my_robot_description/share/my_robot_description/package.zsh'
[0.978s] Level 1:colcon.colcon_core.environment:create_file_with_runtime_dependencies(/home/quandz/quantest_ws/install/my_robot_description/share/colcon-core/packages/my_robot_description)
[0.979s] INFO:colcon.colcon_ros.task.ament_cmake.build:Building ROS package in '/home/quandz/quantest_ws/src/old_gazebo_code/my_robot_bringup' with build type 'ament_cmake'
[0.980s] INFO:colcon.colcon_cmake.task.cmake.build:Building CMake package in '/home/quandz/quantest_ws/src/old_gazebo_code/my_robot_bringup'
[0.980s] INFO:colcon.colcon_core.shell:Skip shell extension 'powershell' for command environment: Not usable outside of PowerShell
[0.980s] DEBUG:colcon.colcon_core.shell:Skip shell extension 'dsv' for command environment
[1.021s] DEBUG:colcon.colcon_core.event_handler.log_command:Invoking command in '/home/quandz/quantest_ws/build/my_robot_bringup': CMAKE_PREFIX_PATH=/home/quandz/quantest_ws/install/my_robot_description:/home/quandz/quantest_ws/install/my_robot_bringup:/home/quandz/ros2_ws/install/my_robot_description:/home/quandz/ros2_ws/install/articubot_one:/home/quandz/quantest_ws/install/thuattoan:/home/quandz/ros2_ws/install/quandeptrai:/opt/ros/humble /usr/bin/cmake --build /home/quandz/quantest_ws/build/my_robot_bringup -- -j16 -l16
[1.067s] DEBUG:colcon.colcon_core.event_handler.log_command:Invoked command in '/home/quandz/quantest_ws/build/my_robot_bringup' returned '0': CMAKE_PREFIX_PATH=/home/quandz/quantest_ws/install/my_robot_description:/home/quandz/quantest_ws/install/my_robot_bringup:/home/quandz/ros2_ws/install/my_robot_description:/home/quandz/ros2_ws/install/articubot_one:/home/quandz/quantest_ws/install/thuattoan:/home/quandz/ros2_ws/install/quandeptrai:/opt/ros/humble /usr/bin/cmake --build /home/quandz/quantest_ws/build/my_robot_bringup -- -j16 -l16
[1.070s] DEBUG:colcon.colcon_core.event_handler.log_command:Invoking command in '/home/quandz/quantest_ws/build/my_robot_bringup': CMAKE_PREFIX_PATH=/home/quandz/quantest_ws/install/my_robot_description:/home/quandz/quantest_ws/install/my_robot_bringup:/home/quandz/ros2_ws/install/my_robot_description:/home/quandz/ros2_ws/install/articubot_one:/home/quandz/quantest_ws/install/thuattoan:/home/quandz/ros2_ws/install/quandeptrai:/opt/ros/humble /usr/bin/cmake --install /home/quandz/quantest_ws/build/my_robot_bringup
[1.096s] Level 1:colcon.colcon_core.environment:create_environment_scripts_only(my_robot_bringup)
[1.097s] Level 1:colcon.colcon_core.environment:checking '/home/quandz/quantest_ws/install/my_robot_bringup' for CMake module files
[1.097s] DEBUG:colcon.colcon_core.event_handler.log_command:Invoked command in '/home/quandz/quantest_ws/build/my_robot_bringup' returned '0': CMAKE_PREFIX_PATH=/home/quandz/quantest_ws/install/my_robot_description:/home/quandz/quantest_ws/install/my_robot_bringup:/home/quandz/ros2_ws/install/my_robot_description:/home/quandz/ros2_ws/install/articubot_one:/home/quandz/quantest_ws/install/thuattoan:/home/quandz/ros2_ws/install/quandeptrai:/opt/ros/humble /usr/bin/cmake --install /home/quandz/quantest_ws/build/my_robot_bringup
[1.098s] Level 1:colcon.colcon_core.environment:checking '/home/quandz/quantest_ws/install/my_robot_bringup' for CMake config files
[1.098s] Level 1:colcon.colcon_core.shell:create_environment_hook('my_robot_bringup', 'cmake_prefix_path')
[1.098s] INFO:colcon.colcon_core.shell:Creating environment hook '/home/quandz/quantest_ws/install/my_robot_bringup/share/my_robot_bringup/hook/cmake_prefix_path.ps1'
[1.099s] INFO:colcon.colcon_core.shell:Creating environment descriptor '/home/quandz/quantest_ws/install/my_robot_bringup/share/my_robot_bringup/hook/cmake_prefix_path.dsv'
[1.099s] INFO:colcon.colcon_core.shell:Creating environment hook '/home/quandz/quantest_ws/install/my_robot_bringup/share/my_robot_bringup/hook/cmake_prefix_path.sh'
[1.100s] Level 1:colcon.colcon_core.environment:checking '/home/quandz/quantest_ws/install/my_robot_bringup/bin'
[1.100s] Level 1:colcon.colcon_core.environment:checking '/home/quandz/quantest_ws/install/my_robot_bringup/lib/pkgconfig/my_robot_bringup.pc'
[1.100s] Level 1:colcon.colcon_core.environment:checking '/home/quandz/quantest_ws/install/my_robot_bringup/lib/python3.10/site-packages'
[1.100s] Level 1:colcon.colcon_core.environment:checking '/home/quandz/quantest_ws/install/my_robot_bringup/bin'
[1.101s] INFO:colcon.colcon_core.shell:Creating package script '/home/quandz/quantest_ws/install/my_robot_bringup/share/my_robot_bringup/package.ps1'
[1.101s] INFO:colcon.colcon_core.shell:Creating package descriptor '/home/quandz/quantest_ws/install/my_robot_bringup/share/my_robot_bringup/package.dsv'
[1.102s] INFO:colcon.colcon_core.shell:Creating package script '/home/quandz/quantest_ws/install/my_robot_bringup/share/my_robot_bringup/package.sh'
[1.102s] INFO:colcon.colcon_core.shell:Creating package script '/home/quandz/quantest_ws/install/my_robot_bringup/share/my_robot_bringup/package.bash'
[1.102s] INFO:colcon.colcon_core.shell:Creating package script '/home/quandz/quantest_ws/install/my_robot_bringup/share/my_robot_bringup/package.zsh'
[1.103s] Level 1:colcon.colcon_core.environment:create_file_with_runtime_dependencies(/home/quandz/quantest_ws/install/my_robot_bringup/share/colcon-core/packages/my_robot_bringup)
[1.104s] Level 1:colcon.colcon_core.environment:create_environment_scripts_only(my_robot_bringup)
[1.104s] Level 1:colcon.colcon_core.environment:checking '/home/quandz/quantest_ws/install/my_robot_bringup' for CMake module files
[1.104s] Level 1:colcon.colcon_core.environment:checking '/home/quandz/quantest_ws/install/my_robot_bringup' for CMake config files
[1.104s] Level 1:colcon.colcon_core.shell:create_environment_hook('my_robot_bringup', 'cmake_prefix_path')
[1.105s] INFO:colcon.colcon_core.shell:Creating environment hook '/home/quandz/quantest_ws/install/my_robot_bringup/share/my_robot_bringup/hook/cmake_prefix_path.ps1'
[1.105s] INFO:colcon.colcon_core.shell:Creating environment descriptor '/home/quandz/quantest_ws/install/my_robot_bringup/share/my_robot_bringup/hook/cmake_prefix_path.dsv'
[1.105s] INFO:colcon.colcon_core.shell:Creating environment hook '/home/quandz/quantest_ws/install/my_robot_bringup/share/my_robot_bringup/hook/cmake_prefix_path.sh'
[1.106s] Level 1:colcon.colcon_core.environment:checking '/home/quandz/quantest_ws/install/my_robot_bringup/bin'
[1.106s] Level 1:colcon.colcon_core.environment:checking '/home/quandz/quantest_ws/install/my_robot_bringup/lib/pkgconfig/my_robot_bringup.pc'
[1.106s] Level 1:colcon.colcon_core.environment:checking '/home/quandz/quantest_ws/install/my_robot_bringup/lib/python3.10/site-packages'
[1.107s] Level 1:colcon.colcon_core.environment:checking '/home/quandz/quantest_ws/install/my_robot_bringup/bin'
[1.107s] INFO:colcon.colcon_core.shell:Creating package script '/home/quandz/quantest_ws/install/my_robot_bringup/share/my_robot_bringup/package.ps1'
[1.107s] INFO:colcon.colcon_core.shell:Creating package descriptor '/home/quandz/quantest_ws/install/my_robot_bringup/share/my_robot_bringup/package.dsv'
[1.108s] INFO:colcon.colcon_core.shell:Creating package script '/home/quandz/quantest_ws/install/my_robot_bringup/share/my_robot_bringup/package.sh'
[1.108s] INFO:colcon.colcon_core.shell:Creating package script '/home/quandz/quantest_ws/install/my_robot_bringup/share/my_robot_bringup/package.bash'
[1.109s] INFO:colcon.colcon_core.shell:Creating package script '/home/quandz/quantest_ws/install/my_robot_bringup/share/my_robot_bringup/package.zsh'
[1.109s] Level 1:colcon.colcon_core.environment:create_file_with_runtime_dependencies(/home/quandz/quantest_ws/install/my_robot_bringup/share/colcon-core/packages/my_robot_bringup)
[1.488s] DEBUG:colcon.colcon_core.event_handler.log_command:Invoking command in '/home/quandz/quantest_ws/build/thuattoan': PYTHONPATH=/home/quandz/quantest_ws/build/thuattoan/prefix_override:/usr/lib/python3/dist-packages/colcon_core/task/python/colcon_distutils_commands:/home/quandz/quantest_ws/install/thuattoan/lib/python3.10/site-packages:${PYTHONPATH} /usr/bin/python3 -W ignore:setup.py install is deprecated -W ignore:easy_install command is deprecated setup.py develop --editable --build-directory /home/quandz/quantest_ws/build/thuattoan/build --no-deps symlink_data
[1.969s] Level 1:colcon.colcon_core.shell:create_environment_hook('thuattoan', 'pythonpath_develop')
[1.970s] INFO:colcon.colcon_core.shell:Creating environment hook '/home/quandz/quantest_ws/build/thuattoan/share/thuattoan/hook/pythonpath_develop.ps1'
[1.970s] DEBUG:colcon.colcon_core.event_handler.log_command:Invoked command in '/home/quandz/quantest_ws/build/thuattoan' returned '0': PYTHONPATH=/home/quandz/quantest_ws/build/thuattoan/prefix_override:/usr/lib/python3/dist-packages/colcon_core/task/python/colcon_distutils_commands:/home/quandz/quantest_ws/install/thuattoan/lib/python3.10/site-packages:${PYTHONPATH} /usr/bin/python3 -W ignore:setup.py install is deprecated -W ignore:easy_install command is deprecated setup.py develop --editable --build-directory /home/quandz/quantest_ws/build/thuattoan/build --no-deps symlink_data
[1.971s] INFO:colcon.colcon_core.shell:Creating environment descriptor '/home/quandz/quantest_ws/build/thuattoan/share/thuattoan/hook/pythonpath_develop.dsv'
[1.972s] INFO:colcon.colcon_core.shell:Creating environment hook '/home/quandz/quantest_ws/build/thuattoan/share/thuattoan/hook/pythonpath_develop.sh'
[1.972s] Level 1:colcon.colcon_core.environment:checking '/home/quandz/quantest_ws/install/thuattoan' for CMake module files
[1.973s] Level 1:colcon.colcon_core.environment:checking '/home/quandz/quantest_ws/install/thuattoan' for CMake config files
[1.973s] Level 1:colcon.colcon_core.environment:checking '/home/quandz/quantest_ws/install/thuattoan/lib'
[1.974s] Level 1:colcon.colcon_core.environment:checking '/home/quandz/quantest_ws/install/thuattoan/bin'
[1.974s] Level 1:colcon.colcon_core.environment:checking '/home/quandz/quantest_ws/install/thuattoan/lib/pkgconfig/thuattoan.pc'
[1.974s] Level 1:colcon.colcon_core.environment:checking '/home/quandz/quantest_ws/install/thuattoan/lib/python3.10/site-packages'
[1.974s] Level 1:colcon.colcon_core.shell:create_environment_hook('thuattoan', 'pythonpath')
[1.974s] INFO:colcon.colcon_core.shell:Creating environment hook '/home/quandz/quantest_ws/install/thuattoan/share/thuattoan/hook/pythonpath.ps1'
[1.975s] INFO:colcon.colcon_core.shell:Creating environment descriptor '/home/quandz/quantest_ws/install/thuattoan/share/thuattoan/hook/pythonpath.dsv'
[1.975s] INFO:colcon.colcon_core.shell:Creating environment hook '/home/quandz/quantest_ws/install/thuattoan/share/thuattoan/hook/pythonpath.sh'
[1.976s] Level 1:colcon.colcon_core.environment:checking '/home/quandz/quantest_ws/install/thuattoan/bin'
[1.976s] Level 1:colcon.colcon_core.environment:create_environment_scripts_only(thuattoan)
[1.976s] INFO:colcon.colcon_core.shell:Creating package script '/home/quandz/quantest_ws/install/thuattoan/share/thuattoan/package.ps1'
[1.977s] INFO:colcon.colcon_core.shell:Creating package descriptor '/home/quandz/quantest_ws/install/thuattoan/share/thuattoan/package.dsv'
[1.978s] INFO:colcon.colcon_core.shell:Creating package script '/home/quandz/quantest_ws/install/thuattoan/share/thuattoan/package.sh'
[1.978s] INFO:colcon.colcon_core.shell:Creating package script '/home/quandz/quantest_ws/install/thuattoan/share/thuattoan/package.bash'
[1.979s] INFO:colcon.colcon_core.shell:Creating package script '/home/quandz/quantest_ws/install/thuattoan/share/thuattoan/package.zsh'
[1.979s] Level 1:colcon.colcon_core.environment:create_file_with_runtime_dependencies(/home/quandz/quantest_ws/install/thuattoan/share/colcon-core/packages/thuattoan)
[1.979s] DEBUG:colcon.colcon_parallel_executor.executor.parallel:closing loop
[1.980s] DEBUG:colcon.colcon_parallel_executor.executor.parallel:loop closed
[1.980s] DEBUG:colcon.colcon_parallel_executor.executor.parallel:run_until_complete finished with '0'
[1.981s] DEBUG:colcon.colcon_core.event_reactor:joining thread
[2.014s] INFO:colcon.colcon_core.plugin_system:Skipping extension 'colcon_notification.desktop_notification.notify_send': Could not find 'notify-send'
[2.014s] INFO:colcon.colcon_core.plugin_system:Skipping extension 'colcon_notification.desktop_notification.terminal_notifier': Not used on non-Darwin systems
[2.014s] INFO:colcon.colcon_core.plugin_system:Skipping extension 'colcon_notification.desktop_notification.win32': Not used on non-Windows systems
[2.014s] INFO:colcon.colcon_notification.desktop_notification:Sending desktop notification using 'notify2'
[2.014s] DEBUG:colcon.colcon_notification.desktop_notification.notify2:Failed to initialize notify2: org.freedesktop.DBus.Error.FileNotFound: Failed to connect to socket /run/user/1000/bus: No such file or directory
[2.015s] DEBUG:colcon.colcon_core.event_reactor:joined thread
[2.015s] INFO:colcon.colcon_core.shell:Creating prefix script '/home/quandz/quantest_ws/install/local_setup.ps1'
[2.016s] INFO:colcon.colcon_core.shell:Creating prefix util module '/home/quandz/quantest_ws/install/_local_setup_util_ps1.py'
[2.018s] INFO:colcon.colcon_core.shell:Creating prefix chain script '/home/quandz/quantest_ws/install/setup.ps1'
[2.019s] INFO:colcon.colcon_core.shell:Creating prefix script '/home/quandz/quantest_ws/install/local_setup.sh'
[2.020s] INFO:colcon.colcon_core.shell:Creating prefix util module '/home/quandz/quantest_ws/install/_local_setup_util_sh.py'
[2.021s] INFO:colcon.colcon_core.shell:Creating prefix chain script '/home/quandz/quantest_ws/install/setup.sh'
[2.022s] INFO:colcon.colcon_core.shell:Creating prefix script '/home/quandz/quantest_ws/install/local_setup.bash'
[2.023s] INFO:colcon.colcon_core.shell:Creating prefix chain script '/home/quandz/quantest_ws/install/setup.bash'
[2.025s] INFO:colcon.colcon_core.shell:Creating prefix script '/home/quandz/quantest_ws/install/local_setup.zsh'
[2.025s] INFO:colcon.colcon_core.shell:Creating prefix chain script '/home/quandz/quantest_ws/install/setup.zsh'
