[0.021s] Invoking command in '/home/quanzz/quandeptrai/build/my_robot_description': CMAKE_PREFIX_PATH=/opt/ros/humble /usr/bin/cmake /home/quanzz/quandeptrai/src/old_gazebo_code/my_robot_description -DCMAKE_INSTALL_PREFIX=/home/quanzz/quandeptrai/install/my_robot_description
[0.199s] -- The C compiler identification is GNU 11.4.0
[0.559s] -- The CXX compiler identification is GNU 11.4.0
[0.780s] -- Detecting C compiler ABI info
[0.909s] -- Detecting C compiler ABI info - done
[0.915s] -- Check for working C compiler: /usr/bin/cc - skipped
[0.916s] -- Detecting C compile features
[0.917s] -- Detecting C compile features - done
[0.921s] -- Detecting CXX compiler ABI info
[1.057s] -- Detecting CXX compiler ABI info - done
[1.063s] -- Check for working CXX compiler: /usr/bin/c++ - skipped
[1.063s] -- Detecting CXX compile features
[1.064s] -- Detecting CXX compile features - done
[1.068s] -- Found ament_cmake: 1.3.12 (/opt/ros/humble/share/ament_cmake/cmake)
[1.213s] -- Found Python3: /usr/bin/python3 (found version "3.10.12") found components: Interpreter 
[1.382s] -- Configuring done
[1.389s] -- Generating done
[1.391s] -- Build files have been written to: /home/quanzz/quandeptrai/build/my_robot_description
[1.396s] Invoked command in '/home/quanzz/quandeptrai/build/my_robot_description' returned '0': CMAKE_PREFIX_PATH=/opt/ros/humble /usr/bin/cmake /home/quanzz/quandeptrai/src/old_gazebo_code/my_robot_description -DCMAKE_INSTALL_PREFIX=/home/quanzz/quandeptrai/install/my_robot_description
[1.399s] Invoking command in '/home/quanzz/quandeptrai/build/my_robot_description': CMAKE_PREFIX_PATH=/opt/ros/humble /usr/bin/cmake --build /home/quanzz/quandeptrai/build/my_robot_description -- -j16 -l16
[1.442s] Invoked command in '/home/quanzz/quandeptrai/build/my_robot_description' returned '0': CMAKE_PREFIX_PATH=/opt/ros/humble /usr/bin/cmake --build /home/quanzz/quandeptrai/build/my_robot_description -- -j16 -l16
[1.455s] Invoking command in '/home/quanzz/quandeptrai/build/my_robot_description': CMAKE_PREFIX_PATH=/opt/ros/humble /usr/bin/cmake --install /home/quanzz/quandeptrai/build/my_robot_description
[1.462s] -- Install configuration: ""
[1.463s] -- Installing: /home/quanzz/quandeptrai/install/my_robot_description/share/my_robot_description//urdf
[1.465s] -- Installing: /home/quanzz/quandeptrai/install/my_robot_description/share/my_robot_description//urdf/gazebo_control.xacro
[1.465s] -- Installing: /home/quanzz/quandeptrai/install/my_robot_description/share/my_robot_description//urdf/my_robot.urdf.xacro
[1.465s] -- Installing: /home/quanzz/quandeptrai/install/my_robot_description/share/my_robot_description//urdf/common_properties.xacro
[1.465s] -- Installing: /home/quanzz/quandeptrai/install/my_robot_description/share/my_robot_description//urdf/mobile_base_gazebo.xacro
[1.466s] -- Installing: /home/quanzz/quandeptrai/install/my_robot_description/share/my_robot_description//urdf/deepcamera.xacro
[1.466s] -- Installing: /home/quanzz/quandeptrai/install/my_robot_description/share/my_robot_description//urdf/lidar.xacro
[1.466s] -- Installing: /home/quanzz/quandeptrai/install/my_robot_description/share/my_robot_description//urdf/camera.xacro
[1.466s] -- Installing: /home/quanzz/quandeptrai/install/my_robot_description/share/my_robot_description//urdf/mobile_base.xacro
[1.467s] -- Installing: /home/quanzz/quandeptrai/install/my_robot_description/share/my_robot_description//urdf/ros2_control.xacro
[1.467s] -- Installing: /home/quanzz/quandeptrai/install/my_robot_description/share/my_robot_description//launch
[1.467s] -- Installing: /home/quanzz/quandeptrai/install/my_robot_description/share/my_robot_description//launch/gazebo.py
[1.468s] -- Installing: /home/quanzz/quandeptrai/install/my_robot_description/share/my_robot_description//launch/rviz2.py
[1.468s] -- Installing: /home/quanzz/quandeptrai/install/my_robot_description/share/my_robot_description//rviz
[1.468s] -- Installing: /home/quanzz/quandeptrai/install/my_robot_description/share/my_robot_description//rviz/urdf_config.rviz
[1.469s] -- Installing: /home/quanzz/quandeptrai/install/my_robot_description/share/my_robot_description//rviz/quanrviz2.rviz
[1.470s] -- Installing: /home/quanzz/quandeptrai/install/my_robot_description/share/ament_index/resource_index/package_run_dependencies/my_robot_description
[1.471s] -- Installing: /home/quanzz/quandeptrai/install/my_robot_description/share/ament_index/resource_index/parent_prefix_path/my_robot_description
[1.471s] -- Installing: /home/quanzz/quandeptrai/install/my_robot_description/share/my_robot_description/environment/ament_prefix_path.sh
[1.471s] -- Installing: /home/quanzz/quandeptrai/install/my_robot_description/share/my_robot_description/environment/ament_prefix_path.dsv
[1.472s] -- Installing: /home/quanzz/quandeptrai/install/my_robot_description/share/my_robot_description/environment/path.sh
[1.472s] -- Installing: /home/quanzz/quandeptrai/install/my_robot_description/share/my_robot_description/environment/path.dsv
[1.472s] -- Installing: /home/quanzz/quandeptrai/install/my_robot_description/share/my_robot_description/local_setup.bash
[1.472s] -- Installing: /home/quanzz/quandeptrai/install/my_robot_description/share/my_robot_description/local_setup.sh
[1.473s] -- Installing: /home/quanzz/quandeptrai/install/my_robot_description/share/my_robot_description/local_setup.zsh
[1.473s] -- Installing: /home/quanzz/quandeptrai/install/my_robot_description/share/my_robot_description/local_setup.dsv
[1.473s] -- Installing: /home/quanzz/quandeptrai/install/my_robot_description/share/my_robot_description/package.dsv
[1.474s] -- Installing: /home/quanzz/quandeptrai/install/my_robot_description/share/ament_index/resource_index/packages/my_robot_description
[1.474s] -- Installing: /home/quanzz/quandeptrai/install/my_robot_description/share/my_robot_description/cmake/my_robot_descriptionConfig.cmake
[1.474s] -- Installing: /home/quanzz/quandeptrai/install/my_robot_description/share/my_robot_description/cmake/my_robot_descriptionConfig-version.cmake
[1.475s] -- Installing: /home/quanzz/quandeptrai/install/my_robot_description/share/my_robot_description/package.xml
[1.477s] Invoked command in '/home/quanzz/quandeptrai/build/my_robot_description' returned '0': CMAKE_PREFIX_PATH=/opt/ros/humble /usr/bin/cmake --install /home/quanzz/quandeptrai/build/my_robot_description
